[0.018s] Invoking command in '/home/kevin/Documents/Thrust_Control/plot_ws/build/thrust_msgs': CMAKE_PREFIX_PATH=${CMAKE_PREFIX_PATH}:/home/kevin/Documents/Thrust_Control/plot_ws/install/thrust_plot:/opt/ros/galactic /usr/bin/cmake --build /home/kevin/Documents/Thrust_Control/plot_ws/build/thrust_msgs -- -j8 -l8
[0.050s] -- Found ament_cmake: 1.1.5 (/opt/ros/galactic/share/ament_cmake/cmake)
[0.079s] -- Found PythonInterp: /usr/bin/python3 (found suitable version "3.8.10", minimum required is "3") 
[0.079s] -- Using PYTHON_EXECUTABLE: /usr/bin/python3
[0.143s] -- Override CMake install command with custom implementation using symlinks instead of copying resources
[0.157s] -- Found ament_lint_auto: 0.10.7 (/opt/ros/galactic/share/ament_lint_auto/cmake)
[0.224s] -- Found rosidl_default_generators: 1.1.1 (/opt/ros/galactic/share/rosidl_default_generators/cmake)
[0.226s] -- Using all available rosidl_typesupport_c: rosidl_typesupport_fastrtps_c;rosidl_typesupport_introspection_c
[0.231s] -- Found rosidl_adapter: 2.2.2 (/opt/ros/galactic/share/rosidl_adapter/cmake)
[0.370s] -- Using all available rosidl_typesupport_cpp: rosidl_typesupport_fastrtps_cpp;rosidl_typesupport_introspection_cpp
[0.396s] -- Found std_msgs: 2.2.4 (/opt/ros/galactic/share/std_msgs/cmake)
[0.458s] -- Found PythonInterp: /usr/bin/python3 (found version "3.8.10") 
[0.560s] -- Found ament_cmake_ros: 0.9.2 (/opt/ros/galactic/share/ament_cmake_ros/cmake)
[0.735s] -- Using all available rosidl_typesupport_c: rosidl_typesupport_fastrtps_c;rosidl_typesupport_introspection_c
[0.800s] -- Using all available rosidl_typesupport_cpp: rosidl_typesupport_fastrtps_cpp;rosidl_typesupport_introspection_cpp
[0.830s] -- Found PythonInterp: /usr/bin/python3 (found suitable version "3.8.10", minimum required is "3.5") 
[0.831s] -- Found python_cmake_module: 0.8.1 (/opt/ros/galactic/share/python_cmake_module/cmake)
[0.859s] -- Using PYTHON_EXECUTABLE: /usr/bin/python3
[0.859s] -- Using PYTHON_INCLUDE_DIRS: /usr/include/python3.8
[0.859s] -- Using PYTHON_LIBRARIES: /usr/lib/x86_64-linux-gnu/libpython3.8.so
[0.902s] -- Added test 'copyright' to check source files copyright and LICENSE
[0.903s] -- Added test 'lint_cmake' to check CMake code style
[0.904s] -- Added test 'xmllint' to check XML markup files
[0.914s] -- Configuring done
[0.960s] -- Generating done
[0.963s] -- Build files have been written to: /home/kevin/Documents/Thrust_Control/plot_ws/build/thrust_msgs
[0.987s] [  3%] [34m[1mGenerating C code for ROS interfaces[0m
[0.998s] [  6%] [34m[1mGenerating C++ code for ROS interfaces[0m
[1.336s] [35m[1mScanning dependencies of target thrust_msgs__rosidl_generator_c[0m
[1.345s] [  6%] Built target thrust_msgs__cpp
[1.349s] [  9%] [32mBuilding C object CMakeFiles/thrust_msgs__rosidl_generator_c.dir/rosidl_generator_c/thrust_msgs/msg/detail/thrust__functions.c.o[0m
[1.356s] [ 19%] [34m[1mGenerating C++ type support for eProsima Fast-RTPS[0m
[1.357s] [ 19%] [34m[1mGenerating C++ introspection for ROS interfaces[0m
[1.357s] [ 19%] [34m[1mGenerating C++ type support dispatch for ROS interfaces[0m
[1.402s] [ 22%] [32m[1mLinking C shared library libthrust_msgs__rosidl_generator_c.so[0m
[1.449s] [ 22%] Built target thrust_msgs__rosidl_generator_c
[1.462s] [ 25%] [34m[1mGenerating C introspection for ROS interfaces[0m
[1.466s] [ 29%] [34m[1mGenerating C type support dispatch for ROS interfaces[0m
[1.763s] [35m[1mScanning dependencies of target thrust_msgs__rosidl_typesupport_introspection_cpp[0m
[1.769s] [35m[1mScanning dependencies of target thrust_msgs__rosidl_typesupport_fastrtps_cpp[0m
[1.779s] [ 32%] [32mBuilding CXX object CMakeFiles/thrust_msgs__rosidl_typesupport_introspection_cpp.dir/rosidl_typesupport_introspection_cpp/thrust_msgs/msg/detail/thrust__type_support.cpp.o[0m
[1.785s] [ 35%] [32mBuilding CXX object CMakeFiles/thrust_msgs__rosidl_typesupport_fastrtps_cpp.dir/rosidl_typesupport_fastrtps_cpp/thrust_msgs/msg/detail/dds_fastrtps/thrust__type_support.cpp.o[0m
[1.936s] [35m[1mScanning dependencies of target thrust_msgs__rosidl_typesupport_cpp[0m
[1.956s] [ 38%] [32mBuilding CXX object CMakeFiles/thrust_msgs__rosidl_typesupport_cpp.dir/rosidl_typesupport_cpp/thrust_msgs/msg/thrust__type_support.cpp.o[0m
[2.035s] [35m[1mScanning dependencies of target thrust_msgs__rosidl_typesupport_introspection_c[0m
[2.060s] [ 41%] [32mBuilding C object CMakeFiles/thrust_msgs__rosidl_typesupport_introspection_c.dir/rosidl_typesupport_introspection_c/thrust_msgs/msg/detail/thrust__type_support.c.o[0m
[2.091s] [35m[1mScanning dependencies of target thrust_msgs__rosidl_typesupport_c[0m
[2.110s] [ 45%] [32mBuilding CXX object CMakeFiles/thrust_msgs__rosidl_typesupport_c.dir/rosidl_typesupport_c/thrust_msgs/msg/thrust__type_support.cpp.o[0m
[2.113s] [ 48%] [32m[1mLinking C shared library libthrust_msgs__rosidl_typesupport_introspection_c.so[0m
[2.156s] [ 51%] [32m[1mLinking CXX shared library libthrust_msgs__rosidl_typesupport_c.so[0m
[2.166s] [ 51%] Built target thrust_msgs__rosidl_typesupport_introspection_c
[2.171s] [ 54%] [32m[1mLinking CXX shared library libthrust_msgs__rosidl_typesupport_introspection_cpp.so[0m
[2.206s] [ 54%] Built target thrust_msgs__rosidl_typesupport_c
[2.255s] [ 54%] Built target thrust_msgs__rosidl_typesupport_introspection_cpp
[2.394s] [ 58%] [32m[1mLinking CXX shared library libthrust_msgs__rosidl_typesupport_cpp.so[0m
[2.398s] [ 61%] [32m[1mLinking CXX shared library libthrust_msgs__rosidl_typesupport_fastrtps_cpp.so[0m
[2.437s] [ 61%] Built target thrust_msgs__rosidl_typesupport_cpp
[2.504s] [ 61%] Built target thrust_msgs__rosidl_typesupport_fastrtps_cpp
[2.516s] [ 64%] [34m[1mGenerating C type support for eProsima Fast-RTPS[0m
[2.850s] [35m[1mScanning dependencies of target thrust_msgs__rosidl_typesupport_fastrtps_c[0m
[2.864s] [ 67%] [32mBuilding CXX object CMakeFiles/thrust_msgs__rosidl_typesupport_fastrtps_c.dir/rosidl_typesupport_fastrtps_c/thrust_msgs/msg/detail/thrust__type_support_c.cpp.o[0m
[3.205s] [ 70%] [32m[1mLinking CXX shared library libthrust_msgs__rosidl_typesupport_fastrtps_c.so[0m
[3.305s] [ 70%] Built target thrust_msgs__rosidl_typesupport_fastrtps_c
[3.326s] [ 70%] Built target thrust_msgs
[3.347s] [ 74%] [34m[1mGenerating Python code for ROS interfaces[0m
[3.959s] [ 74%] Built target thrust_msgs__py
[3.970s] [35m[1mScanning dependencies of target thrust_msgs__python[0m
[3.985s] [ 77%] [32mBuilding C object CMakeFiles/thrust_msgs__python.dir/rosidl_generator_py/thrust_msgs/msg/_thrust_s.c.o[0m
[4.082s] [ 80%] [32m[1mLinking C shared library rosidl_generator_py/thrust_msgs/libthrust_msgs__python.so[0m
[4.124s] [ 80%] Built target thrust_msgs__python
[4.136s] [35m[1mScanning dependencies of target thrust_msgs__rosidl_typesupport_fastrtps_c__pyext[0m
[4.136s] [35m[1mScanning dependencies of target thrust_msgs__rosidl_typesupport_c__pyext[0m
[4.136s] [35m[1mScanning dependencies of target thrust_msgs__rosidl_typesupport_introspection_c__pyext[0m
[4.157s] [ 87%] [32mBuilding C object CMakeFiles/thrust_msgs__rosidl_typesupport_c__pyext.dir/rosidl_generator_py/thrust_msgs/_thrust_msgs_s.ep.rosidl_typesupport_c.c.o[0m
[4.157s] [ 87%] [32mBuilding C object CMakeFiles/thrust_msgs__rosidl_typesupport_fastrtps_c__pyext.dir/rosidl_generator_py/thrust_msgs/_thrust_msgs_s.ep.rosidl_typesupport_fastrtps_c.c.o[0m
[4.158s] [ 90%] [32mBuilding C object CMakeFiles/thrust_msgs__rosidl_typesupport_introspection_c__pyext.dir/rosidl_generator_py/thrust_msgs/_thrust_msgs_s.ep.rosidl_typesupport_introspection_c.c.o[0m
[4.244s] [100%] [32m[1mLinking C shared library rosidl_generator_py/thrust_msgs/thrust_msgs_s__rosidl_typesupport_introspection_c.cpython-38-x86_64-linux-gnu.so[0m
[4.244s] [100%] [32m[1mLinking CXX shared library rosidl_generator_py/thrust_msgs/thrust_msgs_s__rosidl_typesupport_fastrtps_c.cpython-38-x86_64-linux-gnu.so[0m
[4.244s] [100%] [32m[1mLinking C shared library rosidl_generator_py/thrust_msgs/thrust_msgs_s__rosidl_typesupport_c.cpython-38-x86_64-linux-gnu.so[0m
[4.287s] [100%] Built target thrust_msgs__rosidl_typesupport_introspection_c__pyext
[4.287s] [100%] Built target thrust_msgs__rosidl_typesupport_c__pyext
[4.319s] [100%] Built target thrust_msgs__rosidl_typesupport_fastrtps_c__pyext
[4.330s] Invoked command in '/home/kevin/Documents/Thrust_Control/plot_ws/build/thrust_msgs' returned '0': CMAKE_PREFIX_PATH=${CMAKE_PREFIX_PATH}:/home/kevin/Documents/Thrust_Control/plot_ws/install/thrust_plot:/opt/ros/galactic /usr/bin/cmake --build /home/kevin/Documents/Thrust_Control/plot_ws/build/thrust_msgs -- -j8 -l8
[4.387s] Invoking command in '/home/kevin/Documents/Thrust_Control/plot_ws/build/thrust_msgs': CMAKE_PREFIX_PATH=${CMAKE_PREFIX_PATH}:/home/kevin/Documents/Thrust_Control/plot_ws/install/thrust_plot:/opt/ros/galactic /usr/bin/cmake --install /home/kevin/Documents/Thrust_Control/plot_ws/build/thrust_msgs
[4.396s] -- Install configuration: ""
[4.396s] -- Execute custom install script
[4.396s] -- Up-to-date symlink: /home/kevin/Documents/Thrust_Control/plot_ws/install/thrust_msgs/share/ament_index/resource_index/rosidl_interfaces/thrust_msgs
[4.397s] -- Up-to-date symlink: /home/kevin/Documents/Thrust_Control/plot_ws/install/thrust_msgs/include/thrust_msgs/msg/detail/thrust__functions.h
[4.397s] -- Up-to-date symlink: /home/kevin/Documents/Thrust_Control/plot_ws/install/thrust_msgs/include/thrust_msgs/msg/detail/thrust__struct.h
[4.397s] -- Up-to-date symlink: /home/kevin/Documents/Thrust_Control/plot_ws/install/thrust_msgs/include/thrust_msgs/msg/detail/thrust__type_support.h
[4.397s] -- Up-to-date symlink: /home/kevin/Documents/Thrust_Control/plot_ws/install/thrust_msgs/include/thrust_msgs/msg/rosidl_generator_c__visibility_control.h
[4.398s] -- Up-to-date symlink: /home/kevin/Documents/Thrust_Control/plot_ws/install/thrust_msgs/include/thrust_msgs/msg/thrust.h
[4.398s] -- Up-to-date symlink: /home/kevin/Documents/Thrust_Control/plot_ws/install/thrust_msgs/share/thrust_msgs/environment/library_path.sh
[4.398s] -- Up-to-date symlink: /home/kevin/Documents/Thrust_Control/plot_ws/install/thrust_msgs/share/thrust_msgs/environment/library_path.dsv
[4.399s] -- Up-to-date symlink: /home/kevin/Documents/Thrust_Control/plot_ws/install/thrust_msgs/include/thrust_msgs/msg/detail/thrust__rosidl_typesupport_fastrtps_c.h
[4.399s] -- Up-to-date symlink: /home/kevin/Documents/Thrust_Control/plot_ws/install/thrust_msgs/include/thrust_msgs/msg/rosidl_typesupport_fastrtps_c__visibility_control.h
[4.400s] -- Up-to-date symlink: /home/kevin/Documents/Thrust_Control/plot_ws/install/thrust_msgs/lib/libthrust_msgs__rosidl_typesupport_fastrtps_c.so
[4.400s] -- Up-to-date symlink: /home/kevin/Documents/Thrust_Control/plot_ws/install/thrust_msgs/include/thrust_msgs/msg/detail/thrust__rosidl_typesupport_fastrtps_cpp.hpp
[4.400s] -- Up-to-date symlink: /home/kevin/Documents/Thrust_Control/plot_ws/install/thrust_msgs/include/thrust_msgs/msg/rosidl_typesupport_fastrtps_cpp__visibility_control.h
[4.401s] -- Up-to-date symlink: /home/kevin/Documents/Thrust_Control/plot_ws/install/thrust_msgs/lib/libthrust_msgs__rosidl_typesupport_fastrtps_cpp.so
[4.401s] -- Up-to-date symlink: /home/kevin/Documents/Thrust_Control/plot_ws/install/thrust_msgs/include/thrust_msgs/msg/detail/thrust__rosidl_typesupport_introspection_c.h
[4.401s] -- Up-to-date symlink: /home/kevin/Documents/Thrust_Control/plot_ws/install/thrust_msgs/include/thrust_msgs/msg/rosidl_typesupport_introspection_c__visibility_control.h
[4.402s] -- Up-to-date symlink: /home/kevin/Documents/Thrust_Control/plot_ws/install/thrust_msgs/include/thrust_msgs/msg/detail/thrust__builder.hpp
[4.402s] -- Up-to-date symlink: /home/kevin/Documents/Thrust_Control/plot_ws/install/thrust_msgs/include/thrust_msgs/msg/detail/thrust__struct.hpp
[4.402s] -- Up-to-date symlink: /home/kevin/Documents/Thrust_Control/plot_ws/install/thrust_msgs/include/thrust_msgs/msg/detail/thrust__traits.hpp
[4.403s] -- Up-to-date symlink: /home/kevin/Documents/Thrust_Control/plot_ws/install/thrust_msgs/include/thrust_msgs/msg/thrust.hpp
[4.403s] -- Up-to-date symlink: /home/kevin/Documents/Thrust_Control/plot_ws/install/thrust_msgs/include/thrust_msgs/msg/detail/thrust__rosidl_typesupport_introspection_cpp.hpp
[4.403s] -- Up-to-date symlink: /home/kevin/Documents/Thrust_Control/plot_ws/install/thrust_msgs/share/thrust_msgs/environment/pythonpath.sh
[4.404s] -- Up-to-date symlink: /home/kevin/Documents/Thrust_Control/plot_ws/install/thrust_msgs/share/thrust_msgs/environment/pythonpath.dsv
[4.404s] -- Up-to-date symlink: /home/kevin/Documents/Thrust_Control/plot_ws/install/thrust_msgs/lib/python3.8/site-packages/thrust_msgs/__init__.py
[4.404s] -- Up-to-date symlink: /home/kevin/Documents/Thrust_Control/plot_ws/install/thrust_msgs/lib/python3.8/site-packages/thrust_msgs/msg/__init__.py
[4.405s] -- Up-to-date symlink: /home/kevin/Documents/Thrust_Control/plot_ws/install/thrust_msgs/lib/python3.8/site-packages/thrust_msgs/msg/_thrust.py
[4.405s] -- Up-to-date symlink: /home/kevin/Documents/Thrust_Control/plot_ws/install/thrust_msgs/lib/python3.8/site-packages/thrust_msgs/thrust_msgs_s__rosidl_typesupport_fastrtps_c.cpython-38-x86_64-linux-gnu.so
[4.405s] -- Up-to-date symlink: /home/kevin/Documents/Thrust_Control/plot_ws/install/thrust_msgs/lib/python3.8/site-packages/thrust_msgs/thrust_msgs_s__rosidl_typesupport_introspection_c.cpython-38-x86_64-linux-gnu.so
[4.406s] -- Up-to-date symlink: /home/kevin/Documents/Thrust_Control/plot_ws/install/thrust_msgs/lib/python3.8/site-packages/thrust_msgs/thrust_msgs_s__rosidl_typesupport_c.cpython-38-x86_64-linux-gnu.so
[4.406s] -- Up-to-date symlink: /home/kevin/Documents/Thrust_Control/plot_ws/install/thrust_msgs/lib/libthrust_msgs__python.so
[4.407s] -- Up-to-date symlink: /home/kevin/Documents/Thrust_Control/plot_ws/install/thrust_msgs/share/thrust_msgs/msg/Thrust.idl
[4.407s] -- Up-to-date symlink: /home/kevin/Documents/Thrust_Control/plot_ws/install/thrust_msgs/share/thrust_msgs/msg/Thrust.msg
[4.407s] -- Up-to-date symlink: /home/kevin/Documents/Thrust_Control/plot_ws/install/thrust_msgs/share/ament_index/resource_index/package_run_dependencies/thrust_msgs
[4.408s] -- Up-to-date symlink: /home/kevin/Documents/Thrust_Control/plot_ws/install/thrust_msgs/share/ament_index/resource_index/parent_prefix_path/thrust_msgs
[4.408s] -- Up-to-date symlink: /home/kevin/Documents/Thrust_Control/plot_ws/install/thrust_msgs/share/thrust_msgs/environment/ament_prefix_path.sh
[4.408s] -- Up-to-date symlink: /home/kevin/Documents/Thrust_Control/plot_ws/install/thrust_msgs/share/thrust_msgs/environment/ament_prefix_path.dsv
[4.408s] -- Up-to-date symlink: /home/kevin/Documents/Thrust_Control/plot_ws/install/thrust_msgs/share/thrust_msgs/environment/path.sh
[4.409s] -- Up-to-date symlink: /home/kevin/Documents/Thrust_Control/plot_ws/install/thrust_msgs/share/thrust_msgs/environment/path.dsv
[4.409s] -- Up-to-date symlink: /home/kevin/Documents/Thrust_Control/plot_ws/install/thrust_msgs/share/thrust_msgs/local_setup.bash
[4.409s] -- Up-to-date symlink: /home/kevin/Documents/Thrust_Control/plot_ws/install/thrust_msgs/share/thrust_msgs/local_setup.sh
[4.410s] -- Up-to-date symlink: /home/kevin/Documents/Thrust_Control/plot_ws/install/thrust_msgs/share/thrust_msgs/local_setup.zsh
[4.410s] -- Up-to-date symlink: /home/kevin/Documents/Thrust_Control/plot_ws/install/thrust_msgs/share/thrust_msgs/local_setup.dsv
[4.410s] -- Symlinking: /home/kevin/Documents/Thrust_Control/plot_ws/install/thrust_msgs/share/thrust_msgs/package.dsv
[4.419s] -- Up-to-date symlink: /home/kevin/Documents/Thrust_Control/plot_ws/install/thrust_msgs/share/ament_index/resource_index/packages/thrust_msgs
[4.420s] -- Up-to-date symlink: /home/kevin/Documents/Thrust_Control/plot_ws/install/thrust_msgs/share/thrust_msgs/cmake/rosidl_cmake-extras.cmake
[4.420s] -- Up-to-date symlink: /home/kevin/Documents/Thrust_Control/plot_ws/install/thrust_msgs/share/thrust_msgs/cmake/ament_cmake_export_dependencies-extras.cmake
[4.420s] -- Up-to-date symlink: /home/kevin/Documents/Thrust_Control/plot_ws/install/thrust_msgs/share/thrust_msgs/cmake/ament_cmake_export_libraries-extras.cmake
[4.420s] -- Up-to-date symlink: /home/kevin/Documents/Thrust_Control/plot_ws/install/thrust_msgs/share/thrust_msgs/cmake/ament_cmake_export_targets-extras.cmake
[4.421s] -- Up-to-date symlink: /home/kevin/Documents/Thrust_Control/plot_ws/install/thrust_msgs/share/thrust_msgs/cmake/ament_cmake_export_include_directories-extras.cmake
[4.421s] -- Up-to-date symlink: /home/kevin/Documents/Thrust_Control/plot_ws/install/thrust_msgs/share/thrust_msgs/cmake/rosidl_cmake_export_typesupport_libraries-extras.cmake
[4.421s] -- Up-to-date symlink: /home/kevin/Documents/Thrust_Control/plot_ws/install/thrust_msgs/share/thrust_msgs/cmake/rosidl_cmake_export_typesupport_targets-extras.cmake
[4.421s] -- Up-to-date symlink: /home/kevin/Documents/Thrust_Control/plot_ws/install/thrust_msgs/share/thrust_msgs/cmake/thrust_msgsConfig.cmake
[4.422s] -- Up-to-date symlink: /home/kevin/Documents/Thrust_Control/plot_ws/install/thrust_msgs/share/thrust_msgs/cmake/thrust_msgsConfig-version.cmake
[4.422s] -- Up-to-date symlink: /home/kevin/Documents/Thrust_Control/plot_ws/install/thrust_msgs/share/thrust_msgs/package.xml
[4.422s] -- Installing: /home/kevin/Documents/Thrust_Control/plot_ws/install/thrust_msgs/lib/libthrust_msgs__rosidl_generator_c.so
[4.423s] -- Set runtime path of "/home/kevin/Documents/Thrust_Control/plot_ws/install/thrust_msgs/lib/libthrust_msgs__rosidl_generator_c.so" to ""
[4.423s] -- Installing: /home/kevin/Documents/Thrust_Control/plot_ws/install/thrust_msgs/lib/libthrust_msgs__rosidl_typesupport_introspection_c.so
[4.423s] -- Set runtime path of "/home/kevin/Documents/Thrust_Control/plot_ws/install/thrust_msgs/lib/libthrust_msgs__rosidl_typesupport_introspection_c.so" to ""
[4.423s] -- Installing: /home/kevin/Documents/Thrust_Control/plot_ws/install/thrust_msgs/lib/libthrust_msgs__rosidl_typesupport_c.so
[4.424s] -- Set runtime path of "/home/kevin/Documents/Thrust_Control/plot_ws/install/thrust_msgs/lib/libthrust_msgs__rosidl_typesupport_c.so" to ""
[4.424s] -- Installing: /home/kevin/Documents/Thrust_Control/plot_ws/install/thrust_msgs/lib/libthrust_msgs__rosidl_typesupport_introspection_cpp.so
[4.424s] -- Set runtime path of "/home/kevin/Documents/Thrust_Control/plot_ws/install/thrust_msgs/lib/libthrust_msgs__rosidl_typesupport_introspection_cpp.so" to ""
[4.425s] -- Installing: /home/kevin/Documents/Thrust_Control/plot_ws/install/thrust_msgs/lib/libthrust_msgs__rosidl_typesupport_cpp.so
[4.425s] -- Set runtime path of "/home/kevin/Documents/Thrust_Control/plot_ws/install/thrust_msgs/lib/libthrust_msgs__rosidl_typesupport_cpp.so" to ""
[4.458s] Compiling '/home/kevin/Documents/Thrust_Control/plot_ws/install/thrust_msgs/lib/python3.8/site-packages/thrust_msgs/__init__.py'...
[4.462s] -- Up-to-date: /home/kevin/Documents/Thrust_Control/plot_ws/install/thrust_msgs/share/thrust_msgs/cmake/thrust_msgs__rosidl_generator_cExport.cmake
[4.463s] -- Installing: /home/kevin/Documents/Thrust_Control/plot_ws/install/thrust_msgs/share/thrust_msgs/cmake/thrust_msgs__rosidl_generator_cExport-noconfig.cmake
[4.463s] -- Up-to-date: /home/kevin/Documents/Thrust_Control/plot_ws/install/thrust_msgs/share/thrust_msgs/cmake/thrust_msgs__rosidl_typesupport_introspection_cExport.cmake
[4.463s] -- Installing: /home/kevin/Documents/Thrust_Control/plot_ws/install/thrust_msgs/share/thrust_msgs/cmake/thrust_msgs__rosidl_typesupport_introspection_cExport-noconfig.cmake
[4.463s] -- Up-to-date: /home/kevin/Documents/Thrust_Control/plot_ws/install/thrust_msgs/share/thrust_msgs/cmake/thrust_msgs__rosidl_typesupport_cExport.cmake
[4.463s] -- Installing: /home/kevin/Documents/Thrust_Control/plot_ws/install/thrust_msgs/share/thrust_msgs/cmake/thrust_msgs__rosidl_typesupport_cExport-noconfig.cmake
[4.463s] -- Up-to-date: /home/kevin/Documents/Thrust_Control/plot_ws/install/thrust_msgs/share/thrust_msgs/cmake/thrust_msgs__rosidl_generator_cppExport.cmake
[4.464s] -- Up-to-date: /home/kevin/Documents/Thrust_Control/plot_ws/install/thrust_msgs/share/thrust_msgs/cmake/thrust_msgs__rosidl_typesupport_introspection_cppExport.cmake
[4.464s] -- Installing: /home/kevin/Documents/Thrust_Control/plot_ws/install/thrust_msgs/share/thrust_msgs/cmake/thrust_msgs__rosidl_typesupport_introspection_cppExport-noconfig.cmake
[4.464s] -- Up-to-date: /home/kevin/Documents/Thrust_Control/plot_ws/install/thrust_msgs/share/thrust_msgs/cmake/thrust_msgs__rosidl_typesupport_cppExport.cmake
[4.464s] -- Installing: /home/kevin/Documents/Thrust_Control/plot_ws/install/thrust_msgs/share/thrust_msgs/cmake/thrust_msgs__rosidl_typesupport_cppExport-noconfig.cmake
[4.467s] Invoked command in '/home/kevin/Documents/Thrust_Control/plot_ws/build/thrust_msgs' returned '0': CMAKE_PREFIX_PATH=${CMAKE_PREFIX_PATH}:/home/kevin/Documents/Thrust_Control/plot_ws/install/thrust_plot:/opt/ros/galactic /usr/bin/cmake --install /home/kevin/Documents/Thrust_Control/plot_ws/build/thrust_msgs
