[0.019s] Invoking command in '/home/kevin/Documents/Thrust_Control/plot_ws/build/thrust_msgs': CMAKE_PREFIX_PATH=${CMAKE_PREFIX_PATH}:/home/kevin/Documents/Thrust_Control/plot_ws/install/thrust_plot:/home/kevin/Documents/Thrust_Control/plot_ws/install/py_pudsub:/opt/ros/galactic /usr/bin/cmake --build /home/kevin/Documents/Thrust_Control/plot_ws/build/thrust_msgs -- -j8 -l8
[0.046s] -- Found ament_cmake: 1.1.5 (/opt/ros/galactic/share/ament_cmake/cmake)
[0.075s] -- Found PythonInterp: /usr/bin/python3 (found suitable version "3.8.10", minimum required is "3") 
[0.075s] -- Using PYTHON_EXECUTABLE: /usr/bin/python3
[0.134s] -- Override CMake install command with custom implementation using symlinks instead of copying resources
[0.142s] -- Found ament_lint_auto: 0.10.7 (/opt/ros/galactic/share/ament_lint_auto/cmake)
[0.204s] -- Found rosidl_default_generators: 1.1.1 (/opt/ros/galactic/share/rosidl_default_generators/cmake)
[0.206s] -- Using all available rosidl_typesupport_c: rosidl_typesupport_fastrtps_c;rosidl_typesupport_introspection_c
[0.209s] -- Found rosidl_adapter: 2.2.2 (/opt/ros/galactic/share/rosidl_adapter/cmake)
[0.341s] -- Using all available rosidl_typesupport_cpp: rosidl_typesupport_fastrtps_cpp;rosidl_typesupport_introspection_cpp
[0.364s] -- Found std_msgs: 2.2.4 (/opt/ros/galactic/share/std_msgs/cmake)
[0.421s] -- Found PythonInterp: /usr/bin/python3 (found version "3.8.10") 
[0.540s] -- Found ament_cmake_ros: 0.9.2 (/opt/ros/galactic/share/ament_cmake_ros/cmake)
[0.719s] -- Using all available rosidl_typesupport_c: rosidl_typesupport_fastrtps_c;rosidl_typesupport_introspection_c
[0.782s] -- Using all available rosidl_typesupport_cpp: rosidl_typesupport_fastrtps_cpp;rosidl_typesupport_introspection_cpp
[0.812s] -- Found PythonInterp: /usr/bin/python3 (found suitable version "3.8.10", minimum required is "3.5") 
[0.812s] -- Found python_cmake_module: 0.8.1 (/opt/ros/galactic/share/python_cmake_module/cmake)
[0.841s] -- Using PYTHON_EXECUTABLE: /usr/bin/python3
[0.841s] -- Using PYTHON_INCLUDE_DIRS: /usr/include/python3.8
[0.841s] -- Using PYTHON_LIBRARIES: /usr/lib/x86_64-linux-gnu/libpython3.8.so
[0.883s] -- Added test 'copyright' to check source files copyright and LICENSE
[0.884s] -- Added test 'lint_cmake' to check CMake code style
[0.885s] -- Added test 'xmllint' to check XML markup files
[0.892s] -- Configuring done
[0.936s] -- Generating done
[0.939s] -- Build files have been written to: /home/kevin/Documents/Thrust_Control/plot_ws/build/thrust_msgs
[0.965s] [  3%] [34m[1mGenerating C code for ROS interfaces[0m
[0.975s] [  6%] [34m[1mGenerating C++ code for ROS interfaces[0m
[1.203s] [35m[1mScanning dependencies of target thrust_msgs__rosidl_generator_c[0m
[1.209s] [  6%] Built target thrust_msgs__cpp
[1.217s] [  9%] [32mBuilding C object CMakeFiles/thrust_msgs__rosidl_generator_c.dir/rosidl_generator_c/thrust_msgs/msg/detail/thrust__functions.c.o[0m
[1.220s] [ 19%] [34m[1mGenerating C++ type support dispatch for ROS interfaces[0m
[1.220s] [ 19%] [34m[1mGenerating C++ introspection for ROS interfaces[0m
[1.220s] [ 19%] [34m[1mGenerating C++ type support for eProsima Fast-RTPS[0m
[1.268s] [ 22%] [32m[1mLinking C shared library libthrust_msgs__rosidl_generator_c.so[0m
[1.311s] [ 22%] Built target thrust_msgs__rosidl_generator_c
[1.324s] [ 25%] [34m[1mGenerating C introspection for ROS interfaces[0m
[1.328s] [ 29%] [34m[1mGenerating C type support dispatch for ROS interfaces[0m
[1.455s] [35m[1mScanning dependencies of target thrust_msgs__rosidl_typesupport_cpp[0m
[1.470s] [ 32%] [32mBuilding CXX object CMakeFiles/thrust_msgs__rosidl_typesupport_cpp.dir/rosidl_typesupport_cpp/thrust_msgs/msg/thrust__type_support.cpp.o[0m
[1.488s] [35m[1mScanning dependencies of target thrust_msgs__rosidl_typesupport_fastrtps_cpp[0m
[1.506s] [ 35%] [32mBuilding CXX object CMakeFiles/thrust_msgs__rosidl_typesupport_fastrtps_cpp.dir/rosidl_typesupport_fastrtps_cpp/thrust_msgs/msg/detail/dds_fastrtps/thrust__type_support.cpp.o[0m
[1.578s] [35m[1mScanning dependencies of target thrust_msgs__rosidl_typesupport_introspection_cpp[0m
[1.594s] [35m[1mScanning dependencies of target thrust_msgs__rosidl_typesupport_introspection_c[0m
[1.598s] [ 38%] [32mBuilding CXX object CMakeFiles/thrust_msgs__rosidl_typesupport_introspection_cpp.dir/rosidl_typesupport_introspection_cpp/thrust_msgs/msg/detail/thrust__type_support.cpp.o[0m
[1.613s] [ 41%] [32mBuilding C object CMakeFiles/thrust_msgs__rosidl_typesupport_introspection_c.dir/rosidl_typesupport_introspection_c/thrust_msgs/msg/detail/thrust__type_support.c.o[0m
[1.666s] [35m[1mScanning dependencies of target thrust_msgs__rosidl_typesupport_c[0m
[1.674s] [ 45%] [32m[1mLinking C shared library libthrust_msgs__rosidl_typesupport_introspection_c.so[0m
[1.681s] [ 48%] [32mBuilding CXX object CMakeFiles/thrust_msgs__rosidl_typesupport_c.dir/rosidl_typesupport_c/thrust_msgs/msg/thrust__type_support.cpp.o[0m
[1.724s] [ 48%] Built target thrust_msgs__rosidl_typesupport_introspection_c
[1.726s] [ 51%] [32m[1mLinking CXX shared library libthrust_msgs__rosidl_typesupport_c.so[0m
[1.773s] [ 51%] Built target thrust_msgs__rosidl_typesupport_c
[1.806s] [ 54%] [32m[1mLinking CXX shared library libthrust_msgs__rosidl_typesupport_cpp.so[0m
[1.850s] [ 54%] Built target thrust_msgs__rosidl_typesupport_cpp
[1.939s] [ 58%] [32m[1mLinking CXX shared library libthrust_msgs__rosidl_typesupport_introspection_cpp.so[0m
[1.971s] [ 61%] [32m[1mLinking CXX shared library libthrust_msgs__rosidl_typesupport_fastrtps_cpp.so[0m
[2.016s] [ 61%] Built target thrust_msgs__rosidl_typesupport_introspection_cpp
[2.092s] [ 61%] Built target thrust_msgs__rosidl_typesupport_fastrtps_cpp
[2.105s] [ 64%] [34m[1mGenerating C type support for eProsima Fast-RTPS[0m
[2.326s] [35m[1mScanning dependencies of target thrust_msgs__rosidl_typesupport_fastrtps_c[0m
[2.341s] [ 67%] [32mBuilding CXX object CMakeFiles/thrust_msgs__rosidl_typesupport_fastrtps_c.dir/rosidl_typesupport_fastrtps_c/thrust_msgs/msg/detail/thrust__type_support_c.cpp.o[0m
[2.667s] [ 70%] [32m[1mLinking CXX shared library libthrust_msgs__rosidl_typesupport_fastrtps_c.so[0m
[2.769s] [ 70%] Built target thrust_msgs__rosidl_typesupport_fastrtps_c
[2.794s] [ 70%] Built target thrust_msgs
[2.820s] [ 74%] [34m[1mGenerating Python code for ROS interfaces[0m
[3.195s] [ 74%] Built target thrust_msgs__py
[3.207s] [35m[1mScanning dependencies of target thrust_msgs__python[0m
[3.223s] [ 77%] [32mBuilding C object CMakeFiles/thrust_msgs__python.dir/rosidl_generator_py/thrust_msgs/msg/_thrust_s.c.o[0m
[3.312s] [ 80%] [32m[1mLinking C shared library rosidl_generator_py/thrust_msgs/libthrust_msgs__python.so[0m
[3.356s] [ 80%] Built target thrust_msgs__python
[3.367s] [35m[1mScanning dependencies of target thrust_msgs__rosidl_typesupport_c__pyext[0m
[3.367s] [35m[1mScanning dependencies of target thrust_msgs__rosidl_typesupport_introspection_c__pyext[0m
[3.367s] [35m[1mScanning dependencies of target thrust_msgs__rosidl_typesupport_fastrtps_c__pyext[0m
[3.383s] [ 87%] [32mBuilding C object CMakeFiles/thrust_msgs__rosidl_typesupport_introspection_c__pyext.dir/rosidl_generator_py/thrust_msgs/_thrust_msgs_s.ep.rosidl_typesupport_introspection_c.c.o[0m
[3.383s] [ 87%] [32mBuilding C object CMakeFiles/thrust_msgs__rosidl_typesupport_c__pyext.dir/rosidl_generator_py/thrust_msgs/_thrust_msgs_s.ep.rosidl_typesupport_c.c.o[0m
[3.392s] [ 90%] [32mBuilding C object CMakeFiles/thrust_msgs__rosidl_typesupport_fastrtps_c__pyext.dir/rosidl_generator_py/thrust_msgs/_thrust_msgs_s.ep.rosidl_typesupport_fastrtps_c.c.o[0m
[3.463s] [ 96%] [32m[1mLinking C shared library rosidl_generator_py/thrust_msgs/thrust_msgs_s__rosidl_typesupport_introspection_c.cpython-38-x86_64-linux-gnu.so[0m
[3.463s] [ 96%] [32m[1mLinking C shared library rosidl_generator_py/thrust_msgs/thrust_msgs_s__rosidl_typesupport_c.cpython-38-x86_64-linux-gnu.so[0m
[3.475s] [100%] [32m[1mLinking CXX shared library rosidl_generator_py/thrust_msgs/thrust_msgs_s__rosidl_typesupport_fastrtps_c.cpython-38-x86_64-linux-gnu.so[0m
[3.504s] [100%] Built target thrust_msgs__rosidl_typesupport_introspection_c__pyext
[3.504s] [100%] Built target thrust_msgs__rosidl_typesupport_c__pyext
[3.546s] [100%] Built target thrust_msgs__rosidl_typesupport_fastrtps_c__pyext
[3.557s] Invoked command in '/home/kevin/Documents/Thrust_Control/plot_ws/build/thrust_msgs' returned '0': CMAKE_PREFIX_PATH=${CMAKE_PREFIX_PATH}:/home/kevin/Documents/Thrust_Control/plot_ws/install/thrust_plot:/home/kevin/Documents/Thrust_Control/plot_ws/install/py_pudsub:/opt/ros/galactic /usr/bin/cmake --build /home/kevin/Documents/Thrust_Control/plot_ws/build/thrust_msgs -- -j8 -l8
[3.615s] Invoking command in '/home/kevin/Documents/Thrust_Control/plot_ws/build/thrust_msgs': CMAKE_PREFIX_PATH=${CMAKE_PREFIX_PATH}:/home/kevin/Documents/Thrust_Control/plot_ws/install/thrust_plot:/home/kevin/Documents/Thrust_Control/plot_ws/install/py_pudsub:/opt/ros/galactic /usr/bin/cmake --install /home/kevin/Documents/Thrust_Control/plot_ws/build/thrust_msgs
[3.623s] -- Install configuration: ""
[3.624s] -- Execute custom install script
[3.624s] -- Up-to-date symlink: /home/kevin/Documents/Thrust_Control/plot_ws/install/thrust_msgs/share/ament_index/resource_index/rosidl_interfaces/thrust_msgs
[3.625s] -- Up-to-date symlink: /home/kevin/Documents/Thrust_Control/plot_ws/install/thrust_msgs/include/thrust_msgs/msg/detail/thrust__functions.h
[3.625s] -- Up-to-date symlink: /home/kevin/Documents/Thrust_Control/plot_ws/install/thrust_msgs/include/thrust_msgs/msg/detail/thrust__struct.h
[3.625s] -- Up-to-date symlink: /home/kevin/Documents/Thrust_Control/plot_ws/install/thrust_msgs/include/thrust_msgs/msg/detail/thrust__type_support.h
[3.626s] -- Up-to-date symlink: /home/kevin/Documents/Thrust_Control/plot_ws/install/thrust_msgs/include/thrust_msgs/msg/rosidl_generator_c__visibility_control.h
[3.626s] -- Up-to-date symlink: /home/kevin/Documents/Thrust_Control/plot_ws/install/thrust_msgs/include/thrust_msgs/msg/thrust.h
[3.626s] -- Up-to-date symlink: /home/kevin/Documents/Thrust_Control/plot_ws/install/thrust_msgs/share/thrust_msgs/environment/library_path.sh
[3.627s] -- Up-to-date symlink: /home/kevin/Documents/Thrust_Control/plot_ws/install/thrust_msgs/share/thrust_msgs/environment/library_path.dsv
[3.627s] -- Up-to-date symlink: /home/kevin/Documents/Thrust_Control/plot_ws/install/thrust_msgs/include/thrust_msgs/msg/detail/thrust__rosidl_typesupport_fastrtps_c.h
[3.627s] -- Up-to-date symlink: /home/kevin/Documents/Thrust_Control/plot_ws/install/thrust_msgs/include/thrust_msgs/msg/rosidl_typesupport_fastrtps_c__visibility_control.h
[3.628s] -- Up-to-date symlink: /home/kevin/Documents/Thrust_Control/plot_ws/install/thrust_msgs/lib/libthrust_msgs__rosidl_typesupport_fastrtps_c.so
[3.629s] -- Up-to-date symlink: /home/kevin/Documents/Thrust_Control/plot_ws/install/thrust_msgs/include/thrust_msgs/msg/detail/thrust__rosidl_typesupport_fastrtps_cpp.hpp
[3.629s] -- Up-to-date symlink: /home/kevin/Documents/Thrust_Control/plot_ws/install/thrust_msgs/include/thrust_msgs/msg/rosidl_typesupport_fastrtps_cpp__visibility_control.h
[3.629s] -- Up-to-date symlink: /home/kevin/Documents/Thrust_Control/plot_ws/install/thrust_msgs/lib/libthrust_msgs__rosidl_typesupport_fastrtps_cpp.so
[3.630s] -- Up-to-date symlink: /home/kevin/Documents/Thrust_Control/plot_ws/install/thrust_msgs/include/thrust_msgs/msg/detail/thrust__rosidl_typesupport_introspection_c.h
[3.630s] -- Up-to-date symlink: /home/kevin/Documents/Thrust_Control/plot_ws/install/thrust_msgs/include/thrust_msgs/msg/rosidl_typesupport_introspection_c__visibility_control.h
[3.631s] -- Up-to-date symlink: /home/kevin/Documents/Thrust_Control/plot_ws/install/thrust_msgs/include/thrust_msgs/msg/detail/thrust__builder.hpp
[3.631s] -- Up-to-date symlink: /home/kevin/Documents/Thrust_Control/plot_ws/install/thrust_msgs/include/thrust_msgs/msg/detail/thrust__struct.hpp
[3.631s] -- Up-to-date symlink: /home/kevin/Documents/Thrust_Control/plot_ws/install/thrust_msgs/include/thrust_msgs/msg/detail/thrust__traits.hpp
[3.632s] -- Up-to-date symlink: /home/kevin/Documents/Thrust_Control/plot_ws/install/thrust_msgs/include/thrust_msgs/msg/thrust.hpp
[3.632s] -- Up-to-date symlink: /home/kevin/Documents/Thrust_Control/plot_ws/install/thrust_msgs/include/thrust_msgs/msg/detail/thrust__rosidl_typesupport_introspection_cpp.hpp
[3.633s] -- Up-to-date symlink: /home/kevin/Documents/Thrust_Control/plot_ws/install/thrust_msgs/share/thrust_msgs/environment/pythonpath.sh
[3.633s] -- Up-to-date symlink: /home/kevin/Documents/Thrust_Control/plot_ws/install/thrust_msgs/share/thrust_msgs/environment/pythonpath.dsv
[3.633s] -- Up-to-date symlink: /home/kevin/Documents/Thrust_Control/plot_ws/install/thrust_msgs/lib/python3.8/site-packages/thrust_msgs/__init__.py
[3.634s] -- Up-to-date symlink: /home/kevin/Documents/Thrust_Control/plot_ws/install/thrust_msgs/lib/python3.8/site-packages/thrust_msgs/msg/__init__.py
[3.634s] -- Up-to-date symlink: /home/kevin/Documents/Thrust_Control/plot_ws/install/thrust_msgs/lib/python3.8/site-packages/thrust_msgs/msg/_thrust.py
[3.634s] -- Up-to-date symlink: /home/kevin/Documents/Thrust_Control/plot_ws/install/thrust_msgs/lib/python3.8/site-packages/thrust_msgs/thrust_msgs_s__rosidl_typesupport_fastrtps_c.cpython-38-x86_64-linux-gnu.so
[3.635s] -- Up-to-date symlink: /home/kevin/Documents/Thrust_Control/plot_ws/install/thrust_msgs/lib/python3.8/site-packages/thrust_msgs/thrust_msgs_s__rosidl_typesupport_introspection_c.cpython-38-x86_64-linux-gnu.so
[3.635s] -- Up-to-date symlink: /home/kevin/Documents/Thrust_Control/plot_ws/install/thrust_msgs/lib/python3.8/site-packages/thrust_msgs/thrust_msgs_s__rosidl_typesupport_c.cpython-38-x86_64-linux-gnu.so
[3.639s] -- Up-to-date symlink: /home/kevin/Documents/Thrust_Control/plot_ws/install/thrust_msgs/lib/libthrust_msgs__python.so
[3.639s] -- Up-to-date symlink: /home/kevin/Documents/Thrust_Control/plot_ws/install/thrust_msgs/share/thrust_msgs/msg/Thrust.idl
[3.640s] -- Up-to-date symlink: /home/kevin/Documents/Thrust_Control/plot_ws/install/thrust_msgs/share/thrust_msgs/msg/Thrust.msg
[3.640s] -- Up-to-date symlink: /home/kevin/Documents/Thrust_Control/plot_ws/install/thrust_msgs/share/ament_index/resource_index/package_run_dependencies/thrust_msgs
[3.640s] -- Up-to-date symlink: /home/kevin/Documents/Thrust_Control/plot_ws/install/thrust_msgs/share/ament_index/resource_index/parent_prefix_path/thrust_msgs
[3.640s] -- Up-to-date symlink: /home/kevin/Documents/Thrust_Control/plot_ws/install/thrust_msgs/share/thrust_msgs/environment/ament_prefix_path.sh
[3.641s] -- Up-to-date symlink: /home/kevin/Documents/Thrust_Control/plot_ws/install/thrust_msgs/share/thrust_msgs/environment/ament_prefix_path.dsv
[3.641s] -- Up-to-date symlink: /home/kevin/Documents/Thrust_Control/plot_ws/install/thrust_msgs/share/thrust_msgs/environment/path.sh
[3.641s] -- Up-to-date symlink: /home/kevin/Documents/Thrust_Control/plot_ws/install/thrust_msgs/share/thrust_msgs/environment/path.dsv
[3.642s] -- Up-to-date symlink: /home/kevin/Documents/Thrust_Control/plot_ws/install/thrust_msgs/share/thrust_msgs/local_setup.bash
[3.642s] -- Up-to-date symlink: /home/kevin/Documents/Thrust_Control/plot_ws/install/thrust_msgs/share/thrust_msgs/local_setup.sh
[3.642s] -- Up-to-date symlink: /home/kevin/Documents/Thrust_Control/plot_ws/install/thrust_msgs/share/thrust_msgs/local_setup.zsh
[3.643s] -- Up-to-date symlink: /home/kevin/Documents/Thrust_Control/plot_ws/install/thrust_msgs/share/thrust_msgs/local_setup.dsv
[3.643s] -- Symlinking: /home/kevin/Documents/Thrust_Control/plot_ws/install/thrust_msgs/share/thrust_msgs/package.dsv
[3.653s] -- Up-to-date symlink: /home/kevin/Documents/Thrust_Control/plot_ws/install/thrust_msgs/share/ament_index/resource_index/packages/thrust_msgs
[3.653s] -- Up-to-date symlink: /home/kevin/Documents/Thrust_Control/plot_ws/install/thrust_msgs/share/thrust_msgs/cmake/rosidl_cmake-extras.cmake
[3.653s] -- Up-to-date symlink: /home/kevin/Documents/Thrust_Control/plot_ws/install/thrust_msgs/share/thrust_msgs/cmake/ament_cmake_export_dependencies-extras.cmake
[3.653s] -- Up-to-date symlink: /home/kevin/Documents/Thrust_Control/plot_ws/install/thrust_msgs/share/thrust_msgs/cmake/ament_cmake_export_libraries-extras.cmake
[3.654s] -- Up-to-date symlink: /home/kevin/Documents/Thrust_Control/plot_ws/install/thrust_msgs/share/thrust_msgs/cmake/ament_cmake_export_targets-extras.cmake
[3.654s] -- Up-to-date symlink: /home/kevin/Documents/Thrust_Control/plot_ws/install/thrust_msgs/share/thrust_msgs/cmake/ament_cmake_export_include_directories-extras.cmake
[3.654s] -- Up-to-date symlink: /home/kevin/Documents/Thrust_Control/plot_ws/install/thrust_msgs/share/thrust_msgs/cmake/rosidl_cmake_export_typesupport_libraries-extras.cmake
[3.654s] -- Up-to-date symlink: /home/kevin/Documents/Thrust_Control/plot_ws/install/thrust_msgs/share/thrust_msgs/cmake/rosidl_cmake_export_typesupport_targets-extras.cmake
[3.655s] -- Up-to-date symlink: /home/kevin/Documents/Thrust_Control/plot_ws/install/thrust_msgs/share/thrust_msgs/cmake/thrust_msgsConfig.cmake
[3.655s] -- Up-to-date symlink: /home/kevin/Documents/Thrust_Control/plot_ws/install/thrust_msgs/share/thrust_msgs/cmake/thrust_msgsConfig-version.cmake
[3.655s] -- Up-to-date symlink: /home/kevin/Documents/Thrust_Control/plot_ws/install/thrust_msgs/share/thrust_msgs/package.xml
[3.656s] -- Installing: /home/kevin/Documents/Thrust_Control/plot_ws/install/thrust_msgs/lib/libthrust_msgs__rosidl_generator_c.so
[3.656s] -- Set runtime path of "/home/kevin/Documents/Thrust_Control/plot_ws/install/thrust_msgs/lib/libthrust_msgs__rosidl_generator_c.so" to ""
[3.656s] -- Installing: /home/kevin/Documents/Thrust_Control/plot_ws/install/thrust_msgs/lib/libthrust_msgs__rosidl_typesupport_introspection_c.so
[3.657s] -- Set runtime path of "/home/kevin/Documents/Thrust_Control/plot_ws/install/thrust_msgs/lib/libthrust_msgs__rosidl_typesupport_introspection_c.so" to ""
[3.657s] -- Installing: /home/kevin/Documents/Thrust_Control/plot_ws/install/thrust_msgs/lib/libthrust_msgs__rosidl_typesupport_c.so
[3.657s] -- Set runtime path of "/home/kevin/Documents/Thrust_Control/plot_ws/install/thrust_msgs/lib/libthrust_msgs__rosidl_typesupport_c.so" to ""
[3.657s] -- Installing: /home/kevin/Documents/Thrust_Control/plot_ws/install/thrust_msgs/lib/libthrust_msgs__rosidl_typesupport_introspection_cpp.so
[3.658s] -- Set runtime path of "/home/kevin/Documents/Thrust_Control/plot_ws/install/thrust_msgs/lib/libthrust_msgs__rosidl_typesupport_introspection_cpp.so" to ""
[3.658s] -- Installing: /home/kevin/Documents/Thrust_Control/plot_ws/install/thrust_msgs/lib/libthrust_msgs__rosidl_typesupport_cpp.so
[3.658s] -- Set runtime path of "/home/kevin/Documents/Thrust_Control/plot_ws/install/thrust_msgs/lib/libthrust_msgs__rosidl_typesupport_cpp.so" to ""
[3.691s] Compiling '/home/kevin/Documents/Thrust_Control/plot_ws/install/thrust_msgs/lib/python3.8/site-packages/thrust_msgs/__init__.py'...
[3.695s] -- Up-to-date: /home/kevin/Documents/Thrust_Control/plot_ws/install/thrust_msgs/share/thrust_msgs/cmake/thrust_msgs__rosidl_generator_cExport.cmake
[3.696s] -- Installing: /home/kevin/Documents/Thrust_Control/plot_ws/install/thrust_msgs/share/thrust_msgs/cmake/thrust_msgs__rosidl_generator_cExport-noconfig.cmake
[3.696s] -- Up-to-date: /home/kevin/Documents/Thrust_Control/plot_ws/install/thrust_msgs/share/thrust_msgs/cmake/thrust_msgs__rosidl_typesupport_introspection_cExport.cmake
[3.696s] -- Installing: /home/kevin/Documents/Thrust_Control/plot_ws/install/thrust_msgs/share/thrust_msgs/cmake/thrust_msgs__rosidl_typesupport_introspection_cExport-noconfig.cmake
[3.696s] -- Up-to-date: /home/kevin/Documents/Thrust_Control/plot_ws/install/thrust_msgs/share/thrust_msgs/cmake/thrust_msgs__rosidl_typesupport_cExport.cmake
[3.696s] -- Installing: /home/kevin/Documents/Thrust_Control/plot_ws/install/thrust_msgs/share/thrust_msgs/cmake/thrust_msgs__rosidl_typesupport_cExport-noconfig.cmake
[3.696s] -- Up-to-date: /home/kevin/Documents/Thrust_Control/plot_ws/install/thrust_msgs/share/thrust_msgs/cmake/thrust_msgs__rosidl_generator_cppExport.cmake
[3.697s] -- Up-to-date: /home/kevin/Documents/Thrust_Control/plot_ws/install/thrust_msgs/share/thrust_msgs/cmake/thrust_msgs__rosidl_typesupport_introspection_cppExport.cmake
[3.697s] -- Installing: /home/kevin/Documents/Thrust_Control/plot_ws/install/thrust_msgs/share/thrust_msgs/cmake/thrust_msgs__rosidl_typesupport_introspection_cppExport-noconfig.cmake
[3.697s] -- Up-to-date: /home/kevin/Documents/Thrust_Control/plot_ws/install/thrust_msgs/share/thrust_msgs/cmake/thrust_msgs__rosidl_typesupport_cppExport.cmake
[3.697s] -- Installing: /home/kevin/Documents/Thrust_Control/plot_ws/install/thrust_msgs/share/thrust_msgs/cmake/thrust_msgs__rosidl_typesupport_cppExport-noconfig.cmake
[3.701s] Invoked command in '/home/kevin/Documents/Thrust_Control/plot_ws/build/thrust_msgs' returned '0': CMAKE_PREFIX_PATH=${CMAKE_PREFIX_PATH}:/home/kevin/Documents/Thrust_Control/plot_ws/install/thrust_plot:/home/kevin/Documents/Thrust_Control/plot_ws/install/py_pudsub:/opt/ros/galactic /usr/bin/cmake --install /home/kevin/Documents/Thrust_Control/plot_ws/build/thrust_msgs
