[0.020s] Invoking command in '/home/kevin/Documents/Thrust_Control/plot_ws/build/thrust_msgs': CMAKE_PREFIX_PATH=${CMAKE_PREFIX_PATH}:/home/kevin/Documents/Thrust_Control/plot_ws/install/thrust_plot:/opt/ros/galactic /usr/bin/cmake --build /home/kevin/Documents/Thrust_Control/plot_ws/build/thrust_msgs -- -j8 -l8
[0.122s] [  3%] Built target thrust_msgs__cpp
[0.124s] [ 12%] Built target thrust_msgs__rosidl_generator_c
[0.150s] [ 22%] Built target thrust_msgs__rosidl_typesupport_introspection_c
[0.150s] [ 32%] Built target thrust_msgs__rosidl_typesupport_c
[0.152s] [ 41%] Built target thrust_msgs__rosidl_typesupport_cpp
[0.152s] [ 51%] Built target thrust_msgs__rosidl_typesupport_introspection_cpp
[0.156s] [ 61%] Built target thrust_msgs__rosidl_typesupport_fastrtps_cpp
[0.182s] [ 70%] Built target thrust_msgs__rosidl_typesupport_fastrtps_c
[0.202s] [ 70%] Built target thrust_msgs
[0.223s] [ 74%] Built target thrust_msgs__py
[0.249s] [ 80%] Built target thrust_msgs__python
[0.276s] [100%] Built target thrust_msgs__rosidl_typesupport_introspection_c__pyext
[0.276s] [100%] Built target thrust_msgs__rosidl_typesupport_fastrtps_c__pyext
[0.276s] [100%] Built target thrust_msgs__rosidl_typesupport_c__pyext
[0.286s] Invoked command in '/home/kevin/Documents/Thrust_Control/plot_ws/build/thrust_msgs' returned '0': CMAKE_PREFIX_PATH=${CMAKE_PREFIX_PATH}:/home/kevin/Documents/Thrust_Control/plot_ws/install/thrust_plot:/opt/ros/galactic /usr/bin/cmake --build /home/kevin/Documents/Thrust_Control/plot_ws/build/thrust_msgs -- -j8 -l8
[0.341s] Invoking command in '/home/kevin/Documents/Thrust_Control/plot_ws/build/thrust_msgs': CMAKE_PREFIX_PATH=${CMAKE_PREFIX_PATH}:/home/kevin/Documents/Thrust_Control/plot_ws/install/thrust_plot:/opt/ros/galactic /usr/bin/cmake --install /home/kevin/Documents/Thrust_Control/plot_ws/build/thrust_msgs
[0.350s] -- Install configuration: ""
[0.351s] -- Execute custom install script
[0.351s] -- Up-to-date symlink: /home/kevin/Documents/Thrust_Control/plot_ws/install/thrust_msgs/share/ament_index/resource_index/rosidl_interfaces/thrust_msgs
[0.352s] -- Up-to-date symlink: /home/kevin/Documents/Thrust_Control/plot_ws/install/thrust_msgs/include/thrust_msgs/msg/detail/thrust__functions.h
[0.352s] -- Up-to-date symlink: /home/kevin/Documents/Thrust_Control/plot_ws/install/thrust_msgs/include/thrust_msgs/msg/detail/thrust__struct.h
[0.353s] -- Up-to-date symlink: /home/kevin/Documents/Thrust_Control/plot_ws/install/thrust_msgs/include/thrust_msgs/msg/detail/thrust__type_support.h
[0.353s] -- Up-to-date symlink: /home/kevin/Documents/Thrust_Control/plot_ws/install/thrust_msgs/include/thrust_msgs/msg/rosidl_generator_c__visibility_control.h
[0.353s] -- Up-to-date symlink: /home/kevin/Documents/Thrust_Control/plot_ws/install/thrust_msgs/include/thrust_msgs/msg/thrust.h
[0.353s] -- Up-to-date symlink: /home/kevin/Documents/Thrust_Control/plot_ws/install/thrust_msgs/share/thrust_msgs/environment/library_path.sh
[0.354s] -- Up-to-date symlink: /home/kevin/Documents/Thrust_Control/plot_ws/install/thrust_msgs/share/thrust_msgs/environment/library_path.dsv
[0.354s] -- Up-to-date symlink: /home/kevin/Documents/Thrust_Control/plot_ws/install/thrust_msgs/include/thrust_msgs/msg/detail/thrust__rosidl_typesupport_fastrtps_c.h
[0.354s] -- Up-to-date symlink: /home/kevin/Documents/Thrust_Control/plot_ws/install/thrust_msgs/include/thrust_msgs/msg/rosidl_typesupport_fastrtps_c__visibility_control.h
[0.355s] -- Up-to-date symlink: /home/kevin/Documents/Thrust_Control/plot_ws/install/thrust_msgs/lib/libthrust_msgs__rosidl_typesupport_fastrtps_c.so
[0.356s] -- Up-to-date symlink: /home/kevin/Documents/Thrust_Control/plot_ws/install/thrust_msgs/include/thrust_msgs/msg/detail/thrust__rosidl_typesupport_fastrtps_cpp.hpp
[0.356s] -- Up-to-date symlink: /home/kevin/Documents/Thrust_Control/plot_ws/install/thrust_msgs/include/thrust_msgs/msg/rosidl_typesupport_fastrtps_cpp__visibility_control.h
[0.357s] -- Up-to-date symlink: /home/kevin/Documents/Thrust_Control/plot_ws/install/thrust_msgs/lib/libthrust_msgs__rosidl_typesupport_fastrtps_cpp.so
[0.357s] -- Up-to-date symlink: /home/kevin/Documents/Thrust_Control/plot_ws/install/thrust_msgs/include/thrust_msgs/msg/detail/thrust__rosidl_typesupport_introspection_c.h
[0.357s] -- Up-to-date symlink: /home/kevin/Documents/Thrust_Control/plot_ws/install/thrust_msgs/include/thrust_msgs/msg/rosidl_typesupport_introspection_c__visibility_control.h
[0.358s] -- Up-to-date symlink: /home/kevin/Documents/Thrust_Control/plot_ws/install/thrust_msgs/include/thrust_msgs/msg/detail/thrust__builder.hpp
[0.358s] -- Up-to-date symlink: /home/kevin/Documents/Thrust_Control/plot_ws/install/thrust_msgs/include/thrust_msgs/msg/detail/thrust__struct.hpp
[0.358s] -- Up-to-date symlink: /home/kevin/Documents/Thrust_Control/plot_ws/install/thrust_msgs/include/thrust_msgs/msg/detail/thrust__traits.hpp
[0.359s] -- Up-to-date symlink: /home/kevin/Documents/Thrust_Control/plot_ws/install/thrust_msgs/include/thrust_msgs/msg/thrust.hpp
[0.359s] -- Up-to-date symlink: /home/kevin/Documents/Thrust_Control/plot_ws/install/thrust_msgs/include/thrust_msgs/msg/detail/thrust__rosidl_typesupport_introspection_cpp.hpp
[0.359s] -- Up-to-date symlink: /home/kevin/Documents/Thrust_Control/plot_ws/install/thrust_msgs/share/thrust_msgs/environment/pythonpath.sh
[0.360s] -- Up-to-date symlink: /home/kevin/Documents/Thrust_Control/plot_ws/install/thrust_msgs/share/thrust_msgs/environment/pythonpath.dsv
[0.360s] -- Up-to-date symlink: /home/kevin/Documents/Thrust_Control/plot_ws/install/thrust_msgs/lib/python3.8/site-packages/thrust_msgs/__init__.py
[0.361s] -- Up-to-date symlink: /home/kevin/Documents/Thrust_Control/plot_ws/install/thrust_msgs/lib/python3.8/site-packages/thrust_msgs/msg/__init__.py
[0.361s] -- Up-to-date symlink: /home/kevin/Documents/Thrust_Control/plot_ws/install/thrust_msgs/lib/python3.8/site-packages/thrust_msgs/msg/_thrust.py
[0.361s] -- Up-to-date symlink: /home/kevin/Documents/Thrust_Control/plot_ws/install/thrust_msgs/lib/python3.8/site-packages/thrust_msgs/thrust_msgs_s__rosidl_typesupport_fastrtps_c.cpython-38-x86_64-linux-gnu.so
[0.362s] -- Up-to-date symlink: /home/kevin/Documents/Thrust_Control/plot_ws/install/thrust_msgs/lib/python3.8/site-packages/thrust_msgs/thrust_msgs_s__rosidl_typesupport_introspection_c.cpython-38-x86_64-linux-gnu.so
[0.363s] -- Up-to-date symlink: /home/kevin/Documents/Thrust_Control/plot_ws/install/thrust_msgs/lib/python3.8/site-packages/thrust_msgs/thrust_msgs_s__rosidl_typesupport_c.cpython-38-x86_64-linux-gnu.so
[0.363s] -- Up-to-date symlink: /home/kevin/Documents/Thrust_Control/plot_ws/install/thrust_msgs/lib/libthrust_msgs__python.so
[0.364s] -- Up-to-date symlink: /home/kevin/Documents/Thrust_Control/plot_ws/install/thrust_msgs/share/thrust_msgs/msg/Thrust.idl
[0.364s] -- Up-to-date symlink: /home/kevin/Documents/Thrust_Control/plot_ws/install/thrust_msgs/share/thrust_msgs/msg/Thrust.msg
[0.364s] -- Up-to-date symlink: /home/kevin/Documents/Thrust_Control/plot_ws/install/thrust_msgs/share/ament_index/resource_index/package_run_dependencies/thrust_msgs
[0.365s] -- Up-to-date symlink: /home/kevin/Documents/Thrust_Control/plot_ws/install/thrust_msgs/share/ament_index/resource_index/parent_prefix_path/thrust_msgs
[0.365s] -- Up-to-date symlink: /home/kevin/Documents/Thrust_Control/plot_ws/install/thrust_msgs/share/thrust_msgs/environment/ament_prefix_path.sh
[0.365s] -- Up-to-date symlink: /home/kevin/Documents/Thrust_Control/plot_ws/install/thrust_msgs/share/thrust_msgs/environment/ament_prefix_path.dsv
[0.366s] -- Up-to-date symlink: /home/kevin/Documents/Thrust_Control/plot_ws/install/thrust_msgs/share/thrust_msgs/environment/path.sh
[0.366s] -- Up-to-date symlink: /home/kevin/Documents/Thrust_Control/plot_ws/install/thrust_msgs/share/thrust_msgs/environment/path.dsv
[0.366s] -- Up-to-date symlink: /home/kevin/Documents/Thrust_Control/plot_ws/install/thrust_msgs/share/thrust_msgs/local_setup.bash
[0.366s] -- Up-to-date symlink: /home/kevin/Documents/Thrust_Control/plot_ws/install/thrust_msgs/share/thrust_msgs/local_setup.sh
[0.367s] -- Up-to-date symlink: /home/kevin/Documents/Thrust_Control/plot_ws/install/thrust_msgs/share/thrust_msgs/local_setup.zsh
[0.367s] -- Up-to-date symlink: /home/kevin/Documents/Thrust_Control/plot_ws/install/thrust_msgs/share/thrust_msgs/local_setup.dsv
[0.367s] -- Symlinking: /home/kevin/Documents/Thrust_Control/plot_ws/install/thrust_msgs/share/thrust_msgs/package.dsv
[0.377s] -- Up-to-date symlink: /home/kevin/Documents/Thrust_Control/plot_ws/install/thrust_msgs/share/ament_index/resource_index/packages/thrust_msgs
[0.377s] -- Up-to-date symlink: /home/kevin/Documents/Thrust_Control/plot_ws/install/thrust_msgs/share/thrust_msgs/cmake/rosidl_cmake-extras.cmake
[0.377s] -- Up-to-date symlink: /home/kevin/Documents/Thrust_Control/plot_ws/install/thrust_msgs/share/thrust_msgs/cmake/ament_cmake_export_dependencies-extras.cmake
[0.377s] -- Up-to-date symlink: /home/kevin/Documents/Thrust_Control/plot_ws/install/thrust_msgs/share/thrust_msgs/cmake/ament_cmake_export_libraries-extras.cmake
[0.378s] -- Up-to-date symlink: /home/kevin/Documents/Thrust_Control/plot_ws/install/thrust_msgs/share/thrust_msgs/cmake/ament_cmake_export_targets-extras.cmake
[0.378s] -- Up-to-date symlink: /home/kevin/Documents/Thrust_Control/plot_ws/install/thrust_msgs/share/thrust_msgs/cmake/ament_cmake_export_include_directories-extras.cmake
[0.378s] -- Up-to-date symlink: /home/kevin/Documents/Thrust_Control/plot_ws/install/thrust_msgs/share/thrust_msgs/cmake/rosidl_cmake_export_typesupport_libraries-extras.cmake
[0.379s] -- Up-to-date symlink: /home/kevin/Documents/Thrust_Control/plot_ws/install/thrust_msgs/share/thrust_msgs/cmake/rosidl_cmake_export_typesupport_targets-extras.cmake
[0.379s] -- Up-to-date symlink: /home/kevin/Documents/Thrust_Control/plot_ws/install/thrust_msgs/share/thrust_msgs/cmake/thrust_msgsConfig.cmake
[0.379s] -- Up-to-date symlink: /home/kevin/Documents/Thrust_Control/plot_ws/install/thrust_msgs/share/thrust_msgs/cmake/thrust_msgsConfig-version.cmake
[0.379s] -- Up-to-date symlink: /home/kevin/Documents/Thrust_Control/plot_ws/install/thrust_msgs/share/thrust_msgs/package.xml
[0.380s] -- Up-to-date: /home/kevin/Documents/Thrust_Control/plot_ws/install/thrust_msgs/lib/libthrust_msgs__rosidl_generator_c.so
[0.380s] -- Up-to-date: /home/kevin/Documents/Thrust_Control/plot_ws/install/thrust_msgs/lib/libthrust_msgs__rosidl_typesupport_introspection_c.so
[0.381s] -- Up-to-date: /home/kevin/Documents/Thrust_Control/plot_ws/install/thrust_msgs/lib/libthrust_msgs__rosidl_typesupport_c.so
[0.381s] -- Up-to-date: /home/kevin/Documents/Thrust_Control/plot_ws/install/thrust_msgs/lib/libthrust_msgs__rosidl_typesupport_introspection_cpp.so
[0.381s] -- Up-to-date: /home/kevin/Documents/Thrust_Control/plot_ws/install/thrust_msgs/lib/libthrust_msgs__rosidl_typesupport_cpp.so
[0.416s] -- Up-to-date: /home/kevin/Documents/Thrust_Control/plot_ws/install/thrust_msgs/share/thrust_msgs/cmake/thrust_msgs__rosidl_generator_cExport.cmake
[0.416s] -- Up-to-date: /home/kevin/Documents/Thrust_Control/plot_ws/install/thrust_msgs/share/thrust_msgs/cmake/thrust_msgs__rosidl_generator_cExport-noconfig.cmake
[0.416s] -- Up-to-date: /home/kevin/Documents/Thrust_Control/plot_ws/install/thrust_msgs/share/thrust_msgs/cmake/thrust_msgs__rosidl_typesupport_introspection_cExport.cmake
[0.416s] -- Up-to-date: /home/kevin/Documents/Thrust_Control/plot_ws/install/thrust_msgs/share/thrust_msgs/cmake/thrust_msgs__rosidl_typesupport_introspection_cExport-noconfig.cmake
[0.416s] -- Up-to-date: /home/kevin/Documents/Thrust_Control/plot_ws/install/thrust_msgs/share/thrust_msgs/cmake/thrust_msgs__rosidl_typesupport_cExport.cmake
[0.416s] -- Up-to-date: /home/kevin/Documents/Thrust_Control/plot_ws/install/thrust_msgs/share/thrust_msgs/cmake/thrust_msgs__rosidl_typesupport_cExport-noconfig.cmake
[0.417s] -- Up-to-date: /home/kevin/Documents/Thrust_Control/plot_ws/install/thrust_msgs/share/thrust_msgs/cmake/thrust_msgs__rosidl_generator_cppExport.cmake
[0.417s] -- Up-to-date: /home/kevin/Documents/Thrust_Control/plot_ws/install/thrust_msgs/share/thrust_msgs/cmake/thrust_msgs__rosidl_typesupport_introspection_cppExport.cmake
[0.417s] -- Up-to-date: /home/kevin/Documents/Thrust_Control/plot_ws/install/thrust_msgs/share/thrust_msgs/cmake/thrust_msgs__rosidl_typesupport_introspection_cppExport-noconfig.cmake
[0.417s] -- Up-to-date: /home/kevin/Documents/Thrust_Control/plot_ws/install/thrust_msgs/share/thrust_msgs/cmake/thrust_msgs__rosidl_typesupport_cppExport.cmake
[0.417s] -- Up-to-date: /home/kevin/Documents/Thrust_Control/plot_ws/install/thrust_msgs/share/thrust_msgs/cmake/thrust_msgs__rosidl_typesupport_cppExport-noconfig.cmake
[0.420s] Invoked command in '/home/kevin/Documents/Thrust_Control/plot_ws/build/thrust_msgs' returned '0': CMAKE_PREFIX_PATH=${CMAKE_PREFIX_PATH}:/home/kevin/Documents/Thrust_Control/plot_ws/install/thrust_plot:/opt/ros/galactic /usr/bin/cmake --install /home/kevin/Documents/Thrust_Control/plot_ws/build/thrust_msgs
