[0.160s] DEBUG:colcon:Command line arguments: ['/usr/bin/colcon', 'build', '--symlink-install']
[0.160s] DEBUG:colcon:Parsed command line arguments: Namespace(allow_overriding=[], ament_cmake_args=None, base_paths=['.'], build_base='build', catkin_cmake_args=None, catkin_skip_building_tests=False, cmake_args=None, cmake_clean_cache=False, cmake_clean_first=False, cmake_force_configure=False, cmake_target=None, cmake_target_skip_unavailable=False, continue_on_error=False, event_handlers=None, executor='parallel', ignore_user_meta=False, install_base='install', log_base=None, log_level=None, main=<bound method BuildVerb.main of <colcon_core.verb.build.BuildVerb object at 0x7fd0657e4160>>, merge_install=False, metas=['./colcon.meta'], packages_above=None, packages_above_and_dependencies=None, packages_above_depth=None, packages_end=None, packages_ignore=None, packages_ignore_regex=None, packages_select=None, packages_select_build_failed=False, packages_select_by_dep=None, packages_select_regex=None, packages_select_test_failures=False, packages_skip=None, packages_skip_build_finished=False, packages_skip_by_dep=None, packages_skip_regex=None, packages_skip_test_passed=False, packages_skip_up_to=None, packages_start=None, packages_up_to=None, packages_up_to_regex=None, parallel_workers=8, paths=None, symlink_install=True, test_result_base=None, verb_extension=<colcon_core.verb.build.BuildVerb object at 0x7fd0657e4160>, verb_name='build', verb_parser=<colcon_defaults.argument_parser.defaults.DefaultArgumentsDecorator object at 0x7fd0657e46a0>)
[0.187s] Level 1:colcon.colcon_core.package_discovery:discover_packages(colcon_meta) check parameters
[0.187s] Level 1:colcon.colcon_core.package_discovery:discover_packages(recursive) check parameters
[0.187s] Level 1:colcon.colcon_core.package_discovery:discover_packages(ignore) check parameters
[0.187s] Level 1:colcon.colcon_core.package_discovery:discover_packages(path) check parameters
[0.187s] Level 1:colcon.colcon_core.package_discovery:discover_packages(colcon_meta) discover
[0.187s] Level 1:colcon.colcon_core.package_discovery:discover_packages(recursive) discover
[0.187s] INFO:colcon.colcon_core.package_discovery:Crawling recursively for packages in '/home/kevin/Documents/Thrust_Control/plot_ws'
[0.187s] Level 1:colcon.colcon_core.package_identification:_identify(.) by extensions ['ignore', 'ignore_ament_install']
[0.187s] Level 1:colcon.colcon_core.package_identification:_identify(.) by extension 'ignore'
[0.187s] Level 1:colcon.colcon_core.package_identification:_identify(.) by extension 'ignore_ament_install'
[0.187s] Level 1:colcon.colcon_core.package_identification:_identify(.) by extensions ['colcon_pkg']
[0.188s] Level 1:colcon.colcon_core.package_identification:_identify(.) by extension 'colcon_pkg'
[0.188s] Level 1:colcon.colcon_core.package_identification:_identify(.) by extensions ['colcon_meta']
[0.188s] Level 1:colcon.colcon_core.package_identification:_identify(.) by extension 'colcon_meta'
[0.188s] Level 1:colcon.colcon_core.package_identification:_identify(.) by extensions ['ros']
[0.188s] Level 1:colcon.colcon_core.package_identification:_identify(.) by extension 'ros'
[0.207s] Level 1:colcon.colcon_core.package_identification:_identify(.) by extensions ['cmake', 'python']
[0.207s] Level 1:colcon.colcon_core.package_identification:_identify(.) by extension 'cmake'
[0.207s] Level 1:colcon.colcon_core.package_identification:_identify(.) by extension 'python'
[0.207s] Level 1:colcon.colcon_core.package_identification:_identify(.) by extensions ['python_setup_py']
[0.207s] Level 1:colcon.colcon_core.package_identification:_identify(.) by extension 'python_setup_py'
[0.207s] Level 1:colcon.colcon_core.package_identification:_identify(build) by extensions ['ignore', 'ignore_ament_install']
[0.207s] Level 1:colcon.colcon_core.package_identification:_identify(build) by extension 'ignore'
[0.207s] Level 1:colcon.colcon_core.package_identification:_identify(build) ignored
[0.208s] Level 1:colcon.colcon_core.package_identification:_identify(install) by extensions ['ignore', 'ignore_ament_install']
[0.208s] Level 1:colcon.colcon_core.package_identification:_identify(install) by extension 'ignore'
[0.208s] Level 1:colcon.colcon_core.package_identification:_identify(install) ignored
[0.208s] Level 1:colcon.colcon_core.package_identification:_identify(log) by extensions ['ignore', 'ignore_ament_install']
[0.208s] Level 1:colcon.colcon_core.package_identification:_identify(log) by extension 'ignore'
[0.208s] Level 1:colcon.colcon_core.package_identification:_identify(log) ignored
[0.208s] Level 1:colcon.colcon_core.package_identification:_identify(src) by extensions ['ignore', 'ignore_ament_install']
[0.208s] Level 1:colcon.colcon_core.package_identification:_identify(src) by extension 'ignore'
[0.208s] Level 1:colcon.colcon_core.package_identification:_identify(src) by extension 'ignore_ament_install'
[0.208s] Level 1:colcon.colcon_core.package_identification:_identify(src) by extensions ['colcon_pkg']
[0.208s] Level 1:colcon.colcon_core.package_identification:_identify(src) by extension 'colcon_pkg'
[0.209s] Level 1:colcon.colcon_core.package_identification:_identify(src) by extensions ['colcon_meta']
[0.209s] Level 1:colcon.colcon_core.package_identification:_identify(src) by extension 'colcon_meta'
[0.209s] Level 1:colcon.colcon_core.package_identification:_identify(src) by extensions ['ros']
[0.209s] Level 1:colcon.colcon_core.package_identification:_identify(src) by extension 'ros'
[0.209s] Level 1:colcon.colcon_core.package_identification:_identify(src) by extensions ['cmake', 'python']
[0.209s] Level 1:colcon.colcon_core.package_identification:_identify(src) by extension 'cmake'
[0.209s] Level 1:colcon.colcon_core.package_identification:_identify(src) by extension 'python'
[0.209s] Level 1:colcon.colcon_core.package_identification:_identify(src) by extensions ['python_setup_py']
[0.209s] Level 1:colcon.colcon_core.package_identification:_identify(src) by extension 'python_setup_py'
[0.209s] Level 1:colcon.colcon_core.package_identification:_identify(src/thrust_msgs) by extensions ['ignore', 'ignore_ament_install']
[0.209s] Level 1:colcon.colcon_core.package_identification:_identify(src/thrust_msgs) by extension 'ignore'
[0.209s] Level 1:colcon.colcon_core.package_identification:_identify(src/thrust_msgs) by extension 'ignore_ament_install'
[0.209s] Level 1:colcon.colcon_core.package_identification:_identify(src/thrust_msgs) by extensions ['colcon_pkg']
[0.209s] Level 1:colcon.colcon_core.package_identification:_identify(src/thrust_msgs) by extension 'colcon_pkg'
[0.209s] Level 1:colcon.colcon_core.package_identification:_identify(src/thrust_msgs) by extensions ['colcon_meta']
[0.209s] Level 1:colcon.colcon_core.package_identification:_identify(src/thrust_msgs) by extension 'colcon_meta'
[0.209s] Level 1:colcon.colcon_core.package_identification:_identify(src/thrust_msgs) by extensions ['ros']
[0.210s] Level 1:colcon.colcon_core.package_identification:_identify(src/thrust_msgs) by extension 'ros'
[0.212s] DEBUG:colcon.colcon_core.package_identification:Package 'src/thrust_msgs' with type 'ros.ament_cmake' and name 'thrust_msgs'
[0.212s] Level 1:colcon.colcon_core.package_identification:_identify(src/thrust_plot) by extensions ['ignore', 'ignore_ament_install']
[0.212s] Level 1:colcon.colcon_core.package_identification:_identify(src/thrust_plot) by extension 'ignore'
[0.213s] Level 1:colcon.colcon_core.package_identification:_identify(src/thrust_plot) by extension 'ignore_ament_install'
[0.213s] Level 1:colcon.colcon_core.package_identification:_identify(src/thrust_plot) by extensions ['colcon_pkg']
[0.213s] Level 1:colcon.colcon_core.package_identification:_identify(src/thrust_plot) by extension 'colcon_pkg'
[0.213s] Level 1:colcon.colcon_core.package_identification:_identify(src/thrust_plot) by extensions ['colcon_meta']
[0.213s] Level 1:colcon.colcon_core.package_identification:_identify(src/thrust_plot) by extension 'colcon_meta'
[0.213s] Level 1:colcon.colcon_core.package_identification:_identify(src/thrust_plot) by extensions ['ros']
[0.213s] Level 1:colcon.colcon_core.package_identification:_identify(src/thrust_plot) by extension 'ros'
[0.213s] DEBUG:colcon.colcon_core.package_identification:Package 'src/thrust_plot' with type 'ros.ament_python' and name 'thrust_plot'
[0.214s] Level 1:colcon.colcon_core.package_discovery:discover_packages(recursive) using defaults
[0.214s] Level 1:colcon.colcon_core.package_discovery:discover_packages(ignore) discover
[0.214s] Level 1:colcon.colcon_core.package_discovery:discover_packages(ignore) using defaults
[0.214s] Level 1:colcon.colcon_core.package_discovery:discover_packages(path) discover
[0.214s] Level 1:colcon.colcon_core.package_discovery:discover_packages(path) using defaults
[0.239s] Level 1:colcon.colcon_core.package_discovery:discover_packages(prefix_path) check parameters
[0.240s] Level 1:colcon.colcon_core.package_discovery:discover_packages(prefix_path) discover
[0.241s] WARNING:colcon.colcon_ros.prefix_path.ament:The path '/home/kevin/Documents/Thrust_Control/plot_ws/install/py_pudsub' in the environment variable AMENT_PREFIX_PATH doesn't exist
[0.243s] DEBUG:colcon.colcon_installed_package_information.package_discovery:Found 2 installed packages in /home/kevin/Documents/Thrust_Control/plot_ws/install
[0.245s] DEBUG:colcon.colcon_installed_package_information.package_discovery:Found 281 installed packages in /opt/ros/galactic
[0.247s] Level 1:colcon.colcon_core.package_discovery:discover_packages(prefix_path) using defaults
[0.330s] Level 5:colcon.colcon_core.verb:set package 'thrust_msgs' build argument 'cmake_args' from command line to 'None'
[0.330s] Level 5:colcon.colcon_core.verb:set package 'thrust_msgs' build argument 'cmake_target' from command line to 'None'
[0.330s] Level 5:colcon.colcon_core.verb:set package 'thrust_msgs' build argument 'cmake_target_skip_unavailable' from command line to 'False'
[0.330s] Level 5:colcon.colcon_core.verb:set package 'thrust_msgs' build argument 'cmake_clean_cache' from command line to 'False'
[0.330s] Level 5:colcon.colcon_core.verb:set package 'thrust_msgs' build argument 'cmake_clean_first' from command line to 'False'
[0.330s] Level 5:colcon.colcon_core.verb:set package 'thrust_msgs' build argument 'cmake_force_configure' from command line to 'False'
[0.330s] Level 5:colcon.colcon_core.verb:set package 'thrust_msgs' build argument 'ament_cmake_args' from command line to 'None'
[0.330s] Level 5:colcon.colcon_core.verb:set package 'thrust_msgs' build argument 'catkin_cmake_args' from command line to 'None'
[0.330s] Level 5:colcon.colcon_core.verb:set package 'thrust_msgs' build argument 'catkin_skip_building_tests' from command line to 'False'
[0.330s] DEBUG:colcon.colcon_core.verb:Building package 'thrust_msgs' with the following arguments: {'ament_cmake_args': None, 'build_base': '/home/kevin/Documents/Thrust_Control/plot_ws/build/thrust_msgs', 'catkin_cmake_args': None, 'catkin_skip_building_tests': False, 'cmake_args': None, 'cmake_clean_cache': False, 'cmake_clean_first': False, 'cmake_force_configure': False, 'cmake_target': None, 'cmake_target_skip_unavailable': False, 'install_base': '/home/kevin/Documents/Thrust_Control/plot_ws/install/thrust_msgs', 'merge_install': False, 'path': '/home/kevin/Documents/Thrust_Control/plot_ws/src/thrust_msgs', 'symlink_install': True, 'test_result_base': None}
[0.331s] Level 5:colcon.colcon_core.verb:set package 'thrust_plot' build argument 'cmake_args' from command line to 'None'
[0.331s] Level 5:colcon.colcon_core.verb:set package 'thrust_plot' build argument 'cmake_target' from command line to 'None'
[0.331s] Level 5:colcon.colcon_core.verb:set package 'thrust_plot' build argument 'cmake_target_skip_unavailable' from command line to 'False'
[0.331s] Level 5:colcon.colcon_core.verb:set package 'thrust_plot' build argument 'cmake_clean_cache' from command line to 'False'
[0.331s] Level 5:colcon.colcon_core.verb:set package 'thrust_plot' build argument 'cmake_clean_first' from command line to 'False'
[0.331s] Level 5:colcon.colcon_core.verb:set package 'thrust_plot' build argument 'cmake_force_configure' from command line to 'False'
[0.332s] Level 5:colcon.colcon_core.verb:set package 'thrust_plot' build argument 'ament_cmake_args' from command line to 'None'
[0.332s] Level 5:colcon.colcon_core.verb:set package 'thrust_plot' build argument 'catkin_cmake_args' from command line to 'None'
[0.332s] Level 5:colcon.colcon_core.verb:set package 'thrust_plot' build argument 'catkin_skip_building_tests' from command line to 'False'
[0.332s] DEBUG:colcon.colcon_core.verb:Building package 'thrust_plot' with the following arguments: {'ament_cmake_args': None, 'build_base': '/home/kevin/Documents/Thrust_Control/plot_ws/build/thrust_plot', 'catkin_cmake_args': None, 'catkin_skip_building_tests': False, 'cmake_args': None, 'cmake_clean_cache': False, 'cmake_clean_first': False, 'cmake_force_configure': False, 'cmake_target': None, 'cmake_target_skip_unavailable': False, 'install_base': '/home/kevin/Documents/Thrust_Control/plot_ws/install/thrust_plot', 'merge_install': False, 'path': '/home/kevin/Documents/Thrust_Control/plot_ws/src/thrust_plot', 'symlink_install': True, 'test_result_base': None}
[0.333s] INFO:colcon.colcon_core.executor:Executing jobs using 'parallel' executor
[0.339s] DEBUG:colcon.colcon_parallel_executor.executor.parallel:run_until_complete
[0.340s] INFO:colcon.colcon_ros.task.ament_cmake.build:Building ROS package in '/home/kevin/Documents/Thrust_Control/plot_ws/src/thrust_msgs' with build type 'ament_cmake'
[0.340s] INFO:colcon.colcon_cmake.task.cmake.build:Building CMake package in '/home/kevin/Documents/Thrust_Control/plot_ws/src/thrust_msgs'
[0.345s] INFO:colcon.colcon_core.plugin_system:Skipping extension 'colcon_core.shell.bat': Not used on non-Windows systems
[0.345s] INFO:colcon.colcon_core.shell:Skip shell extension 'powershell' for command environment: Not usable outside of PowerShell
[0.345s] DEBUG:colcon.colcon_core.shell:Skip shell extension 'dsv' for command environment
[0.359s] DEBUG:colcon.colcon_core.event_handler.log_command:Invoking command in '/home/kevin/Documents/Thrust_Control/plot_ws/build/thrust_msgs': CMAKE_PREFIX_PATH=${CMAKE_PREFIX_PATH}:/home/kevin/Documents/Thrust_Control/plot_ws/install/thrust_plot:/home/kevin/Documents/Thrust_Control/plot_ws/install/py_pudsub:/opt/ros/galactic /usr/bin/cmake --build /home/kevin/Documents/Thrust_Control/plot_ws/build/thrust_msgs -- -j8 -l8
[3.897s] DEBUG:colcon.colcon_core.event_handler.log_command:Invoked command in '/home/kevin/Documents/Thrust_Control/plot_ws/build/thrust_msgs' returned '0': CMAKE_PREFIX_PATH=${CMAKE_PREFIX_PATH}:/home/kevin/Documents/Thrust_Control/plot_ws/install/thrust_plot:/home/kevin/Documents/Thrust_Control/plot_ws/install/py_pudsub:/opt/ros/galactic /usr/bin/cmake --build /home/kevin/Documents/Thrust_Control/plot_ws/build/thrust_msgs -- -j8 -l8
[3.955s] DEBUG:colcon.colcon_core.event_handler.log_command:Invoking command in '/home/kevin/Documents/Thrust_Control/plot_ws/build/thrust_msgs': CMAKE_PREFIX_PATH=${CMAKE_PREFIX_PATH}:/home/kevin/Documents/Thrust_Control/plot_ws/install/thrust_plot:/home/kevin/Documents/Thrust_Control/plot_ws/install/py_pudsub:/opt/ros/galactic /usr/bin/cmake --install /home/kevin/Documents/Thrust_Control/plot_ws/build/thrust_msgs
[4.039s] Level 1:colcon.colcon_core.environment:create_environment_scripts_only(thrust_msgs)
[4.041s] DEBUG:colcon.colcon_core.event_handler.log_command:Invoked command in '/home/kevin/Documents/Thrust_Control/plot_ws/build/thrust_msgs' returned '0': CMAKE_PREFIX_PATH=${CMAKE_PREFIX_PATH}:/home/kevin/Documents/Thrust_Control/plot_ws/install/thrust_plot:/home/kevin/Documents/Thrust_Control/plot_ws/install/py_pudsub:/opt/ros/galactic /usr/bin/cmake --install /home/kevin/Documents/Thrust_Control/plot_ws/build/thrust_msgs
[4.046s] Level 1:colcon.colcon_core.environment:checking '/home/kevin/Documents/Thrust_Control/plot_ws/install/thrust_msgs' for CMake module files
[4.047s] Level 1:colcon.colcon_core.environment:checking '/home/kevin/Documents/Thrust_Control/plot_ws/install/thrust_msgs' for CMake config files
[4.048s] Level 1:colcon.colcon_core.shell:create_environment_hook('thrust_msgs', 'cmake_prefix_path')
[4.050s] INFO:colcon.colcon_core.shell:Creating environment hook '/home/kevin/Documents/Thrust_Control/plot_ws/install/thrust_msgs/share/thrust_msgs/hook/cmake_prefix_path.ps1'
[4.051s] INFO:colcon.colcon_core.shell:Creating environment descriptor '/home/kevin/Documents/Thrust_Control/plot_ws/install/thrust_msgs/share/thrust_msgs/hook/cmake_prefix_path.dsv'
[4.051s] INFO:colcon.colcon_core.shell:Creating environment hook '/home/kevin/Documents/Thrust_Control/plot_ws/install/thrust_msgs/share/thrust_msgs/hook/cmake_prefix_path.sh'
[4.052s] Level 1:colcon.colcon_core.environment:checking '/home/kevin/Documents/Thrust_Control/plot_ws/install/thrust_msgs/lib'
[4.052s] Level 1:colcon.colcon_core.shell:create_environment_hook('thrust_msgs', 'ld_library_path_lib')
[4.055s] INFO:colcon.colcon_core.shell:Creating environment hook '/home/kevin/Documents/Thrust_Control/plot_ws/install/thrust_msgs/share/thrust_msgs/hook/ld_library_path_lib.ps1'
[4.055s] INFO:colcon.colcon_core.shell:Creating environment descriptor '/home/kevin/Documents/Thrust_Control/plot_ws/install/thrust_msgs/share/thrust_msgs/hook/ld_library_path_lib.dsv'
[4.055s] INFO:colcon.colcon_core.shell:Creating environment hook '/home/kevin/Documents/Thrust_Control/plot_ws/install/thrust_msgs/share/thrust_msgs/hook/ld_library_path_lib.sh'
[4.056s] Level 1:colcon.colcon_core.environment:checking '/home/kevin/Documents/Thrust_Control/plot_ws/install/thrust_msgs/bin'
[4.056s] Level 1:colcon.colcon_core.environment:checking '/home/kevin/Documents/Thrust_Control/plot_ws/install/thrust_msgs/lib/pkgconfig/thrust_msgs.pc'
[4.056s] Level 1:colcon.colcon_core.environment:checking '/home/kevin/Documents/Thrust_Control/plot_ws/install/thrust_msgs/lib/python3.8/site-packages'
[4.056s] Level 1:colcon.colcon_core.shell:create_environment_hook('thrust_msgs', 'pythonpath')
[4.058s] INFO:colcon.colcon_core.shell:Creating environment hook '/home/kevin/Documents/Thrust_Control/plot_ws/install/thrust_msgs/share/thrust_msgs/hook/pythonpath.ps1'
[4.059s] INFO:colcon.colcon_core.shell:Creating environment descriptor '/home/kevin/Documents/Thrust_Control/plot_ws/install/thrust_msgs/share/thrust_msgs/hook/pythonpath.dsv'
[4.059s] INFO:colcon.colcon_core.shell:Creating environment hook '/home/kevin/Documents/Thrust_Control/plot_ws/install/thrust_msgs/share/thrust_msgs/hook/pythonpath.sh'
[4.059s] Level 1:colcon.colcon_core.environment:checking '/home/kevin/Documents/Thrust_Control/plot_ws/install/thrust_msgs/bin'
[4.062s] INFO:colcon.colcon_core.shell:Creating package script '/home/kevin/Documents/Thrust_Control/plot_ws/install/thrust_msgs/share/thrust_msgs/package.ps1'
[4.063s] INFO:colcon.colcon_core.shell:Creating package descriptor '/home/kevin/Documents/Thrust_Control/plot_ws/install/thrust_msgs/share/thrust_msgs/package.dsv'
[4.063s] INFO:colcon.colcon_core.shell:Creating package script '/home/kevin/Documents/Thrust_Control/plot_ws/install/thrust_msgs/share/thrust_msgs/package.sh'
[4.064s] INFO:colcon.colcon_core.shell:Creating package script '/home/kevin/Documents/Thrust_Control/plot_ws/install/thrust_msgs/share/thrust_msgs/package.bash'
[4.064s] INFO:colcon.colcon_core.shell:Creating package script '/home/kevin/Documents/Thrust_Control/plot_ws/install/thrust_msgs/share/thrust_msgs/package.zsh'
[4.065s] Level 1:colcon.colcon_core.environment:create_file_with_runtime_dependencies(/home/kevin/Documents/Thrust_Control/plot_ws/install/thrust_msgs/share/colcon-core/packages/thrust_msgs)
[4.111s] Level 1:colcon.colcon_core.environment:create_environment_scripts_only(thrust_msgs)
[4.114s] Level 1:colcon.colcon_core.environment:checking '/home/kevin/Documents/Thrust_Control/plot_ws/install/thrust_msgs' for CMake module files
[4.115s] Level 1:colcon.colcon_core.environment:checking '/home/kevin/Documents/Thrust_Control/plot_ws/install/thrust_msgs' for CMake config files
[4.116s] Level 1:colcon.colcon_core.shell:create_environment_hook('thrust_msgs', 'cmake_prefix_path')
[4.118s] INFO:colcon.colcon_core.shell:Creating environment hook '/home/kevin/Documents/Thrust_Control/plot_ws/install/thrust_msgs/share/thrust_msgs/hook/cmake_prefix_path.ps1'
[4.118s] INFO:colcon.colcon_core.shell:Creating environment descriptor '/home/kevin/Documents/Thrust_Control/plot_ws/install/thrust_msgs/share/thrust_msgs/hook/cmake_prefix_path.dsv'
[4.119s] INFO:colcon.colcon_core.shell:Creating environment hook '/home/kevin/Documents/Thrust_Control/plot_ws/install/thrust_msgs/share/thrust_msgs/hook/cmake_prefix_path.sh'
[4.119s] Level 1:colcon.colcon_core.environment:checking '/home/kevin/Documents/Thrust_Control/plot_ws/install/thrust_msgs/lib'
[4.119s] Level 1:colcon.colcon_core.shell:create_environment_hook('thrust_msgs', 'ld_library_path_lib')
[4.122s] INFO:colcon.colcon_core.shell:Creating environment hook '/home/kevin/Documents/Thrust_Control/plot_ws/install/thrust_msgs/share/thrust_msgs/hook/ld_library_path_lib.ps1'
[4.122s] INFO:colcon.colcon_core.shell:Creating environment descriptor '/home/kevin/Documents/Thrust_Control/plot_ws/install/thrust_msgs/share/thrust_msgs/hook/ld_library_path_lib.dsv'
[4.122s] INFO:colcon.colcon_core.shell:Creating environment hook '/home/kevin/Documents/Thrust_Control/plot_ws/install/thrust_msgs/share/thrust_msgs/hook/ld_library_path_lib.sh'
[4.123s] Level 1:colcon.colcon_core.environment:checking '/home/kevin/Documents/Thrust_Control/plot_ws/install/thrust_msgs/bin'
[4.123s] Level 1:colcon.colcon_core.environment:checking '/home/kevin/Documents/Thrust_Control/plot_ws/install/thrust_msgs/lib/pkgconfig/thrust_msgs.pc'
[4.123s] Level 1:colcon.colcon_core.environment:checking '/home/kevin/Documents/Thrust_Control/plot_ws/install/thrust_msgs/lib/python3.8/site-packages'
[4.123s] Level 1:colcon.colcon_core.shell:create_environment_hook('thrust_msgs', 'pythonpath')
[4.125s] INFO:colcon.colcon_core.shell:Creating environment hook '/home/kevin/Documents/Thrust_Control/plot_ws/install/thrust_msgs/share/thrust_msgs/hook/pythonpath.ps1'
[4.125s] INFO:colcon.colcon_core.shell:Creating environment descriptor '/home/kevin/Documents/Thrust_Control/plot_ws/install/thrust_msgs/share/thrust_msgs/hook/pythonpath.dsv'
[4.126s] INFO:colcon.colcon_core.shell:Creating environment hook '/home/kevin/Documents/Thrust_Control/plot_ws/install/thrust_msgs/share/thrust_msgs/hook/pythonpath.sh'
[4.126s] Level 1:colcon.colcon_core.environment:checking '/home/kevin/Documents/Thrust_Control/plot_ws/install/thrust_msgs/bin'
[4.129s] INFO:colcon.colcon_core.shell:Creating package script '/home/kevin/Documents/Thrust_Control/plot_ws/install/thrust_msgs/share/thrust_msgs/package.ps1'
[4.129s] INFO:colcon.colcon_core.shell:Creating package descriptor '/home/kevin/Documents/Thrust_Control/plot_ws/install/thrust_msgs/share/thrust_msgs/package.dsv'
[4.130s] INFO:colcon.colcon_core.shell:Creating package script '/home/kevin/Documents/Thrust_Control/plot_ws/install/thrust_msgs/share/thrust_msgs/package.sh'
[4.130s] INFO:colcon.colcon_core.shell:Creating package script '/home/kevin/Documents/Thrust_Control/plot_ws/install/thrust_msgs/share/thrust_msgs/package.bash'
[4.130s] INFO:colcon.colcon_core.shell:Creating package script '/home/kevin/Documents/Thrust_Control/plot_ws/install/thrust_msgs/share/thrust_msgs/package.zsh'
[4.131s] Level 1:colcon.colcon_core.environment:create_file_with_runtime_dependencies(/home/kevin/Documents/Thrust_Control/plot_ws/install/thrust_msgs/share/colcon-core/packages/thrust_msgs)
[4.131s] INFO:colcon.colcon_ros.task.ament_python.build:Building ROS package in '/home/kevin/Documents/Thrust_Control/plot_ws/src/thrust_plot' with build type 'ament_python'
[4.131s] Level 1:colcon.colcon_core.shell:create_environment_hook('thrust_plot', 'ament_prefix_path')
[4.134s] INFO:colcon.colcon_core.shell:Creating environment hook '/home/kevin/Documents/Thrust_Control/plot_ws/install/thrust_plot/share/thrust_plot/hook/ament_prefix_path.ps1'
[4.134s] INFO:colcon.colcon_core.shell:Creating environment descriptor '/home/kevin/Documents/Thrust_Control/plot_ws/install/thrust_plot/share/thrust_plot/hook/ament_prefix_path.dsv'
[4.135s] INFO:colcon.colcon_core.shell:Creating environment hook '/home/kevin/Documents/Thrust_Control/plot_ws/install/thrust_plot/share/thrust_plot/hook/ament_prefix_path.sh'
[4.137s] INFO:colcon.colcon_core.shell:Skip shell extension 'powershell' for command environment: Not usable outside of PowerShell
[4.137s] DEBUG:colcon.colcon_core.shell:Skip shell extension 'dsv' for command environment
[4.376s] INFO:colcon.colcon_core.task.python.build:Building Python package in '/home/kevin/Documents/Thrust_Control/plot_ws/src/thrust_plot'
[4.380s] INFO:colcon.colcon_core.shell:Skip shell extension 'powershell' for command environment: Not usable outside of PowerShell
[4.380s] DEBUG:colcon.colcon_core.shell:Skip shell extension 'dsv' for command environment
[4.775s] DEBUG:colcon.colcon_core.event_handler.log_command:Invoking command in '/home/kevin/Documents/Thrust_Control/plot_ws/build/thrust_plot': PYTHONPATH=/home/kevin/Documents/Thrust_Control/plot_ws/install/thrust_plot/lib/python3.8/site-packages:/home/kevin/Documents/Thrust_Control/plot_ws/install/thrust_msgs/lib/python3.8/site-packages:/home/kevin/Documents/Thrust_Control/plot_ws/build/thrust_plot:/home/kevin/Documents/Thrust_Control/plot_ws/install/thrust_plot/lib/python3.8/site-packages:/home/kevin/Documents/Thrust_Control/plot_ws/build/py_pudsub:/home/kevin/Documents/Thrust_Control/plot_ws/install/py_pudsub/lib/python3.8/site-packages:/opt/ros/galactic/lib/python3.8/site-packages /usr/bin/python3 setup.py develop --prefix /home/kevin/Documents/Thrust_Control/plot_ws/install/thrust_plot --editable --build-directory /home/kevin/Documents/Thrust_Control/plot_ws/build/thrust_plot/build --no-deps install_data --install-dir /home/kevin/Documents/Thrust_Control/plot_ws/install/thrust_plot
[5.255s] Level 1:colcon.colcon_core.shell:create_environment_hook('thrust_plot', 'pythonpath_develop')
[5.259s] INFO:colcon.colcon_core.shell:Creating environment hook '/home/kevin/Documents/Thrust_Control/plot_ws/build/thrust_plot/share/thrust_plot/hook/pythonpath_develop.ps1'
[5.260s] DEBUG:colcon.colcon_core.event_handler.log_command:Invoked command in '/home/kevin/Documents/Thrust_Control/plot_ws/build/thrust_plot' returned '0': PYTHONPATH=/home/kevin/Documents/Thrust_Control/plot_ws/install/thrust_plot/lib/python3.8/site-packages:/home/kevin/Documents/Thrust_Control/plot_ws/install/thrust_msgs/lib/python3.8/site-packages:/home/kevin/Documents/Thrust_Control/plot_ws/build/thrust_plot:/home/kevin/Documents/Thrust_Control/plot_ws/install/thrust_plot/lib/python3.8/site-packages:/home/kevin/Documents/Thrust_Control/plot_ws/build/py_pudsub:/home/kevin/Documents/Thrust_Control/plot_ws/install/py_pudsub/lib/python3.8/site-packages:/opt/ros/galactic/lib/python3.8/site-packages /usr/bin/python3 setup.py develop --prefix /home/kevin/Documents/Thrust_Control/plot_ws/install/thrust_plot --editable --build-directory /home/kevin/Documents/Thrust_Control/plot_ws/build/thrust_plot/build --no-deps install_data --install-dir /home/kevin/Documents/Thrust_Control/plot_ws/install/thrust_plot
[5.260s] INFO:colcon.colcon_core.shell:Creating environment descriptor '/home/kevin/Documents/Thrust_Control/plot_ws/build/thrust_plot/share/thrust_plot/hook/pythonpath_develop.dsv'
[5.261s] INFO:colcon.colcon_core.shell:Creating environment hook '/home/kevin/Documents/Thrust_Control/plot_ws/build/thrust_plot/share/thrust_plot/hook/pythonpath_develop.sh'
[5.266s] Level 1:colcon.colcon_core.environment:checking '/home/kevin/Documents/Thrust_Control/plot_ws/install/thrust_plot' for CMake module files
[5.266s] Level 1:colcon.colcon_core.environment:checking '/home/kevin/Documents/Thrust_Control/plot_ws/install/thrust_plot' for CMake config files
[5.267s] Level 1:colcon.colcon_core.environment:checking '/home/kevin/Documents/Thrust_Control/plot_ws/install/thrust_plot/lib'
[5.267s] Level 1:colcon.colcon_core.environment:checking '/home/kevin/Documents/Thrust_Control/plot_ws/install/thrust_plot/bin'
[5.267s] Level 1:colcon.colcon_core.environment:checking '/home/kevin/Documents/Thrust_Control/plot_ws/install/thrust_plot/lib/pkgconfig/thrust_plot.pc'
[5.268s] Level 1:colcon.colcon_core.environment:checking '/home/kevin/Documents/Thrust_Control/plot_ws/install/thrust_plot/lib/python3.8/site-packages'
[5.268s] Level 1:colcon.colcon_core.shell:create_environment_hook('thrust_plot', 'pythonpath')
[5.271s] INFO:colcon.colcon_core.shell:Creating environment hook '/home/kevin/Documents/Thrust_Control/plot_ws/install/thrust_plot/share/thrust_plot/hook/pythonpath.ps1'
[5.271s] INFO:colcon.colcon_core.shell:Creating environment descriptor '/home/kevin/Documents/Thrust_Control/plot_ws/install/thrust_plot/share/thrust_plot/hook/pythonpath.dsv'
[5.271s] INFO:colcon.colcon_core.shell:Creating environment hook '/home/kevin/Documents/Thrust_Control/plot_ws/install/thrust_plot/share/thrust_plot/hook/pythonpath.sh'
[5.272s] Level 1:colcon.colcon_core.environment:checking '/home/kevin/Documents/Thrust_Control/plot_ws/install/thrust_plot/bin'
[5.272s] Level 1:colcon.colcon_core.environment:create_environment_scripts_only(thrust_plot)
[5.275s] INFO:colcon.colcon_core.shell:Creating package script '/home/kevin/Documents/Thrust_Control/plot_ws/install/thrust_plot/share/thrust_plot/package.ps1'
[5.276s] INFO:colcon.colcon_core.shell:Creating package descriptor '/home/kevin/Documents/Thrust_Control/plot_ws/install/thrust_plot/share/thrust_plot/package.dsv'
[5.276s] INFO:colcon.colcon_core.shell:Creating package script '/home/kevin/Documents/Thrust_Control/plot_ws/install/thrust_plot/share/thrust_plot/package.sh'
[5.277s] INFO:colcon.colcon_core.shell:Creating package script '/home/kevin/Documents/Thrust_Control/plot_ws/install/thrust_plot/share/thrust_plot/package.bash'
[5.277s] INFO:colcon.colcon_core.shell:Creating package script '/home/kevin/Documents/Thrust_Control/plot_ws/install/thrust_plot/share/thrust_plot/package.zsh'
[5.278s] Level 1:colcon.colcon_core.environment:create_file_with_runtime_dependencies(/home/kevin/Documents/Thrust_Control/plot_ws/install/thrust_plot/share/colcon-core/packages/thrust_plot)
[5.278s] DEBUG:colcon.colcon_parallel_executor.executor.parallel:closing loop
[5.278s] DEBUG:colcon.colcon_parallel_executor.executor.parallel:loop closed
[5.278s] DEBUG:colcon.colcon_parallel_executor.executor.parallel:run_until_complete finished with '0'
[5.279s] DEBUG:colcon.colcon_core.event_reactor:joining thread
[5.287s] INFO:colcon.colcon_core.plugin_system:Skipping extension 'colcon_notification.desktop_notification.terminal_notifier': Not used on non-Darwin systems
[5.287s] INFO:colcon.colcon_core.plugin_system:Skipping extension 'colcon_notification.desktop_notification.win32': Not used on non-Windows systems
[5.287s] INFO:colcon.colcon_notification.desktop_notification:Sending desktop notification using 'notify2'
[5.302s] DEBUG:colcon.colcon_core.event_reactor:joined thread
[5.305s] INFO:colcon.colcon_core.shell:Creating prefix script '/home/kevin/Documents/Thrust_Control/plot_ws/install/local_setup.ps1'
[5.307s] INFO:colcon.colcon_core.shell:Creating prefix util module '/home/kevin/Documents/Thrust_Control/plot_ws/install/_local_setup_util_ps1.py'
[5.309s] INFO:colcon.colcon_core.shell:Creating prefix chain script '/home/kevin/Documents/Thrust_Control/plot_ws/install/setup.ps1'
[5.311s] INFO:colcon.colcon_core.shell:Creating prefix script '/home/kevin/Documents/Thrust_Control/plot_ws/install/local_setup.sh'
[5.312s] INFO:colcon.colcon_core.shell:Creating prefix util module '/home/kevin/Documents/Thrust_Control/plot_ws/install/_local_setup_util_sh.py'
[5.312s] INFO:colcon.colcon_core.shell:Creating prefix chain script '/home/kevin/Documents/Thrust_Control/plot_ws/install/setup.sh'
[5.314s] INFO:colcon.colcon_core.shell:Creating prefix script '/home/kevin/Documents/Thrust_Control/plot_ws/install/local_setup.bash'
[5.315s] INFO:colcon.colcon_core.shell:Creating prefix chain script '/home/kevin/Documents/Thrust_Control/plot_ws/install/setup.bash'
[5.317s] INFO:colcon.colcon_core.shell:Creating prefix script '/home/kevin/Documents/Thrust_Control/plot_ws/install/local_setup.zsh'
[5.318s] INFO:colcon.colcon_core.shell:Creating prefix chain script '/home/kevin/Documents/Thrust_Control/plot_ws/install/setup.zsh'
