[0.018s] Invoking command in '/home/kevin/Documents/Thrust_Control/plot_ws/build/thrust_msgs': CMAKE_PREFIX_PATH=${CMAKE_PREFIX_PATH}:/home/kevin/Documents/Thrust_Control/plot_ws/install/thrust_plot:/opt/ros/galactic /usr/bin/cmake --build /home/kevin/Documents/Thrust_Control/plot_ws/build/thrust_msgs -- -j8 -l8
[0.085s] -- Found ament_cmake: 1.1.5 (/opt/ros/galactic/share/ament_cmake/cmake)
[0.117s] -- Found PythonInterp: /usr/bin/python3 (found suitable version "3.8.10", minimum required is "3") 
[0.117s] -- Using PYTHON_EXECUTABLE: /usr/bin/python3
[0.184s] -- Override CMake install command with custom implementation using symlinks instead of copying resources
[0.202s] -- Found ament_lint_auto: 0.10.7 (/opt/ros/galactic/share/ament_lint_auto/cmake)
[0.273s] -- Found rosidl_default_generators: 1.1.1 (/opt/ros/galactic/share/rosidl_default_generators/cmake)
[0.277s] -- Using all available rosidl_typesupport_c: rosidl_typesupport_fastrtps_c;rosidl_typesupport_introspection_c
[0.282s] -- Found rosidl_adapter: 2.2.2 (/opt/ros/galactic/share/rosidl_adapter/cmake)
[0.445s] -- Using all available rosidl_typesupport_cpp: rosidl_typesupport_fastrtps_cpp;rosidl_typesupport_introspection_cpp
[0.477s] -- Found std_msgs: 2.2.4 (/opt/ros/galactic/share/std_msgs/cmake)
[0.546s] -- Found PythonInterp: /usr/bin/python3 (found version "3.8.10") 
[0.653s] -- Found ament_cmake_ros: 0.9.2 (/opt/ros/galactic/share/ament_cmake_ros/cmake)
[0.832s] -- Using all available rosidl_typesupport_c: rosidl_typesupport_fastrtps_c;rosidl_typesupport_introspection_c
[0.896s] -- Using all available rosidl_typesupport_cpp: rosidl_typesupport_fastrtps_cpp;rosidl_typesupport_introspection_cpp
[0.928s] -- Found PythonInterp: /usr/bin/python3 (found suitable version "3.8.10", minimum required is "3.5") 
[0.928s] -- Found python_cmake_module: 0.8.1 (/opt/ros/galactic/share/python_cmake_module/cmake)
[0.958s] -- Using PYTHON_EXECUTABLE: /usr/bin/python3
[0.958s] -- Using PYTHON_INCLUDE_DIRS: /usr/include/python3.8
[0.958s] -- Using PYTHON_LIBRARIES: /usr/lib/x86_64-linux-gnu/libpython3.8.so
[1.002s] -- Added test 'copyright' to check source files copyright and LICENSE
[1.004s] -- Added test 'lint_cmake' to check CMake code style
[1.005s] -- Added test 'xmllint' to check XML markup files
[1.015s] -- Configuring done
[1.086s] -- Generating done
[1.093s] -- Build files have been written to: /home/kevin/Documents/Thrust_Control/plot_ws/build/thrust_msgs
[1.123s] [  3%] [34m[1mGenerating C code for ROS interfaces[0m
[1.134s] [  6%] [34m[1mGenerating C++ code for ROS interfaces[0m
[1.450s] [35m[1mScanning dependencies of target thrust_msgs__rosidl_generator_c[0m
[1.454s] [  6%] Built target thrust_msgs__cpp
[1.481s] [ 16%] [34m[1mGenerating C++ type support dispatch for ROS interfaces[0m
[1.481s] [ 16%] [34m[1mGenerating C++ type support for eProsima Fast-RTPS[0m
[1.481s] [ 16%] [34m[1mGenerating C++ introspection for ROS interfaces[0m
[1.487s] [ 19%] [32mBuilding C object CMakeFiles/thrust_msgs__rosidl_generator_c.dir/rosidl_generator_c/thrust_msgs/msg/detail/thrust__functions.c.o[0m
[1.669s] [ 22%] [32m[1mLinking C shared library libthrust_msgs__rosidl_generator_c.so[0m
[1.734s] [ 22%] Built target thrust_msgs__rosidl_generator_c
[1.749s] [ 25%] [34m[1mGenerating C type support dispatch for ROS interfaces[0m
[1.751s] [ 29%] [34m[1mGenerating C introspection for ROS interfaces[0m
[1.805s] [35m[1mScanning dependencies of target thrust_msgs__rosidl_typesupport_cpp[0m
[1.821s] [ 32%] [32mBuilding CXX object CMakeFiles/thrust_msgs__rosidl_typesupport_cpp.dir/rosidl_typesupport_cpp/thrust_msgs/msg/thrust__type_support.cpp.o[0m
[1.864s] [35m[1mScanning dependencies of target thrust_msgs__rosidl_typesupport_introspection_cpp[0m
[1.882s] [ 35%] [32mBuilding CXX object CMakeFiles/thrust_msgs__rosidl_typesupport_introspection_cpp.dir/rosidl_typesupport_introspection_cpp/thrust_msgs/msg/detail/thrust__type_support.cpp.o[0m
[1.902s] [35m[1mScanning dependencies of target thrust_msgs__rosidl_typesupport_fastrtps_cpp[0m
[1.920s] [ 38%] [32mBuilding CXX object CMakeFiles/thrust_msgs__rosidl_typesupport_fastrtps_cpp.dir/rosidl_typesupport_fastrtps_cpp/thrust_msgs/msg/detail/dds_fastrtps/thrust__type_support.cpp.o[0m
[2.253s] [35m[1mScanning dependencies of target thrust_msgs__rosidl_typesupport_introspection_c[0m
[2.275s] [35m[1mScanning dependencies of target thrust_msgs__rosidl_typesupport_c[0m
[2.279s] [ 41%] [32mBuilding C object CMakeFiles/thrust_msgs__rosidl_typesupport_introspection_c.dir/rosidl_typesupport_introspection_c/thrust_msgs/msg/detail/thrust__type_support.c.o[0m
[2.299s] [ 45%] [32mBuilding CXX object CMakeFiles/thrust_msgs__rosidl_typesupport_c.dir/rosidl_typesupport_c/thrust_msgs/msg/thrust__type_support.cpp.o[0m
[2.331s] [ 48%] [32m[1mLinking C shared library libthrust_msgs__rosidl_typesupport_introspection_c.so[0m
[2.369s] [ 51%] [32m[1mLinking CXX shared library libthrust_msgs__rosidl_typesupport_c.so[0m
[2.375s] [ 54%] [32m[1mLinking CXX shared library libthrust_msgs__rosidl_typesupport_cpp.so[0m
[2.381s] [ 54%] Built target thrust_msgs__rosidl_typesupport_introspection_c
[2.430s] [ 54%] Built target thrust_msgs__rosidl_typesupport_c
[2.430s] [ 58%] [32m[1mLinking CXX shared library libthrust_msgs__rosidl_typesupport_introspection_cpp.so[0m
[2.431s] [ 58%] Built target thrust_msgs__rosidl_typesupport_cpp
[2.508s] [ 58%] Built target thrust_msgs__rosidl_typesupport_introspection_cpp
[2.559s] [ 61%] [32m[1mLinking CXX shared library libthrust_msgs__rosidl_typesupport_fastrtps_cpp.so[0m
[2.680s] [ 61%] Built target thrust_msgs__rosidl_typesupport_fastrtps_cpp
[2.693s] [ 64%] [34m[1mGenerating C type support for eProsima Fast-RTPS[0m
[3.019s] [35m[1mScanning dependencies of target thrust_msgs__rosidl_typesupport_fastrtps_c[0m
[3.033s] [ 67%] [32mBuilding CXX object CMakeFiles/thrust_msgs__rosidl_typesupport_fastrtps_c.dir/rosidl_typesupport_fastrtps_c/thrust_msgs/msg/detail/thrust__type_support_c.cpp.o[0m
[3.373s] [ 70%] [32m[1mLinking CXX shared library libthrust_msgs__rosidl_typesupport_fastrtps_c.so[0m
[3.474s] [ 70%] Built target thrust_msgs__rosidl_typesupport_fastrtps_c
[3.495s] [ 70%] Built target thrust_msgs
[3.517s] [ 74%] [34m[1mGenerating Python code for ROS interfaces[0m
[4.065s] [ 74%] Built target thrust_msgs__py
[4.077s] [35m[1mScanning dependencies of target thrust_msgs__python[0m
[4.092s] [ 77%] [32mBuilding C object CMakeFiles/thrust_msgs__python.dir/rosidl_generator_py/thrust_msgs/msg/_thrust_s.c.o[0m
[4.209s] [ 80%] [32m[1mLinking C shared library rosidl_generator_py/thrust_msgs/libthrust_msgs__python.so[0m
[4.251s] [ 80%] Built target thrust_msgs__python
[4.263s] [35m[1mScanning dependencies of target thrust_msgs__rosidl_typesupport_introspection_c__pyext[0m
[4.263s] [35m[1mScanning dependencies of target thrust_msgs__rosidl_typesupport_c__pyext[0m
[4.263s] [35m[1mScanning dependencies of target thrust_msgs__rosidl_typesupport_fastrtps_c__pyext[0m
[4.282s] [ 83%] [32mBuilding C object CMakeFiles/thrust_msgs__rosidl_typesupport_introspection_c__pyext.dir/rosidl_generator_py/thrust_msgs/_thrust_msgs_s.ep.rosidl_typesupport_introspection_c.c.o[0m
[4.283s] [ 87%] [32mBuilding C object CMakeFiles/thrust_msgs__rosidl_typesupport_c__pyext.dir/rosidl_generator_py/thrust_msgs/_thrust_msgs_s.ep.rosidl_typesupport_c.c.o[0m
[4.287s] [ 90%] [32mBuilding C object CMakeFiles/thrust_msgs__rosidl_typesupport_fastrtps_c__pyext.dir/rosidl_generator_py/thrust_msgs/_thrust_msgs_s.ep.rosidl_typesupport_fastrtps_c.c.o[0m
[4.372s] [ 93%] [32m[1mLinking C shared library rosidl_generator_py/thrust_msgs/thrust_msgs_s__rosidl_typesupport_c.cpython-38-x86_64-linux-gnu.so[0m
[4.374s] [ 96%] [32m[1mLinking C shared library rosidl_generator_py/thrust_msgs/thrust_msgs_s__rosidl_typesupport_introspection_c.cpython-38-x86_64-linux-gnu.so[0m
[4.379s] [100%] [32m[1mLinking CXX shared library rosidl_generator_py/thrust_msgs/thrust_msgs_s__rosidl_typesupport_fastrtps_c.cpython-38-x86_64-linux-gnu.so[0m
[4.413s] [100%] Built target thrust_msgs__rosidl_typesupport_c__pyext
[4.416s] [100%] Built target thrust_msgs__rosidl_typesupport_introspection_c__pyext
[4.454s] [100%] Built target thrust_msgs__rosidl_typesupport_fastrtps_c__pyext
[4.467s] Invoked command in '/home/kevin/Documents/Thrust_Control/plot_ws/build/thrust_msgs' returned '0': CMAKE_PREFIX_PATH=${CMAKE_PREFIX_PATH}:/home/kevin/Documents/Thrust_Control/plot_ws/install/thrust_plot:/opt/ros/galactic /usr/bin/cmake --build /home/kevin/Documents/Thrust_Control/plot_ws/build/thrust_msgs -- -j8 -l8
[4.524s] Invoking command in '/home/kevin/Documents/Thrust_Control/plot_ws/build/thrust_msgs': CMAKE_PREFIX_PATH=${CMAKE_PREFIX_PATH}:/home/kevin/Documents/Thrust_Control/plot_ws/install/thrust_plot:/opt/ros/galactic /usr/bin/cmake --install /home/kevin/Documents/Thrust_Control/plot_ws/build/thrust_msgs
[4.534s] -- Install configuration: ""
[4.535s] -- Execute custom install script
[4.535s] -- Up-to-date symlink: /home/kevin/Documents/Thrust_Control/plot_ws/install/thrust_msgs/share/ament_index/resource_index/rosidl_interfaces/thrust_msgs
[4.536s] -- Up-to-date symlink: /home/kevin/Documents/Thrust_Control/plot_ws/install/thrust_msgs/include/thrust_msgs/msg/detail/thrust__functions.h
[4.536s] -- Up-to-date symlink: /home/kevin/Documents/Thrust_Control/plot_ws/install/thrust_msgs/include/thrust_msgs/msg/detail/thrust__struct.h
[4.536s] -- Up-to-date symlink: /home/kevin/Documents/Thrust_Control/plot_ws/install/thrust_msgs/include/thrust_msgs/msg/detail/thrust__type_support.h
[4.537s] -- Up-to-date symlink: /home/kevin/Documents/Thrust_Control/plot_ws/install/thrust_msgs/include/thrust_msgs/msg/rosidl_generator_c__visibility_control.h
[4.537s] -- Up-to-date symlink: /home/kevin/Documents/Thrust_Control/plot_ws/install/thrust_msgs/include/thrust_msgs/msg/thrust.h
[4.537s] -- Up-to-date symlink: /home/kevin/Documents/Thrust_Control/plot_ws/install/thrust_msgs/share/thrust_msgs/environment/library_path.sh
[4.537s] -- Up-to-date symlink: /home/kevin/Documents/Thrust_Control/plot_ws/install/thrust_msgs/share/thrust_msgs/environment/library_path.dsv
[4.538s] -- Up-to-date symlink: /home/kevin/Documents/Thrust_Control/plot_ws/install/thrust_msgs/include/thrust_msgs/msg/detail/thrust__rosidl_typesupport_fastrtps_c.h
[4.538s] -- Up-to-date symlink: /home/kevin/Documents/Thrust_Control/plot_ws/install/thrust_msgs/include/thrust_msgs/msg/rosidl_typesupport_fastrtps_c__visibility_control.h
[4.539s] -- Up-to-date symlink: /home/kevin/Documents/Thrust_Control/plot_ws/install/thrust_msgs/lib/libthrust_msgs__rosidl_typesupport_fastrtps_c.so
[4.540s] -- Up-to-date symlink: /home/kevin/Documents/Thrust_Control/plot_ws/install/thrust_msgs/include/thrust_msgs/msg/detail/thrust__rosidl_typesupport_fastrtps_cpp.hpp
[4.540s] -- Up-to-date symlink: /home/kevin/Documents/Thrust_Control/plot_ws/install/thrust_msgs/include/thrust_msgs/msg/rosidl_typesupport_fastrtps_cpp__visibility_control.h
[4.541s] -- Up-to-date symlink: /home/kevin/Documents/Thrust_Control/plot_ws/install/thrust_msgs/lib/libthrust_msgs__rosidl_typesupport_fastrtps_cpp.so
[4.541s] -- Up-to-date symlink: /home/kevin/Documents/Thrust_Control/plot_ws/install/thrust_msgs/include/thrust_msgs/msg/detail/thrust__rosidl_typesupport_introspection_c.h
[4.542s] -- Up-to-date symlink: /home/kevin/Documents/Thrust_Control/plot_ws/install/thrust_msgs/include/thrust_msgs/msg/rosidl_typesupport_introspection_c__visibility_control.h
[4.542s] -- Up-to-date symlink: /home/kevin/Documents/Thrust_Control/plot_ws/install/thrust_msgs/include/thrust_msgs/msg/detail/thrust__builder.hpp
[4.542s] -- Up-to-date symlink: /home/kevin/Documents/Thrust_Control/plot_ws/install/thrust_msgs/include/thrust_msgs/msg/detail/thrust__struct.hpp
[4.543s] -- Up-to-date symlink: /home/kevin/Documents/Thrust_Control/plot_ws/install/thrust_msgs/include/thrust_msgs/msg/detail/thrust__traits.hpp
[4.543s] -- Up-to-date symlink: /home/kevin/Documents/Thrust_Control/plot_ws/install/thrust_msgs/include/thrust_msgs/msg/thrust.hpp
[4.544s] -- Up-to-date symlink: /home/kevin/Documents/Thrust_Control/plot_ws/install/thrust_msgs/include/thrust_msgs/msg/detail/thrust__rosidl_typesupport_introspection_cpp.hpp
[4.544s] -- Up-to-date symlink: /home/kevin/Documents/Thrust_Control/plot_ws/install/thrust_msgs/share/thrust_msgs/environment/pythonpath.sh
[4.544s] -- Up-to-date symlink: /home/kevin/Documents/Thrust_Control/plot_ws/install/thrust_msgs/share/thrust_msgs/environment/pythonpath.dsv
[4.545s] -- Up-to-date symlink: /home/kevin/Documents/Thrust_Control/plot_ws/install/thrust_msgs/lib/python3.8/site-packages/thrust_msgs/__init__.py
[4.545s] -- Up-to-date symlink: /home/kevin/Documents/Thrust_Control/plot_ws/install/thrust_msgs/lib/python3.8/site-packages/thrust_msgs/msg/__init__.py
[4.546s] -- Up-to-date symlink: /home/kevin/Documents/Thrust_Control/plot_ws/install/thrust_msgs/lib/python3.8/site-packages/thrust_msgs/msg/_thrust.py
[4.546s] -- Up-to-date symlink: /home/kevin/Documents/Thrust_Control/plot_ws/install/thrust_msgs/lib/python3.8/site-packages/thrust_msgs/thrust_msgs_s__rosidl_typesupport_fastrtps_c.cpython-38-x86_64-linux-gnu.so
[4.547s] -- Up-to-date symlink: /home/kevin/Documents/Thrust_Control/plot_ws/install/thrust_msgs/lib/python3.8/site-packages/thrust_msgs/thrust_msgs_s__rosidl_typesupport_introspection_c.cpython-38-x86_64-linux-gnu.so
[4.547s] -- Up-to-date symlink: /home/kevin/Documents/Thrust_Control/plot_ws/install/thrust_msgs/lib/python3.8/site-packages/thrust_msgs/thrust_msgs_s__rosidl_typesupport_c.cpython-38-x86_64-linux-gnu.so
[4.547s] -- Up-to-date symlink: /home/kevin/Documents/Thrust_Control/plot_ws/install/thrust_msgs/lib/libthrust_msgs__python.so
[4.548s] -- Up-to-date symlink: /home/kevin/Documents/Thrust_Control/plot_ws/install/thrust_msgs/share/thrust_msgs/msg/Thrust.idl
[4.548s] -- Up-to-date symlink: /home/kevin/Documents/Thrust_Control/plot_ws/install/thrust_msgs/share/thrust_msgs/msg/Thrust.msg
[4.548s] -- Up-to-date symlink: /home/kevin/Documents/Thrust_Control/plot_ws/install/thrust_msgs/share/ament_index/resource_index/package_run_dependencies/thrust_msgs
[4.549s] -- Up-to-date symlink: /home/kevin/Documents/Thrust_Control/plot_ws/install/thrust_msgs/share/ament_index/resource_index/parent_prefix_path/thrust_msgs
[4.549s] -- Up-to-date symlink: /home/kevin/Documents/Thrust_Control/plot_ws/install/thrust_msgs/share/thrust_msgs/environment/ament_prefix_path.sh
[4.549s] -- Up-to-date symlink: /home/kevin/Documents/Thrust_Control/plot_ws/install/thrust_msgs/share/thrust_msgs/environment/ament_prefix_path.dsv
[4.550s] -- Up-to-date symlink: /home/kevin/Documents/Thrust_Control/plot_ws/install/thrust_msgs/share/thrust_msgs/environment/path.sh
[4.550s] -- Up-to-date symlink: /home/kevin/Documents/Thrust_Control/plot_ws/install/thrust_msgs/share/thrust_msgs/environment/path.dsv
[4.550s] -- Up-to-date symlink: /home/kevin/Documents/Thrust_Control/plot_ws/install/thrust_msgs/share/thrust_msgs/local_setup.bash
[4.551s] -- Up-to-date symlink: /home/kevin/Documents/Thrust_Control/plot_ws/install/thrust_msgs/share/thrust_msgs/local_setup.sh
[4.551s] -- Up-to-date symlink: /home/kevin/Documents/Thrust_Control/plot_ws/install/thrust_msgs/share/thrust_msgs/local_setup.zsh
[4.551s] -- Up-to-date symlink: /home/kevin/Documents/Thrust_Control/plot_ws/install/thrust_msgs/share/thrust_msgs/local_setup.dsv
[4.552s] -- Symlinking: /home/kevin/Documents/Thrust_Control/plot_ws/install/thrust_msgs/share/thrust_msgs/package.dsv
[4.561s] -- Up-to-date symlink: /home/kevin/Documents/Thrust_Control/plot_ws/install/thrust_msgs/share/ament_index/resource_index/packages/thrust_msgs
[4.561s] -- Up-to-date symlink: /home/kevin/Documents/Thrust_Control/plot_ws/install/thrust_msgs/share/thrust_msgs/cmake/rosidl_cmake-extras.cmake
[4.562s] -- Up-to-date symlink: /home/kevin/Documents/Thrust_Control/plot_ws/install/thrust_msgs/share/thrust_msgs/cmake/ament_cmake_export_dependencies-extras.cmake
[4.562s] -- Up-to-date symlink: /home/kevin/Documents/Thrust_Control/plot_ws/install/thrust_msgs/share/thrust_msgs/cmake/ament_cmake_export_libraries-extras.cmake
[4.562s] -- Up-to-date symlink: /home/kevin/Documents/Thrust_Control/plot_ws/install/thrust_msgs/share/thrust_msgs/cmake/ament_cmake_export_targets-extras.cmake
[4.563s] -- Up-to-date symlink: /home/kevin/Documents/Thrust_Control/plot_ws/install/thrust_msgs/share/thrust_msgs/cmake/ament_cmake_export_include_directories-extras.cmake
[4.563s] -- Up-to-date symlink: /home/kevin/Documents/Thrust_Control/plot_ws/install/thrust_msgs/share/thrust_msgs/cmake/rosidl_cmake_export_typesupport_libraries-extras.cmake
[4.563s] -- Up-to-date symlink: /home/kevin/Documents/Thrust_Control/plot_ws/install/thrust_msgs/share/thrust_msgs/cmake/rosidl_cmake_export_typesupport_targets-extras.cmake
[4.564s] -- Up-to-date symlink: /home/kevin/Documents/Thrust_Control/plot_ws/install/thrust_msgs/share/thrust_msgs/cmake/thrust_msgsConfig.cmake
[4.564s] -- Up-to-date symlink: /home/kevin/Documents/Thrust_Control/plot_ws/install/thrust_msgs/share/thrust_msgs/cmake/thrust_msgsConfig-version.cmake
[4.564s] -- Up-to-date symlink: /home/kevin/Documents/Thrust_Control/plot_ws/install/thrust_msgs/share/thrust_msgs/package.xml
[4.565s] -- Installing: /home/kevin/Documents/Thrust_Control/plot_ws/install/thrust_msgs/lib/libthrust_msgs__rosidl_generator_c.so
[4.565s] -- Set runtime path of "/home/kevin/Documents/Thrust_Control/plot_ws/install/thrust_msgs/lib/libthrust_msgs__rosidl_generator_c.so" to ""
[4.565s] -- Installing: /home/kevin/Documents/Thrust_Control/plot_ws/install/thrust_msgs/lib/libthrust_msgs__rosidl_typesupport_introspection_c.so
[4.566s] -- Set runtime path of "/home/kevin/Documents/Thrust_Control/plot_ws/install/thrust_msgs/lib/libthrust_msgs__rosidl_typesupport_introspection_c.so" to ""
[4.566s] -- Installing: /home/kevin/Documents/Thrust_Control/plot_ws/install/thrust_msgs/lib/libthrust_msgs__rosidl_typesupport_c.so
[4.566s] -- Set runtime path of "/home/kevin/Documents/Thrust_Control/plot_ws/install/thrust_msgs/lib/libthrust_msgs__rosidl_typesupport_c.so" to ""
[4.567s] -- Installing: /home/kevin/Documents/Thrust_Control/plot_ws/install/thrust_msgs/lib/libthrust_msgs__rosidl_typesupport_introspection_cpp.so
[4.567s] -- Set runtime path of "/home/kevin/Documents/Thrust_Control/plot_ws/install/thrust_msgs/lib/libthrust_msgs__rosidl_typesupport_introspection_cpp.so" to ""
[4.567s] -- Installing: /home/kevin/Documents/Thrust_Control/plot_ws/install/thrust_msgs/lib/libthrust_msgs__rosidl_typesupport_cpp.so
[4.568s] -- Set runtime path of "/home/kevin/Documents/Thrust_Control/plot_ws/install/thrust_msgs/lib/libthrust_msgs__rosidl_typesupport_cpp.so" to ""
[4.599s] Compiling '/home/kevin/Documents/Thrust_Control/plot_ws/install/thrust_msgs/lib/python3.8/site-packages/thrust_msgs/__init__.py'...
[4.603s] -- Up-to-date: /home/kevin/Documents/Thrust_Control/plot_ws/install/thrust_msgs/share/thrust_msgs/cmake/thrust_msgs__rosidl_generator_cExport.cmake
[4.604s] -- Installing: /home/kevin/Documents/Thrust_Control/plot_ws/install/thrust_msgs/share/thrust_msgs/cmake/thrust_msgs__rosidl_generator_cExport-noconfig.cmake
[4.604s] -- Up-to-date: /home/kevin/Documents/Thrust_Control/plot_ws/install/thrust_msgs/share/thrust_msgs/cmake/thrust_msgs__rosidl_typesupport_introspection_cExport.cmake
[4.604s] -- Installing: /home/kevin/Documents/Thrust_Control/plot_ws/install/thrust_msgs/share/thrust_msgs/cmake/thrust_msgs__rosidl_typesupport_introspection_cExport-noconfig.cmake
[4.604s] -- Up-to-date: /home/kevin/Documents/Thrust_Control/plot_ws/install/thrust_msgs/share/thrust_msgs/cmake/thrust_msgs__rosidl_typesupport_cExport.cmake
[4.604s] -- Installing: /home/kevin/Documents/Thrust_Control/plot_ws/install/thrust_msgs/share/thrust_msgs/cmake/thrust_msgs__rosidl_typesupport_cExport-noconfig.cmake
[4.604s] -- Up-to-date: /home/kevin/Documents/Thrust_Control/plot_ws/install/thrust_msgs/share/thrust_msgs/cmake/thrust_msgs__rosidl_generator_cppExport.cmake
[4.605s] -- Up-to-date: /home/kevin/Documents/Thrust_Control/plot_ws/install/thrust_msgs/share/thrust_msgs/cmake/thrust_msgs__rosidl_typesupport_introspection_cppExport.cmake
[4.605s] -- Installing: /home/kevin/Documents/Thrust_Control/plot_ws/install/thrust_msgs/share/thrust_msgs/cmake/thrust_msgs__rosidl_typesupport_introspection_cppExport-noconfig.cmake
[4.605s] -- Up-to-date: /home/kevin/Documents/Thrust_Control/plot_ws/install/thrust_msgs/share/thrust_msgs/cmake/thrust_msgs__rosidl_typesupport_cppExport.cmake
[4.605s] -- Installing: /home/kevin/Documents/Thrust_Control/plot_ws/install/thrust_msgs/share/thrust_msgs/cmake/thrust_msgs__rosidl_typesupport_cppExport-noconfig.cmake
[4.608s] Invoked command in '/home/kevin/Documents/Thrust_Control/plot_ws/build/thrust_msgs' returned '0': CMAKE_PREFIX_PATH=${CMAKE_PREFIX_PATH}:/home/kevin/Documents/Thrust_Control/plot_ws/install/thrust_plot:/opt/ros/galactic /usr/bin/cmake --install /home/kevin/Documents/Thrust_Control/plot_ws/build/thrust_msgs
