[0.142s] DEBUG:colcon:Command line arguments: ['/usr/bin/colcon', 'build', '--symlink-install']
[0.143s] DEBUG:colcon:Parsed command line arguments: Namespace(allow_overriding=[], ament_cmake_args=None, base_paths=['.'], build_base='build', catkin_cmake_args=None, catkin_skip_building_tests=False, cmake_args=None, cmake_clean_cache=False, cmake_clean_first=False, cmake_force_configure=False, cmake_target=None, cmake_target_skip_unavailable=False, continue_on_error=False, event_handlers=None, executor='parallel', ignore_user_meta=False, install_base='install', log_base=None, log_level=None, main=<bound method BuildVerb.main of <colcon_core.verb.build.BuildVerb object at 0x7fc4d53811f0>>, merge_install=False, metas=['./colcon.meta'], packages_above=None, packages_above_and_dependencies=None, packages_above_depth=None, packages_end=None, packages_ignore=None, packages_ignore_regex=None, packages_select=None, packages_select_build_failed=False, packages_select_by_dep=None, packages_select_regex=None, packages_select_test_failures=False, packages_skip=None, packages_skip_build_finished=False, packages_skip_by_dep=None, packages_skip_regex=None, packages_skip_test_passed=False, packages_skip_up_to=None, packages_start=None, packages_up_to=None, packages_up_to_regex=None, parallel_workers=8, paths=None, symlink_install=True, test_result_base=None, verb_extension=<colcon_core.verb.build.BuildVerb object at 0x7fc4d53811f0>, verb_name='build', verb_parser=<colcon_defaults.argument_parser.defaults.DefaultArgumentsDecorator object at 0x7fc4d4a7bac0>)
[0.167s] Level 1:colcon.colcon_core.package_discovery:discover_packages(colcon_meta) check parameters
[0.167s] Level 1:colcon.colcon_core.package_discovery:discover_packages(recursive) check parameters
[0.167s] Level 1:colcon.colcon_core.package_discovery:discover_packages(ignore) check parameters
[0.167s] Level 1:colcon.colcon_core.package_discovery:discover_packages(path) check parameters
[0.167s] Level 1:colcon.colcon_core.package_discovery:discover_packages(colcon_meta) discover
[0.168s] Level 1:colcon.colcon_core.package_discovery:discover_packages(recursive) discover
[0.168s] INFO:colcon.colcon_core.package_discovery:Crawling recursively for packages in '/home/kevin/Documents/Thrust_Control/plot_ws'
[0.168s] Level 1:colcon.colcon_core.package_identification:_identify(.) by extensions ['ignore', 'ignore_ament_install']
[0.168s] Level 1:colcon.colcon_core.package_identification:_identify(.) by extension 'ignore'
[0.168s] Level 1:colcon.colcon_core.package_identification:_identify(.) by extension 'ignore_ament_install'
[0.168s] Level 1:colcon.colcon_core.package_identification:_identify(.) by extensions ['colcon_pkg']
[0.168s] Level 1:colcon.colcon_core.package_identification:_identify(.) by extension 'colcon_pkg'
[0.168s] Level 1:colcon.colcon_core.package_identification:_identify(.) by extensions ['colcon_meta']
[0.168s] Level 1:colcon.colcon_core.package_identification:_identify(.) by extension 'colcon_meta'
[0.168s] Level 1:colcon.colcon_core.package_identification:_identify(.) by extensions ['ros']
[0.168s] Level 1:colcon.colcon_core.package_identification:_identify(.) by extension 'ros'
[0.179s] Level 1:colcon.colcon_core.package_identification:_identify(.) by extensions ['cmake', 'python']
[0.179s] Level 1:colcon.colcon_core.package_identification:_identify(.) by extension 'cmake'
[0.179s] Level 1:colcon.colcon_core.package_identification:_identify(.) by extension 'python'
[0.179s] Level 1:colcon.colcon_core.package_identification:_identify(.) by extensions ['python_setup_py']
[0.179s] Level 1:colcon.colcon_core.package_identification:_identify(.) by extension 'python_setup_py'
[0.179s] Level 1:colcon.colcon_core.package_identification:_identify(build) by extensions ['ignore', 'ignore_ament_install']
[0.179s] Level 1:colcon.colcon_core.package_identification:_identify(build) by extension 'ignore'
[0.179s] Level 1:colcon.colcon_core.package_identification:_identify(build) ignored
[0.179s] Level 1:colcon.colcon_core.package_identification:_identify(install) by extensions ['ignore', 'ignore_ament_install']
[0.179s] Level 1:colcon.colcon_core.package_identification:_identify(install) by extension 'ignore'
[0.179s] Level 1:colcon.colcon_core.package_identification:_identify(install) ignored
[0.180s] Level 1:colcon.colcon_core.package_identification:_identify(log) by extensions ['ignore', 'ignore_ament_install']
[0.180s] Level 1:colcon.colcon_core.package_identification:_identify(log) by extension 'ignore'
[0.180s] Level 1:colcon.colcon_core.package_identification:_identify(log) ignored
[0.180s] Level 1:colcon.colcon_core.package_identification:_identify(src) by extensions ['ignore', 'ignore_ament_install']
[0.180s] Level 1:colcon.colcon_core.package_identification:_identify(src) by extension 'ignore'
[0.180s] Level 1:colcon.colcon_core.package_identification:_identify(src) by extension 'ignore_ament_install'
[0.180s] Level 1:colcon.colcon_core.package_identification:_identify(src) by extensions ['colcon_pkg']
[0.180s] Level 1:colcon.colcon_core.package_identification:_identify(src) by extension 'colcon_pkg'
[0.180s] Level 1:colcon.colcon_core.package_identification:_identify(src) by extensions ['colcon_meta']
[0.180s] Level 1:colcon.colcon_core.package_identification:_identify(src) by extension 'colcon_meta'
[0.180s] Level 1:colcon.colcon_core.package_identification:_identify(src) by extensions ['ros']
[0.180s] Level 1:colcon.colcon_core.package_identification:_identify(src) by extension 'ros'
[0.180s] Level 1:colcon.colcon_core.package_identification:_identify(src) by extensions ['cmake', 'python']
[0.180s] Level 1:colcon.colcon_core.package_identification:_identify(src) by extension 'cmake'
[0.180s] Level 1:colcon.colcon_core.package_identification:_identify(src) by extension 'python'
[0.180s] Level 1:colcon.colcon_core.package_identification:_identify(src) by extensions ['python_setup_py']
[0.180s] Level 1:colcon.colcon_core.package_identification:_identify(src) by extension 'python_setup_py'
[0.181s] Level 1:colcon.colcon_core.package_identification:_identify(src/thrust_msgs) by extensions ['ignore', 'ignore_ament_install']
[0.181s] Level 1:colcon.colcon_core.package_identification:_identify(src/thrust_msgs) by extension 'ignore'
[0.181s] Level 1:colcon.colcon_core.package_identification:_identify(src/thrust_msgs) by extension 'ignore_ament_install'
[0.181s] Level 1:colcon.colcon_core.package_identification:_identify(src/thrust_msgs) by extensions ['colcon_pkg']
[0.181s] Level 1:colcon.colcon_core.package_identification:_identify(src/thrust_msgs) by extension 'colcon_pkg'
[0.181s] Level 1:colcon.colcon_core.package_identification:_identify(src/thrust_msgs) by extensions ['colcon_meta']
[0.181s] Level 1:colcon.colcon_core.package_identification:_identify(src/thrust_msgs) by extension 'colcon_meta'
[0.181s] Level 1:colcon.colcon_core.package_identification:_identify(src/thrust_msgs) by extensions ['ros']
[0.181s] Level 1:colcon.colcon_core.package_identification:_identify(src/thrust_msgs) by extension 'ros'
[0.183s] DEBUG:colcon.colcon_core.package_identification:Package 'src/thrust_msgs' with type 'ros.ament_cmake' and name 'thrust_msgs'
[0.183s] Level 1:colcon.colcon_core.package_identification:_identify(src/thrust_plot) by extensions ['ignore', 'ignore_ament_install']
[0.184s] Level 1:colcon.colcon_core.package_identification:_identify(src/thrust_plot) by extension 'ignore'
[0.184s] Level 1:colcon.colcon_core.package_identification:_identify(src/thrust_plot) by extension 'ignore_ament_install'
[0.184s] Level 1:colcon.colcon_core.package_identification:_identify(src/thrust_plot) by extensions ['colcon_pkg']
[0.184s] Level 1:colcon.colcon_core.package_identification:_identify(src/thrust_plot) by extension 'colcon_pkg'
[0.184s] Level 1:colcon.colcon_core.package_identification:_identify(src/thrust_plot) by extensions ['colcon_meta']
[0.184s] Level 1:colcon.colcon_core.package_identification:_identify(src/thrust_plot) by extension 'colcon_meta'
[0.184s] Level 1:colcon.colcon_core.package_identification:_identify(src/thrust_plot) by extensions ['ros']
[0.184s] Level 1:colcon.colcon_core.package_identification:_identify(src/thrust_plot) by extension 'ros'
[0.184s] DEBUG:colcon.colcon_core.package_identification:Package 'src/thrust_plot' with type 'ros.ament_python' and name 'thrust_plot'
[0.185s] Level 1:colcon.colcon_core.package_discovery:discover_packages(recursive) using defaults
[0.185s] Level 1:colcon.colcon_core.package_discovery:discover_packages(ignore) discover
[0.185s] Level 1:colcon.colcon_core.package_discovery:discover_packages(ignore) using defaults
[0.185s] Level 1:colcon.colcon_core.package_discovery:discover_packages(path) discover
[0.185s] Level 1:colcon.colcon_core.package_discovery:discover_packages(path) using defaults
[0.214s] Level 1:colcon.colcon_core.package_discovery:discover_packages(prefix_path) check parameters
[0.214s] Level 1:colcon.colcon_core.package_discovery:discover_packages(prefix_path) discover
[0.217s] DEBUG:colcon.colcon_installed_package_information.package_discovery:Found 2 installed packages in /home/kevin/Documents/Thrust_Control/plot_ws/install
[0.219s] DEBUG:colcon.colcon_installed_package_information.package_discovery:Found 281 installed packages in /opt/ros/galactic
[0.221s] Level 1:colcon.colcon_core.package_discovery:discover_packages(prefix_path) using defaults
[0.301s] Level 5:colcon.colcon_core.verb:set package 'thrust_msgs' build argument 'cmake_args' from command line to 'None'
[0.302s] Level 5:colcon.colcon_core.verb:set package 'thrust_msgs' build argument 'cmake_target' from command line to 'None'
[0.302s] Level 5:colcon.colcon_core.verb:set package 'thrust_msgs' build argument 'cmake_target_skip_unavailable' from command line to 'False'
[0.302s] Level 5:colcon.colcon_core.verb:set package 'thrust_msgs' build argument 'cmake_clean_cache' from command line to 'False'
[0.302s] Level 5:colcon.colcon_core.verb:set package 'thrust_msgs' build argument 'cmake_clean_first' from command line to 'False'
[0.302s] Level 5:colcon.colcon_core.verb:set package 'thrust_msgs' build argument 'cmake_force_configure' from command line to 'False'
[0.302s] Level 5:colcon.colcon_core.verb:set package 'thrust_msgs' build argument 'ament_cmake_args' from command line to 'None'
[0.302s] Level 5:colcon.colcon_core.verb:set package 'thrust_msgs' build argument 'catkin_cmake_args' from command line to 'None'
[0.302s] Level 5:colcon.colcon_core.verb:set package 'thrust_msgs' build argument 'catkin_skip_building_tests' from command line to 'False'
[0.302s] DEBUG:colcon.colcon_core.verb:Building package 'thrust_msgs' with the following arguments: {'ament_cmake_args': None, 'build_base': '/home/kevin/Documents/Thrust_Control/plot_ws/build/thrust_msgs', 'catkin_cmake_args': None, 'catkin_skip_building_tests': False, 'cmake_args': None, 'cmake_clean_cache': False, 'cmake_clean_first': False, 'cmake_force_configure': False, 'cmake_target': None, 'cmake_target_skip_unavailable': False, 'install_base': '/home/kevin/Documents/Thrust_Control/plot_ws/install/thrust_msgs', 'merge_install': False, 'path': '/home/kevin/Documents/Thrust_Control/plot_ws/src/thrust_msgs', 'symlink_install': True, 'test_result_base': None}
[0.303s] Level 5:colcon.colcon_core.verb:set package 'thrust_plot' build argument 'cmake_args' from command line to 'None'
[0.303s] Level 5:colcon.colcon_core.verb:set package 'thrust_plot' build argument 'cmake_target' from command line to 'None'
[0.303s] Level 5:colcon.colcon_core.verb:set package 'thrust_plot' build argument 'cmake_target_skip_unavailable' from command line to 'False'
[0.303s] Level 5:colcon.colcon_core.verb:set package 'thrust_plot' build argument 'cmake_clean_cache' from command line to 'False'
[0.303s] Level 5:colcon.colcon_core.verb:set package 'thrust_plot' build argument 'cmake_clean_first' from command line to 'False'
[0.303s] Level 5:colcon.colcon_core.verb:set package 'thrust_plot' build argument 'cmake_force_configure' from command line to 'False'
[0.303s] Level 5:colcon.colcon_core.verb:set package 'thrust_plot' build argument 'ament_cmake_args' from command line to 'None'
[0.303s] Level 5:colcon.colcon_core.verb:set package 'thrust_plot' build argument 'catkin_cmake_args' from command line to 'None'
[0.303s] Level 5:colcon.colcon_core.verb:set package 'thrust_plot' build argument 'catkin_skip_building_tests' from command line to 'False'
[0.303s] DEBUG:colcon.colcon_core.verb:Building package 'thrust_plot' with the following arguments: {'ament_cmake_args': None, 'build_base': '/home/kevin/Documents/Thrust_Control/plot_ws/build/thrust_plot', 'catkin_cmake_args': None, 'catkin_skip_building_tests': False, 'cmake_args': None, 'cmake_clean_cache': False, 'cmake_clean_first': False, 'cmake_force_configure': False, 'cmake_target': None, 'cmake_target_skip_unavailable': False, 'install_base': '/home/kevin/Documents/Thrust_Control/plot_ws/install/thrust_plot', 'merge_install': False, 'path': '/home/kevin/Documents/Thrust_Control/plot_ws/src/thrust_plot', 'symlink_install': True, 'test_result_base': None}
[0.304s] INFO:colcon.colcon_core.executor:Executing jobs using 'parallel' executor
[0.308s] DEBUG:colcon.colcon_parallel_executor.executor.parallel:run_until_complete
[0.308s] INFO:colcon.colcon_ros.task.ament_cmake.build:Building ROS package in '/home/kevin/Documents/Thrust_Control/plot_ws/src/thrust_msgs' with build type 'ament_cmake'
[0.308s] INFO:colcon.colcon_cmake.task.cmake.build:Building CMake package in '/home/kevin/Documents/Thrust_Control/plot_ws/src/thrust_msgs'
[0.312s] INFO:colcon.colcon_core.plugin_system:Skipping extension 'colcon_core.shell.bat': Not used on non-Windows systems
[0.313s] INFO:colcon.colcon_core.shell:Skip shell extension 'powershell' for command environment: Not usable outside of PowerShell
[0.313s] DEBUG:colcon.colcon_core.shell:Skip shell extension 'dsv' for command environment
[0.326s] DEBUG:colcon.colcon_core.event_handler.log_command:Invoking command in '/home/kevin/Documents/Thrust_Control/plot_ws/build/thrust_msgs': CMAKE_PREFIX_PATH=${CMAKE_PREFIX_PATH}:/home/kevin/Documents/Thrust_Control/plot_ws/install/thrust_plot:/opt/ros/galactic /usr/bin/cmake --build /home/kevin/Documents/Thrust_Control/plot_ws/build/thrust_msgs -- -j8 -l8
[1.462s] DEBUG:colcon.colcon_core.event_handler.log_command:Invoked command in '/home/kevin/Documents/Thrust_Control/plot_ws/build/thrust_msgs' returned '0': CMAKE_PREFIX_PATH=${CMAKE_PREFIX_PATH}:/home/kevin/Documents/Thrust_Control/plot_ws/install/thrust_plot:/opt/ros/galactic /usr/bin/cmake --build /home/kevin/Documents/Thrust_Control/plot_ws/build/thrust_msgs -- -j8 -l8
[1.514s] DEBUG:colcon.colcon_core.event_handler.log_command:Invoking command in '/home/kevin/Documents/Thrust_Control/plot_ws/build/thrust_msgs': CMAKE_PREFIX_PATH=${CMAKE_PREFIX_PATH}:/home/kevin/Documents/Thrust_Control/plot_ws/install/thrust_plot:/opt/ros/galactic /usr/bin/cmake --install /home/kevin/Documents/Thrust_Control/plot_ws/build/thrust_msgs
[1.592s] Level 1:colcon.colcon_core.environment:create_environment_scripts_only(thrust_msgs)
[1.594s] DEBUG:colcon.colcon_core.event_handler.log_command:Invoked command in '/home/kevin/Documents/Thrust_Control/plot_ws/build/thrust_msgs' returned '0': CMAKE_PREFIX_PATH=${CMAKE_PREFIX_PATH}:/home/kevin/Documents/Thrust_Control/plot_ws/install/thrust_plot:/opt/ros/galactic /usr/bin/cmake --install /home/kevin/Documents/Thrust_Control/plot_ws/build/thrust_msgs
[1.599s] Level 1:colcon.colcon_core.environment:checking '/home/kevin/Documents/Thrust_Control/plot_ws/install/thrust_msgs' for CMake module files
[1.599s] Level 1:colcon.colcon_core.environment:checking '/home/kevin/Documents/Thrust_Control/plot_ws/install/thrust_msgs' for CMake config files
[1.600s] Level 1:colcon.colcon_core.shell:create_environment_hook('thrust_msgs', 'cmake_prefix_path')
[1.601s] INFO:colcon.colcon_core.shell:Creating environment hook '/home/kevin/Documents/Thrust_Control/plot_ws/install/thrust_msgs/share/thrust_msgs/hook/cmake_prefix_path.ps1'
[1.602s] INFO:colcon.colcon_core.shell:Creating environment descriptor '/home/kevin/Documents/Thrust_Control/plot_ws/install/thrust_msgs/share/thrust_msgs/hook/cmake_prefix_path.dsv'
[1.602s] INFO:colcon.colcon_core.shell:Creating environment hook '/home/kevin/Documents/Thrust_Control/plot_ws/install/thrust_msgs/share/thrust_msgs/hook/cmake_prefix_path.sh'
[1.603s] Level 1:colcon.colcon_core.environment:checking '/home/kevin/Documents/Thrust_Control/plot_ws/install/thrust_msgs/lib'
[1.603s] Level 1:colcon.colcon_core.shell:create_environment_hook('thrust_msgs', 'ld_library_path_lib')
[1.605s] INFO:colcon.colcon_core.shell:Creating environment hook '/home/kevin/Documents/Thrust_Control/plot_ws/install/thrust_msgs/share/thrust_msgs/hook/ld_library_path_lib.ps1'
[1.605s] INFO:colcon.colcon_core.shell:Creating environment descriptor '/home/kevin/Documents/Thrust_Control/plot_ws/install/thrust_msgs/share/thrust_msgs/hook/ld_library_path_lib.dsv'
[1.605s] INFO:colcon.colcon_core.shell:Creating environment hook '/home/kevin/Documents/Thrust_Control/plot_ws/install/thrust_msgs/share/thrust_msgs/hook/ld_library_path_lib.sh'
[1.606s] Level 1:colcon.colcon_core.environment:checking '/home/kevin/Documents/Thrust_Control/plot_ws/install/thrust_msgs/bin'
[1.606s] Level 1:colcon.colcon_core.environment:checking '/home/kevin/Documents/Thrust_Control/plot_ws/install/thrust_msgs/lib/pkgconfig/thrust_msgs.pc'
[1.606s] Level 1:colcon.colcon_core.environment:checking '/home/kevin/Documents/Thrust_Control/plot_ws/install/thrust_msgs/lib/python3.8/site-packages'
[1.606s] Level 1:colcon.colcon_core.shell:create_environment_hook('thrust_msgs', 'pythonpath')
[1.607s] INFO:colcon.colcon_core.shell:Creating environment hook '/home/kevin/Documents/Thrust_Control/plot_ws/install/thrust_msgs/share/thrust_msgs/hook/pythonpath.ps1'
[1.608s] INFO:colcon.colcon_core.shell:Creating environment descriptor '/home/kevin/Documents/Thrust_Control/plot_ws/install/thrust_msgs/share/thrust_msgs/hook/pythonpath.dsv'
[1.608s] INFO:colcon.colcon_core.shell:Creating environment hook '/home/kevin/Documents/Thrust_Control/plot_ws/install/thrust_msgs/share/thrust_msgs/hook/pythonpath.sh'
[1.608s] Level 1:colcon.colcon_core.environment:checking '/home/kevin/Documents/Thrust_Control/plot_ws/install/thrust_msgs/bin'
[1.610s] INFO:colcon.colcon_core.shell:Creating package script '/home/kevin/Documents/Thrust_Control/plot_ws/install/thrust_msgs/share/thrust_msgs/package.ps1'
[1.611s] INFO:colcon.colcon_core.shell:Creating package descriptor '/home/kevin/Documents/Thrust_Control/plot_ws/install/thrust_msgs/share/thrust_msgs/package.dsv'
[1.611s] INFO:colcon.colcon_core.shell:Creating package script '/home/kevin/Documents/Thrust_Control/plot_ws/install/thrust_msgs/share/thrust_msgs/package.sh'
[1.612s] INFO:colcon.colcon_core.shell:Creating package script '/home/kevin/Documents/Thrust_Control/plot_ws/install/thrust_msgs/share/thrust_msgs/package.bash'
[1.613s] INFO:colcon.colcon_core.shell:Creating package script '/home/kevin/Documents/Thrust_Control/plot_ws/install/thrust_msgs/share/thrust_msgs/package.zsh'
[1.614s] Level 1:colcon.colcon_core.environment:create_file_with_runtime_dependencies(/home/kevin/Documents/Thrust_Control/plot_ws/install/thrust_msgs/share/colcon-core/packages/thrust_msgs)
[1.658s] Level 1:colcon.colcon_core.environment:create_environment_scripts_only(thrust_msgs)
[1.660s] Level 1:colcon.colcon_core.environment:checking '/home/kevin/Documents/Thrust_Control/plot_ws/install/thrust_msgs' for CMake module files
[1.661s] Level 1:colcon.colcon_core.environment:checking '/home/kevin/Documents/Thrust_Control/plot_ws/install/thrust_msgs' for CMake config files
[1.662s] Level 1:colcon.colcon_core.shell:create_environment_hook('thrust_msgs', 'cmake_prefix_path')
[1.663s] INFO:colcon.colcon_core.shell:Creating environment hook '/home/kevin/Documents/Thrust_Control/plot_ws/install/thrust_msgs/share/thrust_msgs/hook/cmake_prefix_path.ps1'
[1.664s] INFO:colcon.colcon_core.shell:Creating environment descriptor '/home/kevin/Documents/Thrust_Control/plot_ws/install/thrust_msgs/share/thrust_msgs/hook/cmake_prefix_path.dsv'
[1.664s] INFO:colcon.colcon_core.shell:Creating environment hook '/home/kevin/Documents/Thrust_Control/plot_ws/install/thrust_msgs/share/thrust_msgs/hook/cmake_prefix_path.sh'
[1.664s] Level 1:colcon.colcon_core.environment:checking '/home/kevin/Documents/Thrust_Control/plot_ws/install/thrust_msgs/lib'
[1.665s] Level 1:colcon.colcon_core.shell:create_environment_hook('thrust_msgs', 'ld_library_path_lib')
[1.666s] INFO:colcon.colcon_core.shell:Creating environment hook '/home/kevin/Documents/Thrust_Control/plot_ws/install/thrust_msgs/share/thrust_msgs/hook/ld_library_path_lib.ps1'
[1.666s] INFO:colcon.colcon_core.shell:Creating environment descriptor '/home/kevin/Documents/Thrust_Control/plot_ws/install/thrust_msgs/share/thrust_msgs/hook/ld_library_path_lib.dsv'
[1.667s] INFO:colcon.colcon_core.shell:Creating environment hook '/home/kevin/Documents/Thrust_Control/plot_ws/install/thrust_msgs/share/thrust_msgs/hook/ld_library_path_lib.sh'
[1.667s] Level 1:colcon.colcon_core.environment:checking '/home/kevin/Documents/Thrust_Control/plot_ws/install/thrust_msgs/bin'
[1.667s] Level 1:colcon.colcon_core.environment:checking '/home/kevin/Documents/Thrust_Control/plot_ws/install/thrust_msgs/lib/pkgconfig/thrust_msgs.pc'
[1.667s] Level 1:colcon.colcon_core.environment:checking '/home/kevin/Documents/Thrust_Control/plot_ws/install/thrust_msgs/lib/python3.8/site-packages'
[1.667s] Level 1:colcon.colcon_core.shell:create_environment_hook('thrust_msgs', 'pythonpath')
[1.669s] INFO:colcon.colcon_core.shell:Creating environment hook '/home/kevin/Documents/Thrust_Control/plot_ws/install/thrust_msgs/share/thrust_msgs/hook/pythonpath.ps1'
[1.669s] INFO:colcon.colcon_core.shell:Creating environment descriptor '/home/kevin/Documents/Thrust_Control/plot_ws/install/thrust_msgs/share/thrust_msgs/hook/pythonpath.dsv'
[1.669s] INFO:colcon.colcon_core.shell:Creating environment hook '/home/kevin/Documents/Thrust_Control/plot_ws/install/thrust_msgs/share/thrust_msgs/hook/pythonpath.sh'
[1.670s] Level 1:colcon.colcon_core.environment:checking '/home/kevin/Documents/Thrust_Control/plot_ws/install/thrust_msgs/bin'
[1.671s] INFO:colcon.colcon_core.shell:Creating package script '/home/kevin/Documents/Thrust_Control/plot_ws/install/thrust_msgs/share/thrust_msgs/package.ps1'
[1.672s] INFO:colcon.colcon_core.shell:Creating package descriptor '/home/kevin/Documents/Thrust_Control/plot_ws/install/thrust_msgs/share/thrust_msgs/package.dsv'
[1.672s] INFO:colcon.colcon_core.shell:Creating package script '/home/kevin/Documents/Thrust_Control/plot_ws/install/thrust_msgs/share/thrust_msgs/package.sh'
[1.673s] INFO:colcon.colcon_core.shell:Creating package script '/home/kevin/Documents/Thrust_Control/plot_ws/install/thrust_msgs/share/thrust_msgs/package.bash'
[1.673s] INFO:colcon.colcon_core.shell:Creating package script '/home/kevin/Documents/Thrust_Control/plot_ws/install/thrust_msgs/share/thrust_msgs/package.zsh'
[1.674s] Level 1:colcon.colcon_core.environment:create_file_with_runtime_dependencies(/home/kevin/Documents/Thrust_Control/plot_ws/install/thrust_msgs/share/colcon-core/packages/thrust_msgs)
[1.674s] INFO:colcon.colcon_ros.task.ament_python.build:Building ROS package in '/home/kevin/Documents/Thrust_Control/plot_ws/src/thrust_plot' with build type 'ament_python'
[1.674s] Level 1:colcon.colcon_core.shell:create_environment_hook('thrust_plot', 'ament_prefix_path')
[1.676s] INFO:colcon.colcon_core.shell:Creating environment hook '/home/kevin/Documents/Thrust_Control/plot_ws/install/thrust_plot/share/thrust_plot/hook/ament_prefix_path.ps1'
[1.676s] INFO:colcon.colcon_core.shell:Creating environment descriptor '/home/kevin/Documents/Thrust_Control/plot_ws/install/thrust_plot/share/thrust_plot/hook/ament_prefix_path.dsv'
[1.677s] INFO:colcon.colcon_core.shell:Creating environment hook '/home/kevin/Documents/Thrust_Control/plot_ws/install/thrust_plot/share/thrust_plot/hook/ament_prefix_path.sh'
[1.678s] INFO:colcon.colcon_core.shell:Skip shell extension 'powershell' for command environment: Not usable outside of PowerShell
[1.678s] DEBUG:colcon.colcon_core.shell:Skip shell extension 'dsv' for command environment
[1.927s] INFO:colcon.colcon_core.task.python.build:Building Python package in '/home/kevin/Documents/Thrust_Control/plot_ws/src/thrust_plot'
[1.929s] INFO:colcon.colcon_core.shell:Skip shell extension 'powershell' for command environment: Not usable outside of PowerShell
[1.929s] DEBUG:colcon.colcon_core.shell:Skip shell extension 'dsv' for command environment
[2.375s] DEBUG:colcon.colcon_core.event_handler.log_command:Invoking command in '/home/kevin/Documents/Thrust_Control/plot_ws/build/thrust_plot': PYTHONPATH=/home/kevin/Documents/Thrust_Control/plot_ws/install/thrust_plot/lib/python3.8/site-packages:/home/kevin/Documents/Thrust_Control/plot_ws/install/thrust_msgs/lib/python3.8/site-packages:/home/kevin/Documents/Thrust_Control/plot_ws/build/thrust_plot:/home/kevin/Documents/Thrust_Control/plot_ws/install/thrust_plot/lib/python3.8/site-packages:/opt/ros/galactic/lib/python3.8/site-packages /usr/bin/python3 setup.py develop --prefix /home/kevin/Documents/Thrust_Control/plot_ws/install/thrust_plot --editable --build-directory /home/kevin/Documents/Thrust_Control/plot_ws/build/thrust_plot/build --no-deps install_data --install-dir /home/kevin/Documents/Thrust_Control/plot_ws/install/thrust_plot
[2.841s] Level 1:colcon.colcon_core.shell:create_environment_hook('thrust_plot', 'pythonpath_develop')
[2.844s] INFO:colcon.colcon_core.shell:Creating environment hook '/home/kevin/Documents/Thrust_Control/plot_ws/build/thrust_plot/share/thrust_plot/hook/pythonpath_develop.ps1'
[2.845s] INFO:colcon.colcon_core.shell:Creating environment descriptor '/home/kevin/Documents/Thrust_Control/plot_ws/build/thrust_plot/share/thrust_plot/hook/pythonpath_develop.dsv'
[2.845s] DEBUG:colcon.colcon_core.event_handler.log_command:Invoked command in '/home/kevin/Documents/Thrust_Control/plot_ws/build/thrust_plot' returned '0': PYTHONPATH=/home/kevin/Documents/Thrust_Control/plot_ws/install/thrust_plot/lib/python3.8/site-packages:/home/kevin/Documents/Thrust_Control/plot_ws/install/thrust_msgs/lib/python3.8/site-packages:/home/kevin/Documents/Thrust_Control/plot_ws/build/thrust_plot:/home/kevin/Documents/Thrust_Control/plot_ws/install/thrust_plot/lib/python3.8/site-packages:/opt/ros/galactic/lib/python3.8/site-packages /usr/bin/python3 setup.py develop --prefix /home/kevin/Documents/Thrust_Control/plot_ws/install/thrust_plot --editable --build-directory /home/kevin/Documents/Thrust_Control/plot_ws/build/thrust_plot/build --no-deps install_data --install-dir /home/kevin/Documents/Thrust_Control/plot_ws/install/thrust_plot
[2.845s] INFO:colcon.colcon_core.shell:Creating environment hook '/home/kevin/Documents/Thrust_Control/plot_ws/build/thrust_plot/share/thrust_plot/hook/pythonpath_develop.sh'
[2.848s] Level 1:colcon.colcon_core.environment:checking '/home/kevin/Documents/Thrust_Control/plot_ws/install/thrust_plot' for CMake module files
[2.849s] Level 1:colcon.colcon_core.environment:checking '/home/kevin/Documents/Thrust_Control/plot_ws/install/thrust_plot' for CMake config files
[2.849s] Level 1:colcon.colcon_core.environment:checking '/home/kevin/Documents/Thrust_Control/plot_ws/install/thrust_plot/lib'
[2.850s] Level 1:colcon.colcon_core.environment:checking '/home/kevin/Documents/Thrust_Control/plot_ws/install/thrust_plot/bin'
[2.850s] Level 1:colcon.colcon_core.environment:checking '/home/kevin/Documents/Thrust_Control/plot_ws/install/thrust_plot/lib/pkgconfig/thrust_plot.pc'
[2.850s] Level 1:colcon.colcon_core.environment:checking '/home/kevin/Documents/Thrust_Control/plot_ws/install/thrust_plot/lib/python3.8/site-packages'
[2.850s] Level 1:colcon.colcon_core.shell:create_environment_hook('thrust_plot', 'pythonpath')
[2.852s] INFO:colcon.colcon_core.shell:Creating environment hook '/home/kevin/Documents/Thrust_Control/plot_ws/install/thrust_plot/share/thrust_plot/hook/pythonpath.ps1'
[2.852s] INFO:colcon.colcon_core.shell:Creating environment descriptor '/home/kevin/Documents/Thrust_Control/plot_ws/install/thrust_plot/share/thrust_plot/hook/pythonpath.dsv'
[2.853s] INFO:colcon.colcon_core.shell:Creating environment hook '/home/kevin/Documents/Thrust_Control/plot_ws/install/thrust_plot/share/thrust_plot/hook/pythonpath.sh'
[2.853s] Level 1:colcon.colcon_core.environment:checking '/home/kevin/Documents/Thrust_Control/plot_ws/install/thrust_plot/bin'
[2.853s] Level 1:colcon.colcon_core.environment:create_environment_scripts_only(thrust_plot)
[2.855s] INFO:colcon.colcon_core.shell:Creating package script '/home/kevin/Documents/Thrust_Control/plot_ws/install/thrust_plot/share/thrust_plot/package.ps1'
[2.856s] INFO:colcon.colcon_core.shell:Creating package descriptor '/home/kevin/Documents/Thrust_Control/plot_ws/install/thrust_plot/share/thrust_plot/package.dsv'
[2.856s] INFO:colcon.colcon_core.shell:Creating package script '/home/kevin/Documents/Thrust_Control/plot_ws/install/thrust_plot/share/thrust_plot/package.sh'
[2.857s] INFO:colcon.colcon_core.shell:Creating package script '/home/kevin/Documents/Thrust_Control/plot_ws/install/thrust_plot/share/thrust_plot/package.bash'
[2.857s] INFO:colcon.colcon_core.shell:Creating package script '/home/kevin/Documents/Thrust_Control/plot_ws/install/thrust_plot/share/thrust_plot/package.zsh'
[2.858s] Level 1:colcon.colcon_core.environment:create_file_with_runtime_dependencies(/home/kevin/Documents/Thrust_Control/plot_ws/install/thrust_plot/share/colcon-core/packages/thrust_plot)
[2.858s] DEBUG:colcon.colcon_parallel_executor.executor.parallel:closing loop
[2.858s] DEBUG:colcon.colcon_parallel_executor.executor.parallel:loop closed
[2.859s] DEBUG:colcon.colcon_parallel_executor.executor.parallel:run_until_complete finished with '0'
[2.859s] DEBUG:colcon.colcon_core.event_reactor:joining thread
[2.865s] INFO:colcon.colcon_core.plugin_system:Skipping extension 'colcon_notification.desktop_notification.terminal_notifier': Not used on non-Darwin systems
[2.865s] INFO:colcon.colcon_core.plugin_system:Skipping extension 'colcon_notification.desktop_notification.win32': Not used on non-Windows systems
[2.866s] INFO:colcon.colcon_notification.desktop_notification:Sending desktop notification using 'notify2'
[2.881s] DEBUG:colcon.colcon_core.event_reactor:joined thread
[2.883s] INFO:colcon.colcon_core.shell:Creating prefix script '/home/kevin/Documents/Thrust_Control/plot_ws/install/local_setup.ps1'
[2.885s] INFO:colcon.colcon_core.shell:Creating prefix util module '/home/kevin/Documents/Thrust_Control/plot_ws/install/_local_setup_util_ps1.py'
[2.886s] INFO:colcon.colcon_core.shell:Creating prefix chain script '/home/kevin/Documents/Thrust_Control/plot_ws/install/setup.ps1'
[2.888s] INFO:colcon.colcon_core.shell:Creating prefix script '/home/kevin/Documents/Thrust_Control/plot_ws/install/local_setup.sh'
[2.888s] INFO:colcon.colcon_core.shell:Creating prefix util module '/home/kevin/Documents/Thrust_Control/plot_ws/install/_local_setup_util_sh.py'
[2.889s] INFO:colcon.colcon_core.shell:Creating prefix chain script '/home/kevin/Documents/Thrust_Control/plot_ws/install/setup.sh'
[2.891s] INFO:colcon.colcon_core.shell:Creating prefix script '/home/kevin/Documents/Thrust_Control/plot_ws/install/local_setup.bash'
[2.891s] INFO:colcon.colcon_core.shell:Creating prefix chain script '/home/kevin/Documents/Thrust_Control/plot_ws/install/setup.bash'
[2.893s] INFO:colcon.colcon_core.shell:Creating prefix script '/home/kevin/Documents/Thrust_Control/plot_ws/install/local_setup.zsh'
[2.893s] INFO:colcon.colcon_core.shell:Creating prefix chain script '/home/kevin/Documents/Thrust_Control/plot_ws/install/setup.zsh'
