[0.221s] DEBUG:colcon:Command line arguments: ['/usr/bin/colcon', 'build', '--symlink-install']
[0.221s] DEBUG:colcon:Parsed command line arguments: Namespace(allow_overriding=[], ament_cmake_args=None, base_paths=['.'], build_base='build', catkin_cmake_args=None, catkin_skip_building_tests=False, cmake_args=None, cmake_clean_cache=False, cmake_clean_first=False, cmake_force_configure=False, cmake_target=None, cmake_target_skip_unavailable=False, continue_on_error=False, event_handlers=None, executor='parallel', ignore_user_meta=False, install_base='install', log_base=None, log_level=None, main=<bound method BuildVerb.main of <colcon_core.verb.build.BuildVerb object at 0x7f0cf8d03400>>, merge_install=False, metas=['./colcon.meta'], packages_above=None, packages_above_and_dependencies=None, packages_above_depth=None, packages_end=None, packages_ignore=None, packages_ignore_regex=None, packages_select=None, packages_select_build_failed=False, packages_select_by_dep=None, packages_select_regex=None, packages_select_test_failures=False, packages_skip=None, packages_skip_build_finished=False, packages_skip_by_dep=None, packages_skip_regex=None, packages_skip_test_passed=False, packages_skip_up_to=None, packages_start=None, packages_up_to=None, packages_up_to_regex=None, parallel_workers=8, paths=None, symlink_install=True, test_result_base=None, verb_extension=<colcon_core.verb.build.BuildVerb object at 0x7f0cf8d03400>, verb_name='build', verb_parser=<colcon_defaults.argument_parser.defaults.DefaultArgumentsDecorator object at 0x7f0cf8d03940>)
[0.265s] Level 1:colcon.colcon_core.package_discovery:discover_packages(colcon_meta) check parameters
[0.265s] Level 1:colcon.colcon_core.package_discovery:discover_packages(recursive) check parameters
[0.265s] Level 1:colcon.colcon_core.package_discovery:discover_packages(ignore) check parameters
[0.266s] Level 1:colcon.colcon_core.package_discovery:discover_packages(path) check parameters
[0.266s] Level 1:colcon.colcon_core.package_discovery:discover_packages(colcon_meta) discover
[0.266s] Level 1:colcon.colcon_core.package_discovery:discover_packages(recursive) discover
[0.266s] INFO:colcon.colcon_core.package_discovery:Crawling recursively for packages in '/home/kevin/Documents/Thrust_Control/plot_ws'
[0.266s] Level 1:colcon.colcon_core.package_identification:_identify(.) by extensions ['ignore', 'ignore_ament_install']
[0.266s] Level 1:colcon.colcon_core.package_identification:_identify(.) by extension 'ignore'
[0.266s] Level 1:colcon.colcon_core.package_identification:_identify(.) by extension 'ignore_ament_install'
[0.266s] Level 1:colcon.colcon_core.package_identification:_identify(.) by extensions ['colcon_pkg']
[0.266s] Level 1:colcon.colcon_core.package_identification:_identify(.) by extension 'colcon_pkg'
[0.266s] Level 1:colcon.colcon_core.package_identification:_identify(.) by extensions ['colcon_meta']
[0.266s] Level 1:colcon.colcon_core.package_identification:_identify(.) by extension 'colcon_meta'
[0.266s] Level 1:colcon.colcon_core.package_identification:_identify(.) by extensions ['ros']
[0.266s] Level 1:colcon.colcon_core.package_identification:_identify(.) by extension 'ros'
[0.290s] Level 1:colcon.colcon_core.package_identification:_identify(.) by extensions ['cmake', 'python']
[0.290s] Level 1:colcon.colcon_core.package_identification:_identify(.) by extension 'cmake'
[0.290s] Level 1:colcon.colcon_core.package_identification:_identify(.) by extension 'python'
[0.290s] Level 1:colcon.colcon_core.package_identification:_identify(.) by extensions ['python_setup_py']
[0.290s] Level 1:colcon.colcon_core.package_identification:_identify(.) by extension 'python_setup_py'
[0.290s] Level 1:colcon.colcon_core.package_identification:_identify(build) by extensions ['ignore', 'ignore_ament_install']
[0.290s] Level 1:colcon.colcon_core.package_identification:_identify(build) by extension 'ignore'
[0.290s] Level 1:colcon.colcon_core.package_identification:_identify(build) ignored
[0.291s] Level 1:colcon.colcon_core.package_identification:_identify(install) by extensions ['ignore', 'ignore_ament_install']
[0.291s] Level 1:colcon.colcon_core.package_identification:_identify(install) by extension 'ignore'
[0.291s] Level 1:colcon.colcon_core.package_identification:_identify(install) ignored
[0.291s] Level 1:colcon.colcon_core.package_identification:_identify(log) by extensions ['ignore', 'ignore_ament_install']
[0.291s] Level 1:colcon.colcon_core.package_identification:_identify(log) by extension 'ignore'
[0.291s] Level 1:colcon.colcon_core.package_identification:_identify(log) ignored
[0.291s] Level 1:colcon.colcon_core.package_identification:_identify(src) by extensions ['ignore', 'ignore_ament_install']
[0.291s] Level 1:colcon.colcon_core.package_identification:_identify(src) by extension 'ignore'
[0.291s] Level 1:colcon.colcon_core.package_identification:_identify(src) by extension 'ignore_ament_install'
[0.292s] Level 1:colcon.colcon_core.package_identification:_identify(src) by extensions ['colcon_pkg']
[0.292s] Level 1:colcon.colcon_core.package_identification:_identify(src) by extension 'colcon_pkg'
[0.292s] Level 1:colcon.colcon_core.package_identification:_identify(src) by extensions ['colcon_meta']
[0.292s] Level 1:colcon.colcon_core.package_identification:_identify(src) by extension 'colcon_meta'
[0.292s] Level 1:colcon.colcon_core.package_identification:_identify(src) by extensions ['ros']
[0.292s] Level 1:colcon.colcon_core.package_identification:_identify(src) by extension 'ros'
[0.292s] Level 1:colcon.colcon_core.package_identification:_identify(src) by extensions ['cmake', 'python']
[0.292s] Level 1:colcon.colcon_core.package_identification:_identify(src) by extension 'cmake'
[0.292s] Level 1:colcon.colcon_core.package_identification:_identify(src) by extension 'python'
[0.292s] Level 1:colcon.colcon_core.package_identification:_identify(src) by extensions ['python_setup_py']
[0.292s] Level 1:colcon.colcon_core.package_identification:_identify(src) by extension 'python_setup_py'
[0.292s] Level 1:colcon.colcon_core.package_identification:_identify(src/thrust_msgs) by extensions ['ignore', 'ignore_ament_install']
[0.292s] Level 1:colcon.colcon_core.package_identification:_identify(src/thrust_msgs) by extension 'ignore'
[0.292s] Level 1:colcon.colcon_core.package_identification:_identify(src/thrust_msgs) by extension 'ignore_ament_install'
[0.293s] Level 1:colcon.colcon_core.package_identification:_identify(src/thrust_msgs) by extensions ['colcon_pkg']
[0.293s] Level 1:colcon.colcon_core.package_identification:_identify(src/thrust_msgs) by extension 'colcon_pkg'
[0.293s] Level 1:colcon.colcon_core.package_identification:_identify(src/thrust_msgs) by extensions ['colcon_meta']
[0.293s] Level 1:colcon.colcon_core.package_identification:_identify(src/thrust_msgs) by extension 'colcon_meta'
[0.293s] Level 1:colcon.colcon_core.package_identification:_identify(src/thrust_msgs) by extensions ['ros']
[0.293s] Level 1:colcon.colcon_core.package_identification:_identify(src/thrust_msgs) by extension 'ros'
[0.297s] DEBUG:colcon.colcon_core.package_identification:Package 'src/thrust_msgs' with type 'ros.ament_cmake' and name 'thrust_msgs'
[0.297s] Level 1:colcon.colcon_core.package_identification:_identify(src/thrust_plot) by extensions ['ignore', 'ignore_ament_install']
[0.297s] Level 1:colcon.colcon_core.package_identification:_identify(src/thrust_plot) by extension 'ignore'
[0.297s] Level 1:colcon.colcon_core.package_identification:_identify(src/thrust_plot) by extension 'ignore_ament_install'
[0.297s] Level 1:colcon.colcon_core.package_identification:_identify(src/thrust_plot) by extensions ['colcon_pkg']
[0.297s] Level 1:colcon.colcon_core.package_identification:_identify(src/thrust_plot) by extension 'colcon_pkg'
[0.297s] Level 1:colcon.colcon_core.package_identification:_identify(src/thrust_plot) by extensions ['colcon_meta']
[0.297s] Level 1:colcon.colcon_core.package_identification:_identify(src/thrust_plot) by extension 'colcon_meta'
[0.297s] Level 1:colcon.colcon_core.package_identification:_identify(src/thrust_plot) by extensions ['ros']
[0.298s] Level 1:colcon.colcon_core.package_identification:_identify(src/thrust_plot) by extension 'ros'
[0.298s] DEBUG:colcon.colcon_core.package_identification:Package 'src/thrust_plot' with type 'ros.ament_python' and name 'thrust_plot'
[0.298s] Level 1:colcon.colcon_core.package_discovery:discover_packages(recursive) using defaults
[0.299s] Level 1:colcon.colcon_core.package_discovery:discover_packages(ignore) discover
[0.299s] Level 1:colcon.colcon_core.package_discovery:discover_packages(ignore) using defaults
[0.299s] Level 1:colcon.colcon_core.package_discovery:discover_packages(path) discover
[0.299s] Level 1:colcon.colcon_core.package_discovery:discover_packages(path) using defaults
[0.330s] Level 1:colcon.colcon_core.package_discovery:discover_packages(prefix_path) check parameters
[0.330s] Level 1:colcon.colcon_core.package_discovery:discover_packages(prefix_path) discover
[0.336s] DEBUG:colcon.colcon_installed_package_information.package_discovery:Found 2 installed packages in /home/kevin/Documents/Thrust_Control/plot_ws/install
[0.339s] DEBUG:colcon.colcon_installed_package_information.package_discovery:Found 281 installed packages in /opt/ros/galactic
[0.341s] Level 1:colcon.colcon_core.package_discovery:discover_packages(prefix_path) using defaults
[0.455s] Level 5:colcon.colcon_core.verb:set package 'thrust_msgs' build argument 'cmake_args' from command line to 'None'
[0.455s] Level 5:colcon.colcon_core.verb:set package 'thrust_msgs' build argument 'cmake_target' from command line to 'None'
[0.455s] Level 5:colcon.colcon_core.verb:set package 'thrust_msgs' build argument 'cmake_target_skip_unavailable' from command line to 'False'
[0.455s] Level 5:colcon.colcon_core.verb:set package 'thrust_msgs' build argument 'cmake_clean_cache' from command line to 'False'
[0.455s] Level 5:colcon.colcon_core.verb:set package 'thrust_msgs' build argument 'cmake_clean_first' from command line to 'False'
[0.455s] Level 5:colcon.colcon_core.verb:set package 'thrust_msgs' build argument 'cmake_force_configure' from command line to 'False'
[0.455s] Level 5:colcon.colcon_core.verb:set package 'thrust_msgs' build argument 'ament_cmake_args' from command line to 'None'
[0.455s] Level 5:colcon.colcon_core.verb:set package 'thrust_msgs' build argument 'catkin_cmake_args' from command line to 'None'
[0.455s] Level 5:colcon.colcon_core.verb:set package 'thrust_msgs' build argument 'catkin_skip_building_tests' from command line to 'False'
[0.455s] DEBUG:colcon.colcon_core.verb:Building package 'thrust_msgs' with the following arguments: {'ament_cmake_args': None, 'build_base': '/home/kevin/Documents/Thrust_Control/plot_ws/build/thrust_msgs', 'catkin_cmake_args': None, 'catkin_skip_building_tests': False, 'cmake_args': None, 'cmake_clean_cache': False, 'cmake_clean_first': False, 'cmake_force_configure': False, 'cmake_target': None, 'cmake_target_skip_unavailable': False, 'install_base': '/home/kevin/Documents/Thrust_Control/plot_ws/install/thrust_msgs', 'merge_install': False, 'path': '/home/kevin/Documents/Thrust_Control/plot_ws/src/thrust_msgs', 'symlink_install': True, 'test_result_base': None}
[0.457s] Level 5:colcon.colcon_core.verb:set package 'thrust_plot' build argument 'cmake_args' from command line to 'None'
[0.457s] Level 5:colcon.colcon_core.verb:set package 'thrust_plot' build argument 'cmake_target' from command line to 'None'
[0.457s] Level 5:colcon.colcon_core.verb:set package 'thrust_plot' build argument 'cmake_target_skip_unavailable' from command line to 'False'
[0.457s] Level 5:colcon.colcon_core.verb:set package 'thrust_plot' build argument 'cmake_clean_cache' from command line to 'False'
[0.457s] Level 5:colcon.colcon_core.verb:set package 'thrust_plot' build argument 'cmake_clean_first' from command line to 'False'
[0.457s] Level 5:colcon.colcon_core.verb:set package 'thrust_plot' build argument 'cmake_force_configure' from command line to 'False'
[0.457s] Level 5:colcon.colcon_core.verb:set package 'thrust_plot' build argument 'ament_cmake_args' from command line to 'None'
[0.457s] Level 5:colcon.colcon_core.verb:set package 'thrust_plot' build argument 'catkin_cmake_args' from command line to 'None'
[0.457s] Level 5:colcon.colcon_core.verb:set package 'thrust_plot' build argument 'catkin_skip_building_tests' from command line to 'False'
[0.457s] DEBUG:colcon.colcon_core.verb:Building package 'thrust_plot' with the following arguments: {'ament_cmake_args': None, 'build_base': '/home/kevin/Documents/Thrust_Control/plot_ws/build/thrust_plot', 'catkin_cmake_args': None, 'catkin_skip_building_tests': False, 'cmake_args': None, 'cmake_clean_cache': False, 'cmake_clean_first': False, 'cmake_force_configure': False, 'cmake_target': None, 'cmake_target_skip_unavailable': False, 'install_base': '/home/kevin/Documents/Thrust_Control/plot_ws/install/thrust_plot', 'merge_install': False, 'path': '/home/kevin/Documents/Thrust_Control/plot_ws/src/thrust_plot', 'symlink_install': True, 'test_result_base': None}
[0.459s] INFO:colcon.colcon_core.executor:Executing jobs using 'parallel' executor
[0.466s] DEBUG:colcon.colcon_parallel_executor.executor.parallel:run_until_complete
[0.467s] INFO:colcon.colcon_ros.task.ament_cmake.build:Building ROS package in '/home/kevin/Documents/Thrust_Control/plot_ws/src/thrust_msgs' with build type 'ament_cmake'
[0.467s] INFO:colcon.colcon_cmake.task.cmake.build:Building CMake package in '/home/kevin/Documents/Thrust_Control/plot_ws/src/thrust_msgs'
[0.475s] INFO:colcon.colcon_core.plugin_system:Skipping extension 'colcon_core.shell.bat': Not used on non-Windows systems
[0.476s] INFO:colcon.colcon_core.shell:Skip shell extension 'powershell' for command environment: Not usable outside of PowerShell
[0.476s] DEBUG:colcon.colcon_core.shell:Skip shell extension 'dsv' for command environment
[0.492s] DEBUG:colcon.colcon_core.event_handler.log_command:Invoking command in '/home/kevin/Documents/Thrust_Control/plot_ws/build/thrust_msgs': CMAKE_PREFIX_PATH=${CMAKE_PREFIX_PATH}:/home/kevin/Documents/Thrust_Control/plot_ws/install/thrust_plot:/opt/ros/galactic /usr/bin/cmake --build /home/kevin/Documents/Thrust_Control/plot_ws/build/thrust_msgs -- -j8 -l8
[1.288s] DEBUG:colcon.colcon_core.event_handler.log_command:Invoked command in '/home/kevin/Documents/Thrust_Control/plot_ws/build/thrust_msgs' returned '2': CMAKE_PREFIX_PATH=${CMAKE_PREFIX_PATH}:/home/kevin/Documents/Thrust_Control/plot_ws/install/thrust_plot:/opt/ros/galactic /usr/bin/cmake --build /home/kevin/Documents/Thrust_Control/plot_ws/build/thrust_msgs -- -j8 -l8
[1.353s] Level 1:colcon.colcon_core.environment:create_environment_scripts_only(thrust_msgs)
[1.367s] Level 1:colcon.colcon_core.environment:checking '/home/kevin/Documents/Thrust_Control/plot_ws/install/thrust_msgs' for CMake module files
[1.370s] Level 1:colcon.colcon_core.environment:checking '/home/kevin/Documents/Thrust_Control/plot_ws/install/thrust_msgs' for CMake config files
[1.374s] Level 1:colcon.colcon_core.shell:create_environment_hook('thrust_msgs', 'cmake_prefix_path')
[1.377s] INFO:colcon.colcon_core.shell:Creating environment hook '/home/kevin/Documents/Thrust_Control/plot_ws/install/thrust_msgs/share/thrust_msgs/hook/cmake_prefix_path.ps1'
[1.378s] INFO:colcon.colcon_core.shell:Creating environment descriptor '/home/kevin/Documents/Thrust_Control/plot_ws/install/thrust_msgs/share/thrust_msgs/hook/cmake_prefix_path.dsv'
[1.379s] INFO:colcon.colcon_core.shell:Creating environment hook '/home/kevin/Documents/Thrust_Control/plot_ws/install/thrust_msgs/share/thrust_msgs/hook/cmake_prefix_path.sh'
[1.380s] Level 1:colcon.colcon_core.environment:checking '/home/kevin/Documents/Thrust_Control/plot_ws/install/thrust_msgs/lib'
[1.380s] Level 1:colcon.colcon_core.shell:create_environment_hook('thrust_msgs', 'ld_library_path_lib')
[1.383s] INFO:colcon.colcon_core.shell:Creating environment hook '/home/kevin/Documents/Thrust_Control/plot_ws/install/thrust_msgs/share/thrust_msgs/hook/ld_library_path_lib.ps1'
[1.384s] INFO:colcon.colcon_core.shell:Creating environment descriptor '/home/kevin/Documents/Thrust_Control/plot_ws/install/thrust_msgs/share/thrust_msgs/hook/ld_library_path_lib.dsv'
[1.384s] INFO:colcon.colcon_core.shell:Creating environment hook '/home/kevin/Documents/Thrust_Control/plot_ws/install/thrust_msgs/share/thrust_msgs/hook/ld_library_path_lib.sh'
[1.385s] Level 1:colcon.colcon_core.environment:checking '/home/kevin/Documents/Thrust_Control/plot_ws/install/thrust_msgs/bin'
[1.385s] Level 1:colcon.colcon_core.environment:checking '/home/kevin/Documents/Thrust_Control/plot_ws/install/thrust_msgs/lib/pkgconfig/thrust_msgs.pc'
[1.385s] Level 1:colcon.colcon_core.environment:checking '/home/kevin/Documents/Thrust_Control/plot_ws/install/thrust_msgs/lib/python3.8/site-packages'
[1.385s] Level 1:colcon.colcon_core.shell:create_environment_hook('thrust_msgs', 'pythonpath')
[1.389s] INFO:colcon.colcon_core.shell:Creating environment hook '/home/kevin/Documents/Thrust_Control/plot_ws/install/thrust_msgs/share/thrust_msgs/hook/pythonpath.ps1'
[1.389s] INFO:colcon.colcon_core.shell:Creating environment descriptor '/home/kevin/Documents/Thrust_Control/plot_ws/install/thrust_msgs/share/thrust_msgs/hook/pythonpath.dsv'
[1.390s] INFO:colcon.colcon_core.shell:Creating environment hook '/home/kevin/Documents/Thrust_Control/plot_ws/install/thrust_msgs/share/thrust_msgs/hook/pythonpath.sh'
[1.390s] Level 1:colcon.colcon_core.environment:checking '/home/kevin/Documents/Thrust_Control/plot_ws/install/thrust_msgs/bin'
[1.393s] INFO:colcon.colcon_core.shell:Creating package script '/home/kevin/Documents/Thrust_Control/plot_ws/install/thrust_msgs/share/thrust_msgs/package.ps1'
[1.394s] INFO:colcon.colcon_core.shell:Creating package descriptor '/home/kevin/Documents/Thrust_Control/plot_ws/install/thrust_msgs/share/thrust_msgs/package.dsv'
[1.395s] INFO:colcon.colcon_core.shell:Creating package script '/home/kevin/Documents/Thrust_Control/plot_ws/install/thrust_msgs/share/thrust_msgs/package.sh'
[1.396s] INFO:colcon.colcon_core.shell:Creating package script '/home/kevin/Documents/Thrust_Control/plot_ws/install/thrust_msgs/share/thrust_msgs/package.bash'
[1.397s] INFO:colcon.colcon_core.shell:Creating package script '/home/kevin/Documents/Thrust_Control/plot_ws/install/thrust_msgs/share/thrust_msgs/package.zsh'
[1.398s] Level 1:colcon.colcon_core.environment:create_file_with_runtime_dependencies(/home/kevin/Documents/Thrust_Control/plot_ws/install/thrust_msgs/share/colcon-core/packages/thrust_msgs)
[1.409s] DEBUG:colcon.colcon_parallel_executor.executor.parallel:closing loop
[1.409s] DEBUG:colcon.colcon_parallel_executor.executor.parallel:loop closed
[1.409s] DEBUG:colcon.colcon_parallel_executor.executor.parallel:run_until_complete finished with '2'
[1.409s] DEBUG:colcon.colcon_core.event_reactor:joining thread
[1.418s] INFO:colcon.colcon_core.plugin_system:Skipping extension 'colcon_notification.desktop_notification.terminal_notifier': Not used on non-Darwin systems
[1.418s] INFO:colcon.colcon_core.plugin_system:Skipping extension 'colcon_notification.desktop_notification.win32': Not used on non-Windows systems
[1.418s] INFO:colcon.colcon_notification.desktop_notification:Sending desktop notification using 'notify2'
[1.440s] DEBUG:colcon.colcon_core.event_reactor:joined thread
[1.443s] INFO:colcon.colcon_core.shell:Creating prefix script '/home/kevin/Documents/Thrust_Control/plot_ws/install/local_setup.ps1'
[1.444s] INFO:colcon.colcon_core.shell:Creating prefix util module '/home/kevin/Documents/Thrust_Control/plot_ws/install/_local_setup_util_ps1.py'
[1.446s] INFO:colcon.colcon_core.shell:Creating prefix chain script '/home/kevin/Documents/Thrust_Control/plot_ws/install/setup.ps1'
[1.448s] INFO:colcon.colcon_core.shell:Creating prefix script '/home/kevin/Documents/Thrust_Control/plot_ws/install/local_setup.sh'
[1.449s] INFO:colcon.colcon_core.shell:Creating prefix util module '/home/kevin/Documents/Thrust_Control/plot_ws/install/_local_setup_util_sh.py'
[1.450s] INFO:colcon.colcon_core.shell:Creating prefix chain script '/home/kevin/Documents/Thrust_Control/plot_ws/install/setup.sh'
[1.452s] INFO:colcon.colcon_core.shell:Creating prefix script '/home/kevin/Documents/Thrust_Control/plot_ws/install/local_setup.bash'
[1.452s] INFO:colcon.colcon_core.shell:Creating prefix chain script '/home/kevin/Documents/Thrust_Control/plot_ws/install/setup.bash'
[1.454s] INFO:colcon.colcon_core.shell:Creating prefix script '/home/kevin/Documents/Thrust_Control/plot_ws/install/local_setup.zsh'
[1.455s] INFO:colcon.colcon_core.shell:Creating prefix chain script '/home/kevin/Documents/Thrust_Control/plot_ws/install/setup.zsh'
