[0.019s] Invoking command in '/home/kevin/Documents/Thrust_Control/plot_ws/build/thrust_msgs': CMAKE_PREFIX_PATH=${CMAKE_PREFIX_PATH}:/home/kevin/Documents/Thrust_Control/plot_ws/install/thrust_plot:/home/kevin/Documents/Thrust_Control/plot_ws/install/py_pudsub:/opt/ros/galactic /usr/bin/cmake --build /home/kevin/Documents/Thrust_Control/plot_ws/build/thrust_msgs -- -j8 -l8
[0.041s] CMake Warning (dev) at CMakeLists.txt:28:
[0.042s]   Syntax Warning in cmake code at column 19
[0.042s] 
[0.042s]   Argument not separated from preceding token by whitespace.
[0.042s] This warning is for project developers.  Use -Wno-dev to suppress it.
[0.042s] 
[0.047s] -- Found ament_cmake: 1.1.5 (/opt/ros/galactic/share/ament_cmake/cmake)
[0.075s] -- Found PythonInterp: /usr/bin/python3 (found suitable version "3.8.10", minimum required is "3") 
[0.075s] -- Using PYTHON_EXECUTABLE: /usr/bin/python3
[0.134s] -- Override CMake install command with custom implementation using symlinks instead of copying resources
[0.142s] -- Found ament_lint_auto: 0.10.7 (/opt/ros/galactic/share/ament_lint_auto/cmake)
[0.204s] -- Found rosidl_default_generators: 1.1.1 (/opt/ros/galactic/share/rosidl_default_generators/cmake)
[0.206s] -- Using all available rosidl_typesupport_c: rosidl_typesupport_fastrtps_c;rosidl_typesupport_introspection_c
[0.210s] -- Found rosidl_adapter: 2.2.2 (/opt/ros/galactic/share/rosidl_adapter/cmake)
[0.339s] -- Using all available rosidl_typesupport_cpp: rosidl_typesupport_fastrtps_cpp;rosidl_typesupport_introspection_cpp
[0.363s] CMake Error at /opt/ros/galactic/share/rosidl_cmake/cmake/rosidl_generate_interfaces.cmake:93 (message):
[0.363s]   rosidl_generate_interfaces() the passed file ',' doesn't exist relative to
[0.363s]   the CMAKE_CURRENT_SOURCE_DIR
[0.363s]   '/home/kevin/Documents/Thrust_Control/plot_ws/src/thrust_msgs'
[0.363s] Call Stack (most recent call first):
[0.363s]   CMakeLists.txt:27 (rosidl_generate_interfaces)
[0.363s] 
[0.363s] 
[0.364s] -- Configuring incomplete, errors occurred!
[0.364s] See also "/home/kevin/Documents/Thrust_Control/plot_ws/build/thrust_msgs/CMakeFiles/CMakeOutput.log".
[0.369s] make: *** [Makefile:748: cmake_check_build_system] Error 1
[0.371s] Invoked command in '/home/kevin/Documents/Thrust_Control/plot_ws/build/thrust_msgs' returned '2': CMAKE_PREFIX_PATH=${CMAKE_PREFIX_PATH}:/home/kevin/Documents/Thrust_Control/plot_ws/install/thrust_plot:/home/kevin/Documents/Thrust_Control/plot_ws/install/py_pudsub:/opt/ros/galactic /usr/bin/cmake --build /home/kevin/Documents/Thrust_Control/plot_ws/build/thrust_msgs -- -j8 -l8
