[0.641s] Invoking command in '/home/kevin/Documents/Thrust_Control/plot_ws/build/thrust_plot': PYTHONPATH=/home/kevin/Documents/Thrust_Control/plot_ws/install/thrust_plot/lib/python3.8/site-packages:/home/kevin/Documents/Thrust_Control/plot_ws/install/thrust_msgs/lib/python3.8/site-packages:/home/kevin/Documents/Thrust_Control/plot_ws/build/thrust_plot:/home/kevin/Documents/Thrust_Control/plot_ws/install/thrust_plot/lib/python3.8/site-packages:/home/kevin/Documents/Thrust_Control/plot_ws/build/py_pudsub:/home/kevin/Documents/Thrust_Control/plot_ws/install/py_pudsub/lib/python3.8/site-packages:/opt/ros/galactic/lib/python3.8/site-packages /usr/bin/python3 setup.py develop --prefix /home/kevin/Documents/Thrust_Control/plot_ws/install/thrust_plot --editable --build-directory /home/kevin/Documents/Thrust_Control/plot_ws/build/thrust_plot/build --no-deps install_data --install-dir /home/kevin/Documents/Thrust_Control/plot_ws/install/thrust_plot
[0.874s] running develop
[1.017s] running egg_info
[1.017s] creating thrust_plot.egg-info
[1.017s] writing thrust_plot.egg-info/PKG-INFO
[1.017s] writing dependency_links to thrust_plot.egg-info/dependency_links.txt
[1.018s] writing entry points to thrust_plot.egg-info/entry_points.txt
[1.018s] writing requirements to thrust_plot.egg-info/requires.txt
[1.018s] writing top-level names to thrust_plot.egg-info/top_level.txt
[1.019s] writing manifest file 'thrust_plot.egg-info/SOURCES.txt'
[1.048s] reading manifest file 'thrust_plot.egg-info/SOURCES.txt'
[1.048s] writing manifest file 'thrust_plot.egg-info/SOURCES.txt'
[1.081s] running build_ext
[1.081s] Creating /home/kevin/Documents/Thrust_Control/plot_ws/install/thrust_plot/lib/python3.8/site-packages/site.py
[1.083s] Creating /home/kevin/Documents/Thrust_Control/plot_ws/install/thrust_plot/lib/python3.8/site-packages/thrust-plot.egg-link (link to .)
[1.084s] Installing thrust_plot script to /home/kevin/Documents/Thrust_Control/plot_ws/install/thrust_plot/lib/thrust_plot
[1.084s] 
[1.084s] Installed /home/kevin/Documents/Thrust_Control/plot_ws/build/thrust_plot
[1.084s] running install_data
[1.084s] creating /home/kevin/Documents/Thrust_Control/plot_ws/install/thrust_plot/share/ament_index
[1.085s] creating /home/kevin/Documents/Thrust_Control/plot_ws/install/thrust_plot/share/ament_index/resource_index
[1.085s] creating /home/kevin/Documents/Thrust_Control/plot_ws/install/thrust_plot/share/ament_index/resource_index/packages
[1.085s] copying resource/thrust_plot -> /home/kevin/Documents/Thrust_Control/plot_ws/install/thrust_plot/share/ament_index/resource_index/packages
[1.085s] copying package.xml -> /home/kevin/Documents/Thrust_Control/plot_ws/install/thrust_plot/share/thrust_plot
[1.112s] Invoked command in '/home/kevin/Documents/Thrust_Control/plot_ws/build/thrust_plot' returned '0': PYTHONPATH=/home/kevin/Documents/Thrust_Control/plot_ws/install/thrust_plot/lib/python3.8/site-packages:/home/kevin/Documents/Thrust_Control/plot_ws/install/thrust_msgs/lib/python3.8/site-packages:/home/kevin/Documents/Thrust_Control/plot_ws/build/thrust_plot:/home/kevin/Documents/Thrust_Control/plot_ws/install/thrust_plot/lib/python3.8/site-packages:/home/kevin/Documents/Thrust_Control/plot_ws/build/py_pudsub:/home/kevin/Documents/Thrust_Control/plot_ws/install/py_pudsub/lib/python3.8/site-packages:/opt/ros/galactic/lib/python3.8/site-packages /usr/bin/python3 setup.py develop --prefix /home/kevin/Documents/Thrust_Control/plot_ws/install/thrust_plot --editable --build-directory /home/kevin/Documents/Thrust_Control/plot_ws/build/thrust_plot/build --no-deps install_data --install-dir /home/kevin/Documents/Thrust_Control/plot_ws/install/thrust_plot
