[0.019s] Invoking command in '/home/kevin/Documents/Thrust_Control/plot_ws/build/thrust_msgs': CMAKE_PREFIX_PATH=${CMAKE_PREFIX_PATH}:/home/kevin/Documents/Thrust_Control/plot_ws/install/thrust_plot:/opt/ros/galactic /usr/bin/cmake --build /home/kevin/Documents/Thrust_Control/plot_ws/build/thrust_msgs -- -j8 -l8
[0.045s] -- Found ament_cmake: 1.1.5 (/opt/ros/galactic/share/ament_cmake/cmake)
[0.073s] -- Found PythonInterp: /usr/bin/python3 (found suitable version "3.8.10", minimum required is "3") 
[0.073s] -- Using PYTHON_EXECUTABLE: /usr/bin/python3
[0.131s] -- Override CMake install command with custom implementation using symlinks instead of copying resources
[0.139s] -- Found ament_lint_auto: 0.10.7 (/opt/ros/galactic/share/ament_lint_auto/cmake)
[0.200s] -- Found rosidl_default_generators: 1.1.1 (/opt/ros/galactic/share/rosidl_default_generators/cmake)
[0.202s] -- Using all available rosidl_typesupport_c: rosidl_typesupport_fastrtps_c;rosidl_typesupport_introspection_c
[0.205s] -- Found rosidl_adapter: 2.2.2 (/opt/ros/galactic/share/rosidl_adapter/cmake)
[0.336s] -- Using all available rosidl_typesupport_cpp: rosidl_typesupport_fastrtps_cpp;rosidl_typesupport_introspection_cpp
[0.359s] -- Found std_msgs: 2.2.4 (/opt/ros/galactic/share/std_msgs/cmake)
[0.416s] -- Found PythonInterp: /usr/bin/python3 (found version "3.8.10") 
[0.514s] -- Found ament_cmake_ros: 0.9.2 (/opt/ros/galactic/share/ament_cmake_ros/cmake)
[0.685s] -- Using all available rosidl_typesupport_c: rosidl_typesupport_fastrtps_c;rosidl_typesupport_introspection_c
[0.748s] -- Using all available rosidl_typesupport_cpp: rosidl_typesupport_fastrtps_cpp;rosidl_typesupport_introspection_cpp
[0.778s] -- Found PythonInterp: /usr/bin/python3 (found suitable version "3.8.10", minimum required is "3.5") 
[0.778s] -- Found python_cmake_module: 0.8.1 (/opt/ros/galactic/share/python_cmake_module/cmake)
[0.805s] -- Using PYTHON_EXECUTABLE: /usr/bin/python3
[0.805s] -- Using PYTHON_INCLUDE_DIRS: /usr/include/python3.8
[0.805s] -- Using PYTHON_LIBRARIES: /usr/lib/x86_64-linux-gnu/libpython3.8.so
[0.847s] -- Added test 'copyright' to check source files copyright and LICENSE
[0.849s] -- Added test 'lint_cmake' to check CMake code style
[0.849s] -- Added test 'xmllint' to check XML markup files
[0.856s] -- Configuring done
[0.899s] -- Generating done
[0.903s] -- Build files have been written to: /home/kevin/Documents/Thrust_Control/plot_ws/build/thrust_msgs
[0.925s] [  3%] [34m[1mGenerating C code for ROS interfaces[0m
[0.936s] [  6%] [34m[1mGenerating C++ code for ROS interfaces[0m
[1.226s] [35m[1mScanning dependencies of target thrust_msgs__rosidl_generator_c[0m
[1.231s] [  6%] Built target thrust_msgs__cpp
[1.239s] [  9%] [32mBuilding C object CMakeFiles/thrust_msgs__rosidl_generator_c.dir/rosidl_generator_c/thrust_msgs/msg/detail/thrust__functions.c.o[0m
[1.243s] [ 19%] [34m[1mGenerating C++ type support for eProsima Fast-RTPS[0m
[1.243s] [ 19%] [34m[1mGenerating C++ introspection for ROS interfaces[0m
[1.243s] [ 19%] [34m[1mGenerating C++ type support dispatch for ROS interfaces[0m
[1.288s] [ 22%] [32m[1mLinking C shared library libthrust_msgs__rosidl_generator_c.so[0m
[1.328s] [ 22%] Built target thrust_msgs__rosidl_generator_c
[1.340s] [ 25%] [34m[1mGenerating C introspection for ROS interfaces[0m
[1.345s] [ 29%] [34m[1mGenerating C type support dispatch for ROS interfaces[0m
[1.550s] [35m[1mScanning dependencies of target thrust_msgs__rosidl_typesupport_cpp[0m
[1.566s] [ 32%] [32mBuilding CXX object CMakeFiles/thrust_msgs__rosidl_typesupport_cpp.dir/rosidl_typesupport_cpp/thrust_msgs/msg/thrust__type_support.cpp.o[0m
[1.576s] [35m[1mScanning dependencies of target thrust_msgs__rosidl_typesupport_introspection_cpp[0m
[1.590s] [ 35%] [32mBuilding CXX object CMakeFiles/thrust_msgs__rosidl_typesupport_introspection_cpp.dir/rosidl_typesupport_introspection_cpp/thrust_msgs/msg/detail/thrust__type_support.cpp.o[0m
[1.591s] [35m[1mScanning dependencies of target thrust_msgs__rosidl_typesupport_fastrtps_cpp[0m
[1.608s] [ 38%] [32mBuilding CXX object CMakeFiles/thrust_msgs__rosidl_typesupport_fastrtps_cpp.dir/rosidl_typesupport_fastrtps_cpp/thrust_msgs/msg/detail/dds_fastrtps/thrust__type_support.cpp.o[0m
[1.877s] [35m[1mScanning dependencies of target thrust_msgs__rosidl_typesupport_c[0m
[1.891s] [ 41%] [32m[1mLinking CXX shared library libthrust_msgs__rosidl_typesupport_cpp.so[0m
[1.898s] [ 45%] [32mBuilding CXX object CMakeFiles/thrust_msgs__rosidl_typesupport_c.dir/rosidl_typesupport_c/thrust_msgs/msg/thrust__type_support.cpp.o[0m
[1.901s] [35m[1mScanning dependencies of target thrust_msgs__rosidl_typesupport_introspection_c[0m
[1.917s] [ 51%] [32mBuilding C object CMakeFiles/thrust_msgs__rosidl_typesupport_introspection_c.dir/rosidl_typesupport_introspection_c/thrust_msgs/msg/detail/thrust__type_support.c.o[0m
[1.917s] [ 51%] [32m[1mLinking CXX shared library libthrust_msgs__rosidl_typesupport_introspection_cpp.so[0m
[1.940s] [ 51%] Built target thrust_msgs__rosidl_typesupport_cpp
[1.944s] [ 54%] [32m[1mLinking CXX shared library libthrust_msgs__rosidl_typesupport_c.so[0m
[1.964s] [ 58%] [32m[1mLinking C shared library libthrust_msgs__rosidl_typesupport_introspection_c.so[0m
[2.001s] [ 58%] Built target thrust_msgs__rosidl_typesupport_c
[2.008s] [ 58%] Built target thrust_msgs__rosidl_typesupport_introspection_c
[2.010s] [ 58%] Built target thrust_msgs__rosidl_typesupport_introspection_cpp
[2.118s] [ 61%] [32m[1mLinking CXX shared library libthrust_msgs__rosidl_typesupport_fastrtps_cpp.so[0m
[2.219s] [ 61%] Built target thrust_msgs__rosidl_typesupport_fastrtps_cpp
[2.232s] [ 64%] [34m[1mGenerating C type support for eProsima Fast-RTPS[0m
[2.516s] [35m[1mScanning dependencies of target thrust_msgs__rosidl_typesupport_fastrtps_c[0m
[2.529s] [ 67%] [32mBuilding CXX object CMakeFiles/thrust_msgs__rosidl_typesupport_fastrtps_c.dir/rosidl_typesupport_fastrtps_c/thrust_msgs/msg/detail/thrust__type_support_c.cpp.o[0m
[2.863s] [ 70%] [32m[1mLinking CXX shared library libthrust_msgs__rosidl_typesupport_fastrtps_c.so[0m
[2.962s] [ 70%] Built target thrust_msgs__rosidl_typesupport_fastrtps_c
[2.985s] [ 70%] Built target thrust_msgs
[3.007s] [ 74%] [34m[1mGenerating Python code for ROS interfaces[0m
[3.535s] [ 74%] Built target thrust_msgs__py
[3.547s] [35m[1mScanning dependencies of target thrust_msgs__python[0m
[3.563s] [ 77%] [32mBuilding C object CMakeFiles/thrust_msgs__python.dir/rosidl_generator_py/thrust_msgs/msg/_thrust_s.c.o[0m
[3.652s] [ 80%] [32m[1mLinking C shared library rosidl_generator_py/thrust_msgs/libthrust_msgs__python.so[0m
[3.695s] [ 80%] Built target thrust_msgs__python
[3.706s] [35m[1mScanning dependencies of target thrust_msgs__rosidl_typesupport_introspection_c__pyext[0m
[3.707s] [35m[1mScanning dependencies of target thrust_msgs__rosidl_typesupport_c__pyext[0m
[3.707s] [35m[1mScanning dependencies of target thrust_msgs__rosidl_typesupport_fastrtps_c__pyext[0m
[3.722s] [ 83%] [32mBuilding C object CMakeFiles/thrust_msgs__rosidl_typesupport_introspection_c__pyext.dir/rosidl_generator_py/thrust_msgs/_thrust_msgs_s.ep.rosidl_typesupport_introspection_c.c.o[0m
[3.725s] [ 87%] [32mBuilding C object CMakeFiles/thrust_msgs__rosidl_typesupport_c__pyext.dir/rosidl_generator_py/thrust_msgs/_thrust_msgs_s.ep.rosidl_typesupport_c.c.o[0m
[3.727s] [ 90%] [32mBuilding C object CMakeFiles/thrust_msgs__rosidl_typesupport_fastrtps_c__pyext.dir/rosidl_generator_py/thrust_msgs/_thrust_msgs_s.ep.rosidl_typesupport_fastrtps_c.c.o[0m
[3.802s] [ 93%] [32m[1mLinking C shared library rosidl_generator_py/thrust_msgs/thrust_msgs_s__rosidl_typesupport_introspection_c.cpython-38-x86_64-linux-gnu.so[0m
[3.803s] [ 96%] [32m[1mLinking C shared library rosidl_generator_py/thrust_msgs/thrust_msgs_s__rosidl_typesupport_c.cpython-38-x86_64-linux-gnu.so[0m
[3.810s] [100%] [32m[1mLinking CXX shared library rosidl_generator_py/thrust_msgs/thrust_msgs_s__rosidl_typesupport_fastrtps_c.cpython-38-x86_64-linux-gnu.so[0m
[3.842s] [100%] Built target thrust_msgs__rosidl_typesupport_introspection_c__pyext
[3.842s] [100%] Built target thrust_msgs__rosidl_typesupport_c__pyext
[3.880s] [100%] Built target thrust_msgs__rosidl_typesupport_fastrtps_c__pyext
[3.891s] Invoked command in '/home/kevin/Documents/Thrust_Control/plot_ws/build/thrust_msgs' returned '0': CMAKE_PREFIX_PATH=${CMAKE_PREFIX_PATH}:/home/kevin/Documents/Thrust_Control/plot_ws/install/thrust_plot:/opt/ros/galactic /usr/bin/cmake --build /home/kevin/Documents/Thrust_Control/plot_ws/build/thrust_msgs -- -j8 -l8
[3.948s] Invoking command in '/home/kevin/Documents/Thrust_Control/plot_ws/build/thrust_msgs': CMAKE_PREFIX_PATH=${CMAKE_PREFIX_PATH}:/home/kevin/Documents/Thrust_Control/plot_ws/install/thrust_plot:/opt/ros/galactic /usr/bin/cmake --install /home/kevin/Documents/Thrust_Control/plot_ws/build/thrust_msgs
[3.956s] -- Install configuration: ""
[3.956s] -- Execute custom install script
[3.957s] -- Up-to-date symlink: /home/kevin/Documents/Thrust_Control/plot_ws/install/thrust_msgs/share/ament_index/resource_index/rosidl_interfaces/thrust_msgs
[3.957s] -- Up-to-date symlink: /home/kevin/Documents/Thrust_Control/plot_ws/install/thrust_msgs/include/thrust_msgs/msg/detail/thrust__functions.h
[3.958s] -- Up-to-date symlink: /home/kevin/Documents/Thrust_Control/plot_ws/install/thrust_msgs/include/thrust_msgs/msg/detail/thrust__struct.h
[3.958s] -- Up-to-date symlink: /home/kevin/Documents/Thrust_Control/plot_ws/install/thrust_msgs/include/thrust_msgs/msg/detail/thrust__type_support.h
[3.958s] -- Up-to-date symlink: /home/kevin/Documents/Thrust_Control/plot_ws/install/thrust_msgs/include/thrust_msgs/msg/rosidl_generator_c__visibility_control.h
[3.958s] -- Up-to-date symlink: /home/kevin/Documents/Thrust_Control/plot_ws/install/thrust_msgs/include/thrust_msgs/msg/thrust.h
[3.959s] -- Up-to-date symlink: /home/kevin/Documents/Thrust_Control/plot_ws/install/thrust_msgs/share/thrust_msgs/environment/library_path.sh
[3.959s] -- Up-to-date symlink: /home/kevin/Documents/Thrust_Control/plot_ws/install/thrust_msgs/share/thrust_msgs/environment/library_path.dsv
[3.959s] -- Up-to-date symlink: /home/kevin/Documents/Thrust_Control/plot_ws/install/thrust_msgs/include/thrust_msgs/msg/detail/thrust__rosidl_typesupport_fastrtps_c.h
[3.960s] -- Up-to-date symlink: /home/kevin/Documents/Thrust_Control/plot_ws/install/thrust_msgs/include/thrust_msgs/msg/rosidl_typesupport_fastrtps_c__visibility_control.h
[3.960s] -- Up-to-date symlink: /home/kevin/Documents/Thrust_Control/plot_ws/install/thrust_msgs/lib/libthrust_msgs__rosidl_typesupport_fastrtps_c.so
[3.961s] -- Up-to-date symlink: /home/kevin/Documents/Thrust_Control/plot_ws/install/thrust_msgs/include/thrust_msgs/msg/detail/thrust__rosidl_typesupport_fastrtps_cpp.hpp
[3.961s] -- Up-to-date symlink: /home/kevin/Documents/Thrust_Control/plot_ws/install/thrust_msgs/include/thrust_msgs/msg/rosidl_typesupport_fastrtps_cpp__visibility_control.h
[3.961s] -- Up-to-date symlink: /home/kevin/Documents/Thrust_Control/plot_ws/install/thrust_msgs/lib/libthrust_msgs__rosidl_typesupport_fastrtps_cpp.so
[3.962s] -- Up-to-date symlink: /home/kevin/Documents/Thrust_Control/plot_ws/install/thrust_msgs/include/thrust_msgs/msg/detail/thrust__rosidl_typesupport_introspection_c.h
[3.962s] -- Up-to-date symlink: /home/kevin/Documents/Thrust_Control/plot_ws/install/thrust_msgs/include/thrust_msgs/msg/rosidl_typesupport_introspection_c__visibility_control.h
[3.963s] -- Up-to-date symlink: /home/kevin/Documents/Thrust_Control/plot_ws/install/thrust_msgs/include/thrust_msgs/msg/detail/thrust__builder.hpp
[3.963s] -- Up-to-date symlink: /home/kevin/Documents/Thrust_Control/plot_ws/install/thrust_msgs/include/thrust_msgs/msg/detail/thrust__struct.hpp
[3.963s] -- Up-to-date symlink: /home/kevin/Documents/Thrust_Control/plot_ws/install/thrust_msgs/include/thrust_msgs/msg/detail/thrust__traits.hpp
[3.963s] -- Up-to-date symlink: /home/kevin/Documents/Thrust_Control/plot_ws/install/thrust_msgs/include/thrust_msgs/msg/thrust.hpp
[3.964s] -- Up-to-date symlink: /home/kevin/Documents/Thrust_Control/plot_ws/install/thrust_msgs/include/thrust_msgs/msg/detail/thrust__rosidl_typesupport_introspection_cpp.hpp
[3.964s] -- Up-to-date symlink: /home/kevin/Documents/Thrust_Control/plot_ws/install/thrust_msgs/share/thrust_msgs/environment/pythonpath.sh
[3.964s] -- Up-to-date symlink: /home/kevin/Documents/Thrust_Control/plot_ws/install/thrust_msgs/share/thrust_msgs/environment/pythonpath.dsv
[3.964s] -- Up-to-date symlink: /home/kevin/Documents/Thrust_Control/plot_ws/install/thrust_msgs/lib/python3.8/site-packages/thrust_msgs/__init__.py
[3.965s] -- Up-to-date symlink: /home/kevin/Documents/Thrust_Control/plot_ws/install/thrust_msgs/lib/python3.8/site-packages/thrust_msgs/msg/__init__.py
[3.965s] -- Up-to-date symlink: /home/kevin/Documents/Thrust_Control/plot_ws/install/thrust_msgs/lib/python3.8/site-packages/thrust_msgs/msg/_thrust.py
[3.966s] -- Up-to-date symlink: /home/kevin/Documents/Thrust_Control/plot_ws/install/thrust_msgs/lib/python3.8/site-packages/thrust_msgs/thrust_msgs_s__rosidl_typesupport_fastrtps_c.cpython-38-x86_64-linux-gnu.so
[3.966s] -- Up-to-date symlink: /home/kevin/Documents/Thrust_Control/plot_ws/install/thrust_msgs/lib/python3.8/site-packages/thrust_msgs/thrust_msgs_s__rosidl_typesupport_introspection_c.cpython-38-x86_64-linux-gnu.so
[3.966s] -- Up-to-date symlink: /home/kevin/Documents/Thrust_Control/plot_ws/install/thrust_msgs/lib/python3.8/site-packages/thrust_msgs/thrust_msgs_s__rosidl_typesupport_c.cpython-38-x86_64-linux-gnu.so
[3.967s] -- Up-to-date symlink: /home/kevin/Documents/Thrust_Control/plot_ws/install/thrust_msgs/lib/libthrust_msgs__python.so
[3.967s] -- Up-to-date symlink: /home/kevin/Documents/Thrust_Control/plot_ws/install/thrust_msgs/share/thrust_msgs/msg/Thrust.idl
[3.967s] -- Up-to-date symlink: /home/kevin/Documents/Thrust_Control/plot_ws/install/thrust_msgs/share/thrust_msgs/msg/Thrust.msg
[3.968s] -- Up-to-date symlink: /home/kevin/Documents/Thrust_Control/plot_ws/install/thrust_msgs/share/ament_index/resource_index/package_run_dependencies/thrust_msgs
[3.968s] -- Up-to-date symlink: /home/kevin/Documents/Thrust_Control/plot_ws/install/thrust_msgs/share/ament_index/resource_index/parent_prefix_path/thrust_msgs
[3.968s] -- Up-to-date symlink: /home/kevin/Documents/Thrust_Control/plot_ws/install/thrust_msgs/share/thrust_msgs/environment/ament_prefix_path.sh
[3.969s] -- Up-to-date symlink: /home/kevin/Documents/Thrust_Control/plot_ws/install/thrust_msgs/share/thrust_msgs/environment/ament_prefix_path.dsv
[3.969s] -- Up-to-date symlink: /home/kevin/Documents/Thrust_Control/plot_ws/install/thrust_msgs/share/thrust_msgs/environment/path.sh
[3.969s] -- Up-to-date symlink: /home/kevin/Documents/Thrust_Control/plot_ws/install/thrust_msgs/share/thrust_msgs/environment/path.dsv
[3.970s] -- Up-to-date symlink: /home/kevin/Documents/Thrust_Control/plot_ws/install/thrust_msgs/share/thrust_msgs/local_setup.bash
[3.970s] -- Up-to-date symlink: /home/kevin/Documents/Thrust_Control/plot_ws/install/thrust_msgs/share/thrust_msgs/local_setup.sh
[3.970s] -- Up-to-date symlink: /home/kevin/Documents/Thrust_Control/plot_ws/install/thrust_msgs/share/thrust_msgs/local_setup.zsh
[3.970s] -- Up-to-date symlink: /home/kevin/Documents/Thrust_Control/plot_ws/install/thrust_msgs/share/thrust_msgs/local_setup.dsv
[3.971s] -- Symlinking: /home/kevin/Documents/Thrust_Control/plot_ws/install/thrust_msgs/share/thrust_msgs/package.dsv
[3.980s] -- Up-to-date symlink: /home/kevin/Documents/Thrust_Control/plot_ws/install/thrust_msgs/share/ament_index/resource_index/packages/thrust_msgs
[3.980s] -- Up-to-date symlink: /home/kevin/Documents/Thrust_Control/plot_ws/install/thrust_msgs/share/thrust_msgs/cmake/rosidl_cmake-extras.cmake
[3.980s] -- Up-to-date symlink: /home/kevin/Documents/Thrust_Control/plot_ws/install/thrust_msgs/share/thrust_msgs/cmake/ament_cmake_export_dependencies-extras.cmake
[3.980s] -- Up-to-date symlink: /home/kevin/Documents/Thrust_Control/plot_ws/install/thrust_msgs/share/thrust_msgs/cmake/ament_cmake_export_libraries-extras.cmake
[3.981s] -- Up-to-date symlink: /home/kevin/Documents/Thrust_Control/plot_ws/install/thrust_msgs/share/thrust_msgs/cmake/ament_cmake_export_targets-extras.cmake
[3.981s] -- Up-to-date symlink: /home/kevin/Documents/Thrust_Control/plot_ws/install/thrust_msgs/share/thrust_msgs/cmake/ament_cmake_export_include_directories-extras.cmake
[3.981s] -- Up-to-date symlink: /home/kevin/Documents/Thrust_Control/plot_ws/install/thrust_msgs/share/thrust_msgs/cmake/rosidl_cmake_export_typesupport_libraries-extras.cmake
[3.982s] -- Up-to-date symlink: /home/kevin/Documents/Thrust_Control/plot_ws/install/thrust_msgs/share/thrust_msgs/cmake/rosidl_cmake_export_typesupport_targets-extras.cmake
[3.982s] -- Up-to-date symlink: /home/kevin/Documents/Thrust_Control/plot_ws/install/thrust_msgs/share/thrust_msgs/cmake/thrust_msgsConfig.cmake
[3.982s] -- Up-to-date symlink: /home/kevin/Documents/Thrust_Control/plot_ws/install/thrust_msgs/share/thrust_msgs/cmake/thrust_msgsConfig-version.cmake
[3.982s] -- Up-to-date symlink: /home/kevin/Documents/Thrust_Control/plot_ws/install/thrust_msgs/share/thrust_msgs/package.xml
[3.982s] -- Installing: /home/kevin/Documents/Thrust_Control/plot_ws/install/thrust_msgs/lib/libthrust_msgs__rosidl_generator_c.so
[3.983s] -- Set runtime path of "/home/kevin/Documents/Thrust_Control/plot_ws/install/thrust_msgs/lib/libthrust_msgs__rosidl_generator_c.so" to ""
[3.983s] -- Installing: /home/kevin/Documents/Thrust_Control/plot_ws/install/thrust_msgs/lib/libthrust_msgs__rosidl_typesupport_introspection_c.so
[3.984s] -- Set runtime path of "/home/kevin/Documents/Thrust_Control/plot_ws/install/thrust_msgs/lib/libthrust_msgs__rosidl_typesupport_introspection_c.so" to ""
[3.984s] -- Installing: /home/kevin/Documents/Thrust_Control/plot_ws/install/thrust_msgs/lib/libthrust_msgs__rosidl_typesupport_c.so
[3.984s] -- Set runtime path of "/home/kevin/Documents/Thrust_Control/plot_ws/install/thrust_msgs/lib/libthrust_msgs__rosidl_typesupport_c.so" to ""
[3.984s] -- Installing: /home/kevin/Documents/Thrust_Control/plot_ws/install/thrust_msgs/lib/libthrust_msgs__rosidl_typesupport_introspection_cpp.so
[3.985s] -- Set runtime path of "/home/kevin/Documents/Thrust_Control/plot_ws/install/thrust_msgs/lib/libthrust_msgs__rosidl_typesupport_introspection_cpp.so" to ""
[3.985s] -- Installing: /home/kevin/Documents/Thrust_Control/plot_ws/install/thrust_msgs/lib/libthrust_msgs__rosidl_typesupport_cpp.so
[3.985s] -- Set runtime path of "/home/kevin/Documents/Thrust_Control/plot_ws/install/thrust_msgs/lib/libthrust_msgs__rosidl_typesupport_cpp.so" to ""
[4.017s] Compiling '/home/kevin/Documents/Thrust_Control/plot_ws/install/thrust_msgs/lib/python3.8/site-packages/thrust_msgs/__init__.py'...
[4.021s] -- Up-to-date: /home/kevin/Documents/Thrust_Control/plot_ws/install/thrust_msgs/share/thrust_msgs/cmake/thrust_msgs__rosidl_generator_cExport.cmake
[4.021s] -- Installing: /home/kevin/Documents/Thrust_Control/plot_ws/install/thrust_msgs/share/thrust_msgs/cmake/thrust_msgs__rosidl_generator_cExport-noconfig.cmake
[4.021s] -- Up-to-date: /home/kevin/Documents/Thrust_Control/plot_ws/install/thrust_msgs/share/thrust_msgs/cmake/thrust_msgs__rosidl_typesupport_introspection_cExport.cmake
[4.021s] -- Installing: /home/kevin/Documents/Thrust_Control/plot_ws/install/thrust_msgs/share/thrust_msgs/cmake/thrust_msgs__rosidl_typesupport_introspection_cExport-noconfig.cmake
[4.021s] -- Up-to-date: /home/kevin/Documents/Thrust_Control/plot_ws/install/thrust_msgs/share/thrust_msgs/cmake/thrust_msgs__rosidl_typesupport_cExport.cmake
[4.021s] -- Installing: /home/kevin/Documents/Thrust_Control/plot_ws/install/thrust_msgs/share/thrust_msgs/cmake/thrust_msgs__rosidl_typesupport_cExport-noconfig.cmake
[4.021s] -- Up-to-date: /home/kevin/Documents/Thrust_Control/plot_ws/install/thrust_msgs/share/thrust_msgs/cmake/thrust_msgs__rosidl_generator_cppExport.cmake
[4.022s] -- Up-to-date: /home/kevin/Documents/Thrust_Control/plot_ws/install/thrust_msgs/share/thrust_msgs/cmake/thrust_msgs__rosidl_typesupport_introspection_cppExport.cmake
[4.022s] -- Installing: /home/kevin/Documents/Thrust_Control/plot_ws/install/thrust_msgs/share/thrust_msgs/cmake/thrust_msgs__rosidl_typesupport_introspection_cppExport-noconfig.cmake
[4.022s] -- Up-to-date: /home/kevin/Documents/Thrust_Control/plot_ws/install/thrust_msgs/share/thrust_msgs/cmake/thrust_msgs__rosidl_typesupport_cppExport.cmake
[4.022s] -- Installing: /home/kevin/Documents/Thrust_Control/plot_ws/install/thrust_msgs/share/thrust_msgs/cmake/thrust_msgs__rosidl_typesupport_cppExport-noconfig.cmake
[4.025s] Invoked command in '/home/kevin/Documents/Thrust_Control/plot_ws/build/thrust_msgs' returned '0': CMAKE_PREFIX_PATH=${CMAKE_PREFIX_PATH}:/home/kevin/Documents/Thrust_Control/plot_ws/install/thrust_plot:/opt/ros/galactic /usr/bin/cmake --install /home/kevin/Documents/Thrust_Control/plot_ws/build/thrust_msgs
