[0.017s] Invoking command in '/home/kevin/Documents/Thrust_Control/plot_ws/build/thrust_msgs': CMAKE_PREFIX_PATH=${CMAKE_PREFIX_PATH}:/home/kevin/Documents/Thrust_Control/plot_ws/install/thrust_plot:/home/kevin/Documents/Thrust_Control/plot_ws/install/py_pudsub:/opt/ros/galactic /usr/bin/cmake /home/kevin/Documents/Thrust_Control/plot_ws/src/thrust_msgs -DAMENT_CMAKE_SYMLINK_INSTALL=1 -DCMAKE_INSTALL_PREFIX=/home/kevin/Documents/Thrust_Control/plot_ws/install/thrust_msgs
[0.073s] -- The C compiler identification is GNU 9.4.0
[0.128s] -- The CXX compiler identification is GNU 9.4.0
[0.133s] -- Check for working C compiler: /usr/bin/cc
[0.199s] -- Check for working C compiler: /usr/bin/cc -- works
[0.200s] -- Detecting C compiler ABI info
[0.267s] -- Detecting C compiler ABI info - done
[0.279s] -- Detecting C compile features
[0.280s] -- Detecting C compile features - done
[0.282s] -- Check for working CXX compiler: /usr/bin/c++
[0.360s] -- Check for working CXX compiler: /usr/bin/c++ -- works
[0.361s] -- Detecting CXX compiler ABI info
[0.442s] -- Detecting CXX compiler ABI info - done
[0.455s] -- Detecting CXX compile features
[0.455s] -- Detecting CXX compile features - done
[0.457s] -- Found ament_cmake: 1.1.5 (/opt/ros/galactic/share/ament_cmake/cmake)
[0.480s] -- Found PythonInterp: /usr/bin/python3 (found suitable version "3.8.10", minimum required is "3") 
[0.480s] -- Using PYTHON_EXECUTABLE: /usr/bin/python3
[0.534s] -- Override CMake install command with custom implementation using symlinks instead of copying resources
[0.554s] -- Found ament_lint_auto: 0.10.7 (/opt/ros/galactic/share/ament_lint_auto/cmake)
[0.621s] -- Found rosidl_default_generators: 1.1.1 (/opt/ros/galactic/share/rosidl_default_generators/cmake)
[0.624s] -- Using all available rosidl_typesupport_c: rosidl_typesupport_fastrtps_c;rosidl_typesupport_introspection_c
[0.630s] -- Found rosidl_adapter: 2.2.2 (/opt/ros/galactic/share/rosidl_adapter/cmake)
[0.716s] -- Found OpenSSL: /usr/lib/x86_64-linux-gnu/libcrypto.so (found version "1.1.1f")  
[0.743s] -- Found FastRTPS: /opt/ros/galactic/include  
[0.818s] -- Using all available rosidl_typesupport_cpp: rosidl_typesupport_fastrtps_cpp;rosidl_typesupport_introspection_cpp
[0.865s] -- Found PythonInterp: /usr/bin/python3 (found version "3.8.10") 
[0.926s] -- Found ament_cmake_ros: 0.9.2 (/opt/ros/galactic/share/ament_cmake_ros/cmake)
[1.018s] -- Using all available rosidl_typesupport_c: rosidl_typesupport_fastrtps_c;rosidl_typesupport_introspection_c
[1.026s] -- Using all available rosidl_typesupport_cpp: rosidl_typesupport_fastrtps_cpp;rosidl_typesupport_introspection_cpp
[1.049s] -- Found PythonInterp: /usr/bin/python3 (found suitable version "3.8.10", minimum required is "3.5") 
[1.050s] -- Found python_cmake_module: 0.8.1 (/opt/ros/galactic/share/python_cmake_module/cmake)
[1.076s] -- Found PythonLibs: /usr/lib/x86_64-linux-gnu/libpython3.8.so (found suitable version "3.8.10", minimum required is "3.5") 
[1.076s] -- Using PYTHON_EXECUTABLE: /usr/bin/python3
[1.076s] -- Using PYTHON_INCLUDE_DIRS: /usr/include/python3.8
[1.076s] -- Using PYTHON_LIBRARIES: /usr/lib/x86_64-linux-gnu/libpython3.8.so
[1.097s] -- Found PythonExtra: .so  
[1.142s] -- Added test 'copyright' to check source files copyright and LICENSE
[1.144s] -- Added test 'lint_cmake' to check CMake code style
[1.144s] -- Added test 'xmllint' to check XML markup files
[1.153s] -- Configuring done
[1.188s] -- Generating done
[1.191s] -- Build files have been written to: /home/kevin/Documents/Thrust_Control/plot_ws/build/thrust_msgs
[1.199s] Invoked command in '/home/kevin/Documents/Thrust_Control/plot_ws/build/thrust_msgs' returned '0': CMAKE_PREFIX_PATH=${CMAKE_PREFIX_PATH}:/home/kevin/Documents/Thrust_Control/plot_ws/install/thrust_plot:/home/kevin/Documents/Thrust_Control/plot_ws/install/py_pudsub:/opt/ros/galactic /usr/bin/cmake /home/kevin/Documents/Thrust_Control/plot_ws/src/thrust_msgs -DAMENT_CMAKE_SYMLINK_INSTALL=1 -DCMAKE_INSTALL_PREFIX=/home/kevin/Documents/Thrust_Control/plot_ws/install/thrust_msgs
[1.202s] Invoking command in '/home/kevin/Documents/Thrust_Control/plot_ws/build/thrust_msgs': CMAKE_PREFIX_PATH=${CMAKE_PREFIX_PATH}:/home/kevin/Documents/Thrust_Control/plot_ws/install/thrust_plot:/home/kevin/Documents/Thrust_Control/plot_ws/install/py_pudsub:/opt/ros/galactic /usr/bin/cmake --build /home/kevin/Documents/Thrust_Control/plot_ws/build/thrust_msgs -- -j8 -l8
[1.242s] [  3%] [34m[1mGenerating C code for ROS interfaces[0m
[1.242s] [35m[1mScanning dependencies of target thrust_msgs__cpp[0m
[1.253s] [  6%] [34m[1mGenerating C++ code for ROS interfaces[0m
[1.482s] [35m[1mScanning dependencies of target thrust_msgs__rosidl_generator_c[0m
[1.484s] [  6%] Built target thrust_msgs__cpp
[1.494s] [ 19%] [32mBuilding C object CMakeFiles/thrust_msgs__rosidl_generator_c.dir/rosidl_generator_c/thrust_msgs/msg/detail/thrust__functions.c.o[0m
[1.494s] [ 19%] [34m[1mGenerating C++ introspection for ROS interfaces[0m
[1.494s] [ 19%] [34m[1mGenerating C++ type support dispatch for ROS interfaces[0m
[1.494s] [ 19%] [34m[1mGenerating C++ type support for eProsima Fast-RTPS[0m
[1.542s] [ 22%] [32m[1mLinking C shared library libthrust_msgs__rosidl_generator_c.so[0m
[1.578s] [ 22%] Built target thrust_msgs__rosidl_generator_c
[1.589s] [ 25%] [34m[1mGenerating C introspection for ROS interfaces[0m
[1.594s] [ 29%] [34m[1mGenerating C type support dispatch for ROS interfaces[0m
[1.733s] [35m[1mScanning dependencies of target thrust_msgs__rosidl_typesupport_cpp[0m
[1.749s] [ 32%] [32mBuilding CXX object CMakeFiles/thrust_msgs__rosidl_typesupport_cpp.dir/rosidl_typesupport_cpp/thrust_msgs/msg/thrust__type_support.cpp.o[0m
[1.749s] [35m[1mScanning dependencies of target thrust_msgs__rosidl_typesupport_introspection_cpp[0m
[1.761s] [35m[1mScanning dependencies of target thrust_msgs__rosidl_typesupport_fastrtps_cpp[0m
[1.763s] [ 35%] [32mBuilding CXX object CMakeFiles/thrust_msgs__rosidl_typesupport_introspection_cpp.dir/rosidl_typesupport_introspection_cpp/thrust_msgs/msg/detail/thrust__type_support.cpp.o[0m
[1.779s] [ 38%] [32mBuilding CXX object CMakeFiles/thrust_msgs__rosidl_typesupport_fastrtps_cpp.dir/rosidl_typesupport_fastrtps_cpp/thrust_msgs/msg/detail/dds_fastrtps/thrust__type_support.cpp.o[0m
[1.984s] [35m[1mScanning dependencies of target thrust_msgs__rosidl_typesupport_c[0m
[2.004s] [35m[1mScanning dependencies of target thrust_msgs__rosidl_typesupport_introspection_c[0m
[2.004s] [ 41%] [32mBuilding CXX object CMakeFiles/thrust_msgs__rosidl_typesupport_c.dir/rosidl_typesupport_c/thrust_msgs/msg/thrust__type_support.cpp.o[0m
[2.023s] [ 45%] [32mBuilding C object CMakeFiles/thrust_msgs__rosidl_typesupport_introspection_c.dir/rosidl_typesupport_introspection_c/thrust_msgs/msg/detail/thrust__type_support.c.o[0m
[2.041s] [ 48%] [32m[1mLinking CXX shared library libthrust_msgs__rosidl_typesupport_c.so[0m
[2.078s] [ 51%] [32m[1mLinking C shared library libthrust_msgs__rosidl_typesupport_introspection_c.so[0m
[2.086s] [ 51%] Built target thrust_msgs__rosidl_typesupport_c
[2.096s] [ 54%] [32m[1mLinking CXX shared library libthrust_msgs__rosidl_typesupport_introspection_cpp.so[0m
[2.097s] [ 58%] [32m[1mLinking CXX shared library libthrust_msgs__rosidl_typesupport_cpp.so[0m
[2.115s] [ 58%] Built target thrust_msgs__rosidl_typesupport_introspection_c
[2.144s] [ 58%] Built target thrust_msgs__rosidl_typesupport_cpp
[2.174s] [ 58%] Built target thrust_msgs__rosidl_typesupport_introspection_cpp
[2.255s] [ 61%] [32m[1mLinking CXX shared library libthrust_msgs__rosidl_typesupport_fastrtps_cpp.so[0m
[2.353s] [ 61%] Built target thrust_msgs__rosidl_typesupport_fastrtps_cpp
[2.366s] [ 64%] [34m[1mGenerating C type support for eProsima Fast-RTPS[0m
[2.583s] [35m[1mScanning dependencies of target thrust_msgs__rosidl_typesupport_fastrtps_c[0m
[2.597s] [ 67%] [32mBuilding CXX object CMakeFiles/thrust_msgs__rosidl_typesupport_fastrtps_c.dir/rosidl_typesupport_fastrtps_c/thrust_msgs/msg/detail/thrust__type_support_c.cpp.o[0m
[2.930s] [ 70%] [32m[1mLinking CXX shared library libthrust_msgs__rosidl_typesupport_fastrtps_c.so[0m
[3.026s] [ 70%] Built target thrust_msgs__rosidl_typesupport_fastrtps_c
[3.038s] [35m[1mScanning dependencies of target thrust_msgs[0m
[3.051s] [ 70%] Built target thrust_msgs
[3.062s] [35m[1mScanning dependencies of target thrust_msgs__py[0m
[3.075s] [ 74%] [34m[1mGenerating Python code for ROS interfaces[0m
[3.459s] [ 74%] Built target thrust_msgs__py
[3.470s] [35m[1mScanning dependencies of target thrust_msgs__python[0m
[3.489s] [ 77%] [32mBuilding C object CMakeFiles/thrust_msgs__python.dir/rosidl_generator_py/thrust_msgs/msg/_thrust_s.c.o[0m
[3.576s] [ 80%] [32m[1mLinking C shared library rosidl_generator_py/thrust_msgs/libthrust_msgs__python.so[0m
[3.614s] [ 80%] Built target thrust_msgs__python
[3.624s] [35m[1mScanning dependencies of target thrust_msgs__rosidl_typesupport_introspection_c__pyext[0m
[3.624s] [35m[1mScanning dependencies of target thrust_msgs__rosidl_typesupport_c__pyext[0m
[3.624s] [35m[1mScanning dependencies of target thrust_msgs__rosidl_typesupport_fastrtps_c__pyext[0m
[3.643s] [ 83%] [32mBuilding C object CMakeFiles/thrust_msgs__rosidl_typesupport_introspection_c__pyext.dir/rosidl_generator_py/thrust_msgs/_thrust_msgs_s.ep.rosidl_typesupport_introspection_c.c.o[0m
[3.644s] [ 87%] [32mBuilding C object CMakeFiles/thrust_msgs__rosidl_typesupport_c__pyext.dir/rosidl_generator_py/thrust_msgs/_thrust_msgs_s.ep.rosidl_typesupport_c.c.o[0m
[3.646s] [ 90%] [32mBuilding C object CMakeFiles/thrust_msgs__rosidl_typesupport_fastrtps_c__pyext.dir/rosidl_generator_py/thrust_msgs/_thrust_msgs_s.ep.rosidl_typesupport_fastrtps_c.c.o[0m
[3.722s] [ 93%] [32m[1mLinking C shared library rosidl_generator_py/thrust_msgs/thrust_msgs_s__rosidl_typesupport_c.cpython-38-x86_64-linux-gnu.so[0m
[3.722s] [ 96%] [32m[1mLinking C shared library rosidl_generator_py/thrust_msgs/thrust_msgs_s__rosidl_typesupport_introspection_c.cpython-38-x86_64-linux-gnu.so[0m
[3.726s] [100%] [32m[1mLinking CXX shared library rosidl_generator_py/thrust_msgs/thrust_msgs_s__rosidl_typesupport_fastrtps_c.cpython-38-x86_64-linux-gnu.so[0m
[3.756s] [100%] Built target thrust_msgs__rosidl_typesupport_introspection_c__pyext
[3.757s] [100%] Built target thrust_msgs__rosidl_typesupport_c__pyext
[3.790s] [100%] Built target thrust_msgs__rosidl_typesupport_fastrtps_c__pyext
[3.802s] Invoked command in '/home/kevin/Documents/Thrust_Control/plot_ws/build/thrust_msgs' returned '0': CMAKE_PREFIX_PATH=${CMAKE_PREFIX_PATH}:/home/kevin/Documents/Thrust_Control/plot_ws/install/thrust_plot:/home/kevin/Documents/Thrust_Control/plot_ws/install/py_pudsub:/opt/ros/galactic /usr/bin/cmake --build /home/kevin/Documents/Thrust_Control/plot_ws/build/thrust_msgs -- -j8 -l8
[3.858s] Invoking command in '/home/kevin/Documents/Thrust_Control/plot_ws/build/thrust_msgs': CMAKE_PREFIX_PATH=${CMAKE_PREFIX_PATH}:/home/kevin/Documents/Thrust_Control/plot_ws/install/thrust_plot:/home/kevin/Documents/Thrust_Control/plot_ws/install/py_pudsub:/opt/ros/galactic /usr/bin/cmake --install /home/kevin/Documents/Thrust_Control/plot_ws/build/thrust_msgs
[3.868s] -- Install configuration: ""
[3.868s] -- Execute custom install script
[3.869s] -- Symlinking: /home/kevin/Documents/Thrust_Control/plot_ws/install/thrust_msgs/share/ament_index/resource_index/rosidl_interfaces/thrust_msgs
[3.878s] -- Symlinking: /home/kevin/Documents/Thrust_Control/plot_ws/install/thrust_msgs/include/thrust_msgs/msg/detail/thrust__functions.h
[3.887s] -- Symlinking: /home/kevin/Documents/Thrust_Control/plot_ws/install/thrust_msgs/include/thrust_msgs/msg/detail/thrust__struct.h
[3.896s] -- Symlinking: /home/kevin/Documents/Thrust_Control/plot_ws/install/thrust_msgs/include/thrust_msgs/msg/detail/thrust__type_support.h
[3.904s] -- Symlinking: /home/kevin/Documents/Thrust_Control/plot_ws/install/thrust_msgs/include/thrust_msgs/msg/rosidl_generator_c__visibility_control.h
[3.913s] -- Symlinking: /home/kevin/Documents/Thrust_Control/plot_ws/install/thrust_msgs/include/thrust_msgs/msg/thrust.h
[3.922s] -- Symlinking: /home/kevin/Documents/Thrust_Control/plot_ws/install/thrust_msgs/share/thrust_msgs/environment/library_path.sh
[3.931s] -- Symlinking: /home/kevin/Documents/Thrust_Control/plot_ws/install/thrust_msgs/share/thrust_msgs/environment/library_path.dsv
[3.940s] -- Symlinking: /home/kevin/Documents/Thrust_Control/plot_ws/install/thrust_msgs/include/thrust_msgs/msg/detail/thrust__rosidl_typesupport_fastrtps_c.h
[3.949s] -- Symlinking: /home/kevin/Documents/Thrust_Control/plot_ws/install/thrust_msgs/include/thrust_msgs/msg/rosidl_typesupport_fastrtps_c__visibility_control.h
[3.959s] -- Symlinking: /home/kevin/Documents/Thrust_Control/plot_ws/install/thrust_msgs/lib/libthrust_msgs__rosidl_typesupport_fastrtps_c.so
[3.969s] -- Symlinking: /home/kevin/Documents/Thrust_Control/plot_ws/install/thrust_msgs/include/thrust_msgs/msg/detail/thrust__rosidl_typesupport_fastrtps_cpp.hpp
[3.978s] -- Symlinking: /home/kevin/Documents/Thrust_Control/plot_ws/install/thrust_msgs/include/thrust_msgs/msg/rosidl_typesupport_fastrtps_cpp__visibility_control.h
[3.987s] -- Symlinking: /home/kevin/Documents/Thrust_Control/plot_ws/install/thrust_msgs/lib/libthrust_msgs__rosidl_typesupport_fastrtps_cpp.so
[3.996s] -- Symlinking: /home/kevin/Documents/Thrust_Control/plot_ws/install/thrust_msgs/include/thrust_msgs/msg/detail/thrust__rosidl_typesupport_introspection_c.h
[4.004s] -- Symlinking: /home/kevin/Documents/Thrust_Control/plot_ws/install/thrust_msgs/include/thrust_msgs/msg/rosidl_typesupport_introspection_c__visibility_control.h
[4.014s] -- Symlinking: /home/kevin/Documents/Thrust_Control/plot_ws/install/thrust_msgs/include/thrust_msgs/msg/detail/thrust__builder.hpp
[4.022s] -- Symlinking: /home/kevin/Documents/Thrust_Control/plot_ws/install/thrust_msgs/include/thrust_msgs/msg/detail/thrust__struct.hpp
[4.031s] -- Symlinking: /home/kevin/Documents/Thrust_Control/plot_ws/install/thrust_msgs/include/thrust_msgs/msg/detail/thrust__traits.hpp
[4.040s] -- Symlinking: /home/kevin/Documents/Thrust_Control/plot_ws/install/thrust_msgs/include/thrust_msgs/msg/thrust.hpp
[4.050s] -- Symlinking: /home/kevin/Documents/Thrust_Control/plot_ws/install/thrust_msgs/include/thrust_msgs/msg/detail/thrust__rosidl_typesupport_introspection_cpp.hpp
[4.059s] -- Symlinking: /home/kevin/Documents/Thrust_Control/plot_ws/install/thrust_msgs/share/thrust_msgs/environment/pythonpath.sh
[4.068s] -- Symlinking: /home/kevin/Documents/Thrust_Control/plot_ws/install/thrust_msgs/share/thrust_msgs/environment/pythonpath.dsv
[4.077s] -- Symlinking: /home/kevin/Documents/Thrust_Control/plot_ws/install/thrust_msgs/lib/python3.8/site-packages/thrust_msgs/__init__.py
[4.086s] -- Symlinking: /home/kevin/Documents/Thrust_Control/plot_ws/install/thrust_msgs/lib/python3.8/site-packages/thrust_msgs/msg/__init__.py
[4.095s] -- Symlinking: /home/kevin/Documents/Thrust_Control/plot_ws/install/thrust_msgs/lib/python3.8/site-packages/thrust_msgs/msg/_thrust.py
[4.104s] -- Symlinking: /home/kevin/Documents/Thrust_Control/plot_ws/install/thrust_msgs/lib/python3.8/site-packages/thrust_msgs/thrust_msgs_s__rosidl_typesupport_fastrtps_c.cpython-38-x86_64-linux-gnu.so
[4.113s] -- Symlinking: /home/kevin/Documents/Thrust_Control/plot_ws/install/thrust_msgs/lib/python3.8/site-packages/thrust_msgs/thrust_msgs_s__rosidl_typesupport_introspection_c.cpython-38-x86_64-linux-gnu.so
[4.122s] -- Symlinking: /home/kevin/Documents/Thrust_Control/plot_ws/install/thrust_msgs/lib/python3.8/site-packages/thrust_msgs/thrust_msgs_s__rosidl_typesupport_c.cpython-38-x86_64-linux-gnu.so
[4.131s] -- Symlinking: /home/kevin/Documents/Thrust_Control/plot_ws/install/thrust_msgs/lib/libthrust_msgs__python.so
[4.141s] -- Symlinking: /home/kevin/Documents/Thrust_Control/plot_ws/install/thrust_msgs/share/thrust_msgs/msg/Thrust.idl
[4.150s] -- Symlinking: /home/kevin/Documents/Thrust_Control/plot_ws/install/thrust_msgs/share/thrust_msgs/msg/Thrust.msg
[4.159s] -- Symlinking: /home/kevin/Documents/Thrust_Control/plot_ws/install/thrust_msgs/share/ament_index/resource_index/package_run_dependencies/thrust_msgs
[4.168s] -- Symlinking: /home/kevin/Documents/Thrust_Control/plot_ws/install/thrust_msgs/share/ament_index/resource_index/parent_prefix_path/thrust_msgs
[4.178s] -- Symlinking: /home/kevin/Documents/Thrust_Control/plot_ws/install/thrust_msgs/share/thrust_msgs/environment/ament_prefix_path.sh
[4.187s] -- Symlinking: /home/kevin/Documents/Thrust_Control/plot_ws/install/thrust_msgs/share/thrust_msgs/environment/ament_prefix_path.dsv
[4.196s] -- Symlinking: /home/kevin/Documents/Thrust_Control/plot_ws/install/thrust_msgs/share/thrust_msgs/environment/path.sh
[4.204s] -- Symlinking: /home/kevin/Documents/Thrust_Control/plot_ws/install/thrust_msgs/share/thrust_msgs/environment/path.dsv
[4.213s] -- Symlinking: /home/kevin/Documents/Thrust_Control/plot_ws/install/thrust_msgs/share/thrust_msgs/local_setup.bash
[4.222s] -- Symlinking: /home/kevin/Documents/Thrust_Control/plot_ws/install/thrust_msgs/share/thrust_msgs/local_setup.sh
[4.231s] -- Symlinking: /home/kevin/Documents/Thrust_Control/plot_ws/install/thrust_msgs/share/thrust_msgs/local_setup.zsh
[4.241s] -- Symlinking: /home/kevin/Documents/Thrust_Control/plot_ws/install/thrust_msgs/share/thrust_msgs/local_setup.dsv
[4.250s] -- Symlinking: /home/kevin/Documents/Thrust_Control/plot_ws/install/thrust_msgs/share/thrust_msgs/package.dsv
[4.259s] -- Symlinking: /home/kevin/Documents/Thrust_Control/plot_ws/install/thrust_msgs/share/ament_index/resource_index/packages/thrust_msgs
[4.268s] -- Symlinking: /home/kevin/Documents/Thrust_Control/plot_ws/install/thrust_msgs/share/thrust_msgs/cmake/rosidl_cmake-extras.cmake
[4.278s] -- Symlinking: /home/kevin/Documents/Thrust_Control/plot_ws/install/thrust_msgs/share/thrust_msgs/cmake/ament_cmake_export_dependencies-extras.cmake
[4.287s] -- Symlinking: /home/kevin/Documents/Thrust_Control/plot_ws/install/thrust_msgs/share/thrust_msgs/cmake/ament_cmake_export_libraries-extras.cmake
[4.296s] -- Symlinking: /home/kevin/Documents/Thrust_Control/plot_ws/install/thrust_msgs/share/thrust_msgs/cmake/ament_cmake_export_targets-extras.cmake
[4.305s] -- Symlinking: /home/kevin/Documents/Thrust_Control/plot_ws/install/thrust_msgs/share/thrust_msgs/cmake/ament_cmake_export_include_directories-extras.cmake
[4.314s] -- Symlinking: /home/kevin/Documents/Thrust_Control/plot_ws/install/thrust_msgs/share/thrust_msgs/cmake/rosidl_cmake_export_typesupport_libraries-extras.cmake
[4.323s] -- Symlinking: /home/kevin/Documents/Thrust_Control/plot_ws/install/thrust_msgs/share/thrust_msgs/cmake/rosidl_cmake_export_typesupport_targets-extras.cmake
[4.332s] -- Symlinking: /home/kevin/Documents/Thrust_Control/plot_ws/install/thrust_msgs/share/thrust_msgs/cmake/thrust_msgsConfig.cmake
[4.341s] -- Symlinking: /home/kevin/Documents/Thrust_Control/plot_ws/install/thrust_msgs/share/thrust_msgs/cmake/thrust_msgsConfig-version.cmake
[4.350s] -- Symlinking: /home/kevin/Documents/Thrust_Control/plot_ws/install/thrust_msgs/share/thrust_msgs/package.xml
[4.359s] -- Installing: /home/kevin/Documents/Thrust_Control/plot_ws/install/thrust_msgs/lib/libthrust_msgs__rosidl_generator_c.so
[4.359s] -- Set runtime path of "/home/kevin/Documents/Thrust_Control/plot_ws/install/thrust_msgs/lib/libthrust_msgs__rosidl_generator_c.so" to ""
[4.360s] -- Installing: /home/kevin/Documents/Thrust_Control/plot_ws/install/thrust_msgs/lib/libthrust_msgs__rosidl_typesupport_introspection_c.so
[4.360s] -- Set runtime path of "/home/kevin/Documents/Thrust_Control/plot_ws/install/thrust_msgs/lib/libthrust_msgs__rosidl_typesupport_introspection_c.so" to ""
[4.360s] -- Installing: /home/kevin/Documents/Thrust_Control/plot_ws/install/thrust_msgs/lib/libthrust_msgs__rosidl_typesupport_c.so
[4.360s] -- Set runtime path of "/home/kevin/Documents/Thrust_Control/plot_ws/install/thrust_msgs/lib/libthrust_msgs__rosidl_typesupport_c.so" to ""
[4.361s] -- Installing: /home/kevin/Documents/Thrust_Control/plot_ws/install/thrust_msgs/lib/libthrust_msgs__rosidl_typesupport_introspection_cpp.so
[4.361s] -- Set runtime path of "/home/kevin/Documents/Thrust_Control/plot_ws/install/thrust_msgs/lib/libthrust_msgs__rosidl_typesupport_introspection_cpp.so" to ""
[4.361s] -- Installing: /home/kevin/Documents/Thrust_Control/plot_ws/install/thrust_msgs/lib/libthrust_msgs__rosidl_typesupport_cpp.so
[4.361s] -- Set runtime path of "/home/kevin/Documents/Thrust_Control/plot_ws/install/thrust_msgs/lib/libthrust_msgs__rosidl_typesupport_cpp.so" to ""
[4.391s] Compiling '/home/kevin/Documents/Thrust_Control/plot_ws/install/thrust_msgs/lib/python3.8/site-packages/thrust_msgs/__init__.py'...
[4.395s] -- Installing: /home/kevin/Documents/Thrust_Control/plot_ws/install/thrust_msgs/share/thrust_msgs/cmake/thrust_msgs__rosidl_generator_cExport.cmake
[4.396s] -- Installing: /home/kevin/Documents/Thrust_Control/plot_ws/install/thrust_msgs/share/thrust_msgs/cmake/thrust_msgs__rosidl_generator_cExport-noconfig.cmake
[4.396s] -- Installing: /home/kevin/Documents/Thrust_Control/plot_ws/install/thrust_msgs/share/thrust_msgs/cmake/thrust_msgs__rosidl_typesupport_introspection_cExport.cmake
[4.396s] -- Installing: /home/kevin/Documents/Thrust_Control/plot_ws/install/thrust_msgs/share/thrust_msgs/cmake/thrust_msgs__rosidl_typesupport_introspection_cExport-noconfig.cmake
[4.396s] -- Installing: /home/kevin/Documents/Thrust_Control/plot_ws/install/thrust_msgs/share/thrust_msgs/cmake/thrust_msgs__rosidl_typesupport_cExport.cmake
[4.396s] -- Installing: /home/kevin/Documents/Thrust_Control/plot_ws/install/thrust_msgs/share/thrust_msgs/cmake/thrust_msgs__rosidl_typesupport_cExport-noconfig.cmake
[4.396s] -- Installing: /home/kevin/Documents/Thrust_Control/plot_ws/install/thrust_msgs/share/thrust_msgs/cmake/thrust_msgs__rosidl_generator_cppExport.cmake
[4.396s] -- Installing: /home/kevin/Documents/Thrust_Control/plot_ws/install/thrust_msgs/share/thrust_msgs/cmake/thrust_msgs__rosidl_typesupport_introspection_cppExport.cmake
[4.396s] -- Installing: /home/kevin/Documents/Thrust_Control/plot_ws/install/thrust_msgs/share/thrust_msgs/cmake/thrust_msgs__rosidl_typesupport_introspection_cppExport-noconfig.cmake
[4.397s] -- Installing: /home/kevin/Documents/Thrust_Control/plot_ws/install/thrust_msgs/share/thrust_msgs/cmake/thrust_msgs__rosidl_typesupport_cppExport.cmake
[4.397s] -- Installing: /home/kevin/Documents/Thrust_Control/plot_ws/install/thrust_msgs/share/thrust_msgs/cmake/thrust_msgs__rosidl_typesupport_cppExport-noconfig.cmake
[4.399s] Invoked command in '/home/kevin/Documents/Thrust_Control/plot_ws/build/thrust_msgs' returned '0': CMAKE_PREFIX_PATH=${CMAKE_PREFIX_PATH}:/home/kevin/Documents/Thrust_Control/plot_ws/install/thrust_plot:/home/kevin/Documents/Thrust_Control/plot_ws/install/py_pudsub:/opt/ros/galactic /usr/bin/cmake --install /home/kevin/Documents/Thrust_Control/plot_ws/build/thrust_msgs
