[0.161s] DEBUG:colcon:Command line arguments: ['/usr/bin/colcon', 'build', '--symlink-install']
[0.161s] DEBUG:colcon:Parsed command line arguments: Namespace(allow_overriding=[], ament_cmake_args=None, base_paths=['.'], build_base='build', catkin_cmake_args=None, catkin_skip_building_tests=False, cmake_args=None, cmake_clean_cache=False, cmake_clean_first=False, cmake_force_configure=False, cmake_target=None, cmake_target_skip_unavailable=False, continue_on_error=False, event_handlers=None, executor='parallel', ignore_user_meta=False, install_base='install', log_base=None, log_level=None, main=<bound method BuildVerb.main of <colcon_core.verb.build.BuildVerb object at 0x7f6fe2fd7340>>, merge_install=False, metas=['./colcon.meta'], packages_above=None, packages_above_and_dependencies=None, packages_above_depth=None, packages_end=None, packages_ignore=None, packages_ignore_regex=None, packages_select=None, packages_select_build_failed=False, packages_select_by_dep=None, packages_select_regex=None, packages_select_test_failures=False, packages_skip=None, packages_skip_build_finished=False, packages_skip_by_dep=None, packages_skip_regex=None, packages_skip_test_passed=False, packages_skip_up_to=None, packages_start=None, packages_up_to=None, packages_up_to_regex=None, parallel_workers=8, paths=None, symlink_install=True, test_result_base=None, verb_extension=<colcon_core.verb.build.BuildVerb object at 0x7f6fe2fd7340>, verb_name='build', verb_parser=<colcon_defaults.argument_parser.defaults.DefaultArgumentsDecorator object at 0x7f6fe2fd7880>)
[0.188s] Level 1:colcon.colcon_core.package_discovery:discover_packages(colcon_meta) check parameters
[0.188s] Level 1:colcon.colcon_core.package_discovery:discover_packages(recursive) check parameters
[0.188s] Level 1:colcon.colcon_core.package_discovery:discover_packages(ignore) check parameters
[0.188s] Level 1:colcon.colcon_core.package_discovery:discover_packages(path) check parameters
[0.188s] Level 1:colcon.colcon_core.package_discovery:discover_packages(colcon_meta) discover
[0.188s] Level 1:colcon.colcon_core.package_discovery:discover_packages(recursive) discover
[0.189s] INFO:colcon.colcon_core.package_discovery:Crawling recursively for packages in '/home/kevin/Documents/Thrust_Control/plot_ws'
[0.189s] Level 1:colcon.colcon_core.package_identification:_identify(.) by extensions ['ignore', 'ignore_ament_install']
[0.189s] Level 1:colcon.colcon_core.package_identification:_identify(.) by extension 'ignore'
[0.189s] Level 1:colcon.colcon_core.package_identification:_identify(.) by extension 'ignore_ament_install'
[0.189s] Level 1:colcon.colcon_core.package_identification:_identify(.) by extensions ['colcon_pkg']
[0.189s] Level 1:colcon.colcon_core.package_identification:_identify(.) by extension 'colcon_pkg'
[0.189s] Level 1:colcon.colcon_core.package_identification:_identify(.) by extensions ['colcon_meta']
[0.189s] Level 1:colcon.colcon_core.package_identification:_identify(.) by extension 'colcon_meta'
[0.189s] Level 1:colcon.colcon_core.package_identification:_identify(.) by extensions ['ros']
[0.189s] Level 1:colcon.colcon_core.package_identification:_identify(.) by extension 'ros'
[0.208s] Level 1:colcon.colcon_core.package_identification:_identify(.) by extensions ['cmake', 'python']
[0.208s] Level 1:colcon.colcon_core.package_identification:_identify(.) by extension 'cmake'
[0.209s] Level 1:colcon.colcon_core.package_identification:_identify(.) by extension 'python'
[0.209s] Level 1:colcon.colcon_core.package_identification:_identify(.) by extensions ['python_setup_py']
[0.209s] Level 1:colcon.colcon_core.package_identification:_identify(.) by extension 'python_setup_py'
[0.209s] Level 1:colcon.colcon_core.package_identification:_identify(build) by extensions ['ignore', 'ignore_ament_install']
[0.209s] Level 1:colcon.colcon_core.package_identification:_identify(build) by extension 'ignore'
[0.209s] Level 1:colcon.colcon_core.package_identification:_identify(build) ignored
[0.209s] Level 1:colcon.colcon_core.package_identification:_identify(install) by extensions ['ignore', 'ignore_ament_install']
[0.209s] Level 1:colcon.colcon_core.package_identification:_identify(install) by extension 'ignore'
[0.209s] Level 1:colcon.colcon_core.package_identification:_identify(install) ignored
[0.209s] Level 1:colcon.colcon_core.package_identification:_identify(log) by extensions ['ignore', 'ignore_ament_install']
[0.210s] Level 1:colcon.colcon_core.package_identification:_identify(log) by extension 'ignore'
[0.210s] Level 1:colcon.colcon_core.package_identification:_identify(log) ignored
[0.210s] Level 1:colcon.colcon_core.package_identification:_identify(src) by extensions ['ignore', 'ignore_ament_install']
[0.210s] Level 1:colcon.colcon_core.package_identification:_identify(src) by extension 'ignore'
[0.210s] Level 1:colcon.colcon_core.package_identification:_identify(src) by extension 'ignore_ament_install'
[0.210s] Level 1:colcon.colcon_core.package_identification:_identify(src) by extensions ['colcon_pkg']
[0.210s] Level 1:colcon.colcon_core.package_identification:_identify(src) by extension 'colcon_pkg'
[0.210s] Level 1:colcon.colcon_core.package_identification:_identify(src) by extensions ['colcon_meta']
[0.210s] Level 1:colcon.colcon_core.package_identification:_identify(src) by extension 'colcon_meta'
[0.210s] Level 1:colcon.colcon_core.package_identification:_identify(src) by extensions ['ros']
[0.210s] Level 1:colcon.colcon_core.package_identification:_identify(src) by extension 'ros'
[0.210s] Level 1:colcon.colcon_core.package_identification:_identify(src) by extensions ['cmake', 'python']
[0.210s] Level 1:colcon.colcon_core.package_identification:_identify(src) by extension 'cmake'
[0.210s] Level 1:colcon.colcon_core.package_identification:_identify(src) by extension 'python'
[0.210s] Level 1:colcon.colcon_core.package_identification:_identify(src) by extensions ['python_setup_py']
[0.210s] Level 1:colcon.colcon_core.package_identification:_identify(src) by extension 'python_setup_py'
[0.211s] Level 1:colcon.colcon_core.package_identification:_identify(src/thrust_msgs) by extensions ['ignore', 'ignore_ament_install']
[0.211s] Level 1:colcon.colcon_core.package_identification:_identify(src/thrust_msgs) by extension 'ignore'
[0.211s] Level 1:colcon.colcon_core.package_identification:_identify(src/thrust_msgs) by extension 'ignore_ament_install'
[0.211s] Level 1:colcon.colcon_core.package_identification:_identify(src/thrust_msgs) by extensions ['colcon_pkg']
[0.211s] Level 1:colcon.colcon_core.package_identification:_identify(src/thrust_msgs) by extension 'colcon_pkg'
[0.211s] Level 1:colcon.colcon_core.package_identification:_identify(src/thrust_msgs) by extensions ['colcon_meta']
[0.211s] Level 1:colcon.colcon_core.package_identification:_identify(src/thrust_msgs) by extension 'colcon_meta'
[0.211s] Level 1:colcon.colcon_core.package_identification:_identify(src/thrust_msgs) by extensions ['ros']
[0.211s] Level 1:colcon.colcon_core.package_identification:_identify(src/thrust_msgs) by extension 'ros'
[0.214s] DEBUG:colcon.colcon_core.package_identification:Package 'src/thrust_msgs' with type 'ros.ament_cmake' and name 'thrust_msgs'
[0.214s] Level 1:colcon.colcon_core.package_identification:_identify(src/thrust_plot) by extensions ['ignore', 'ignore_ament_install']
[0.214s] Level 1:colcon.colcon_core.package_identification:_identify(src/thrust_plot) by extension 'ignore'
[0.214s] Level 1:colcon.colcon_core.package_identification:_identify(src/thrust_plot) by extension 'ignore_ament_install'
[0.214s] Level 1:colcon.colcon_core.package_identification:_identify(src/thrust_plot) by extensions ['colcon_pkg']
[0.214s] Level 1:colcon.colcon_core.package_identification:_identify(src/thrust_plot) by extension 'colcon_pkg'
[0.214s] Level 1:colcon.colcon_core.package_identification:_identify(src/thrust_plot) by extensions ['colcon_meta']
[0.214s] Level 1:colcon.colcon_core.package_identification:_identify(src/thrust_plot) by extension 'colcon_meta'
[0.215s] Level 1:colcon.colcon_core.package_identification:_identify(src/thrust_plot) by extensions ['ros']
[0.215s] Level 1:colcon.colcon_core.package_identification:_identify(src/thrust_plot) by extension 'ros'
[0.215s] DEBUG:colcon.colcon_core.package_identification:Package 'src/thrust_plot' with type 'ros.ament_python' and name 'thrust_plot'
[0.215s] Level 1:colcon.colcon_core.package_discovery:discover_packages(recursive) using defaults
[0.215s] Level 1:colcon.colcon_core.package_discovery:discover_packages(ignore) discover
[0.215s] Level 1:colcon.colcon_core.package_discovery:discover_packages(ignore) using defaults
[0.215s] Level 1:colcon.colcon_core.package_discovery:discover_packages(path) discover
[0.215s] Level 1:colcon.colcon_core.package_discovery:discover_packages(path) using defaults
[0.239s] Level 1:colcon.colcon_core.package_discovery:discover_packages(prefix_path) check parameters
[0.239s] Level 1:colcon.colcon_core.package_discovery:discover_packages(prefix_path) discover
[0.243s] DEBUG:colcon.colcon_installed_package_information.package_discovery:Found 2 installed packages in /home/kevin/Documents/Thrust_Control/plot_ws/install
[0.245s] DEBUG:colcon.colcon_installed_package_information.package_discovery:Found 281 installed packages in /opt/ros/galactic
[0.247s] Level 1:colcon.colcon_core.package_discovery:discover_packages(prefix_path) using defaults
[0.330s] Level 5:colcon.colcon_core.verb:set package 'thrust_msgs' build argument 'cmake_args' from command line to 'None'
[0.330s] Level 5:colcon.colcon_core.verb:set package 'thrust_msgs' build argument 'cmake_target' from command line to 'None'
[0.330s] Level 5:colcon.colcon_core.verb:set package 'thrust_msgs' build argument 'cmake_target_skip_unavailable' from command line to 'False'
[0.330s] Level 5:colcon.colcon_core.verb:set package 'thrust_msgs' build argument 'cmake_clean_cache' from command line to 'False'
[0.330s] Level 5:colcon.colcon_core.verb:set package 'thrust_msgs' build argument 'cmake_clean_first' from command line to 'False'
[0.330s] Level 5:colcon.colcon_core.verb:set package 'thrust_msgs' build argument 'cmake_force_configure' from command line to 'False'
[0.330s] Level 5:colcon.colcon_core.verb:set package 'thrust_msgs' build argument 'ament_cmake_args' from command line to 'None'
[0.330s] Level 5:colcon.colcon_core.verb:set package 'thrust_msgs' build argument 'catkin_cmake_args' from command line to 'None'
[0.330s] Level 5:colcon.colcon_core.verb:set package 'thrust_msgs' build argument 'catkin_skip_building_tests' from command line to 'False'
[0.330s] DEBUG:colcon.colcon_core.verb:Building package 'thrust_msgs' with the following arguments: {'ament_cmake_args': None, 'build_base': '/home/kevin/Documents/Thrust_Control/plot_ws/build/thrust_msgs', 'catkin_cmake_args': None, 'catkin_skip_building_tests': False, 'cmake_args': None, 'cmake_clean_cache': False, 'cmake_clean_first': False, 'cmake_force_configure': False, 'cmake_target': None, 'cmake_target_skip_unavailable': False, 'install_base': '/home/kevin/Documents/Thrust_Control/plot_ws/install/thrust_msgs', 'merge_install': False, 'path': '/home/kevin/Documents/Thrust_Control/plot_ws/src/thrust_msgs', 'symlink_install': True, 'test_result_base': None}
[0.331s] Level 5:colcon.colcon_core.verb:set package 'thrust_plot' build argument 'cmake_args' from command line to 'None'
[0.331s] Level 5:colcon.colcon_core.verb:set package 'thrust_plot' build argument 'cmake_target' from command line to 'None'
[0.331s] Level 5:colcon.colcon_core.verb:set package 'thrust_plot' build argument 'cmake_target_skip_unavailable' from command line to 'False'
[0.331s] Level 5:colcon.colcon_core.verb:set package 'thrust_plot' build argument 'cmake_clean_cache' from command line to 'False'
[0.331s] Level 5:colcon.colcon_core.verb:set package 'thrust_plot' build argument 'cmake_clean_first' from command line to 'False'
[0.331s] Level 5:colcon.colcon_core.verb:set package 'thrust_plot' build argument 'cmake_force_configure' from command line to 'False'
[0.332s] Level 5:colcon.colcon_core.verb:set package 'thrust_plot' build argument 'ament_cmake_args' from command line to 'None'
[0.332s] Level 5:colcon.colcon_core.verb:set package 'thrust_plot' build argument 'catkin_cmake_args' from command line to 'None'
[0.332s] Level 5:colcon.colcon_core.verb:set package 'thrust_plot' build argument 'catkin_skip_building_tests' from command line to 'False'
[0.332s] DEBUG:colcon.colcon_core.verb:Building package 'thrust_plot' with the following arguments: {'ament_cmake_args': None, 'build_base': '/home/kevin/Documents/Thrust_Control/plot_ws/build/thrust_plot', 'catkin_cmake_args': None, 'catkin_skip_building_tests': False, 'cmake_args': None, 'cmake_clean_cache': False, 'cmake_clean_first': False, 'cmake_force_configure': False, 'cmake_target': None, 'cmake_target_skip_unavailable': False, 'install_base': '/home/kevin/Documents/Thrust_Control/plot_ws/install/thrust_plot', 'merge_install': False, 'path': '/home/kevin/Documents/Thrust_Control/plot_ws/src/thrust_plot', 'symlink_install': True, 'test_result_base': None}
[0.333s] INFO:colcon.colcon_core.executor:Executing jobs using 'parallel' executor
[0.339s] DEBUG:colcon.colcon_parallel_executor.executor.parallel:run_until_complete
[0.339s] INFO:colcon.colcon_ros.task.ament_cmake.build:Building ROS package in '/home/kevin/Documents/Thrust_Control/plot_ws/src/thrust_msgs' with build type 'ament_cmake'
[0.340s] INFO:colcon.colcon_cmake.task.cmake.build:Building CMake package in '/home/kevin/Documents/Thrust_Control/plot_ws/src/thrust_msgs'
[0.345s] INFO:colcon.colcon_core.plugin_system:Skipping extension 'colcon_core.shell.bat': Not used on non-Windows systems
[0.345s] INFO:colcon.colcon_core.shell:Skip shell extension 'powershell' for command environment: Not usable outside of PowerShell
[0.345s] DEBUG:colcon.colcon_core.shell:Skip shell extension 'dsv' for command environment
[0.357s] DEBUG:colcon.colcon_core.event_handler.log_command:Invoking command in '/home/kevin/Documents/Thrust_Control/plot_ws/build/thrust_msgs': CMAKE_PREFIX_PATH=${CMAKE_PREFIX_PATH}:/home/kevin/Documents/Thrust_Control/plot_ws/install/thrust_plot:/opt/ros/galactic /usr/bin/cmake --build /home/kevin/Documents/Thrust_Control/plot_ws/build/thrust_msgs -- -j8 -l8
[0.576s] DEBUG:colcon.colcon_core.event_handler.log_command:Invoked command in '/home/kevin/Documents/Thrust_Control/plot_ws/build/thrust_msgs' returned '0': CMAKE_PREFIX_PATH=${CMAKE_PREFIX_PATH}:/home/kevin/Documents/Thrust_Control/plot_ws/install/thrust_plot:/opt/ros/galactic /usr/bin/cmake --build /home/kevin/Documents/Thrust_Control/plot_ws/build/thrust_msgs -- -j8 -l8
[0.631s] DEBUG:colcon.colcon_core.event_handler.log_command:Invoking command in '/home/kevin/Documents/Thrust_Control/plot_ws/build/thrust_msgs': CMAKE_PREFIX_PATH=${CMAKE_PREFIX_PATH}:/home/kevin/Documents/Thrust_Control/plot_ws/install/thrust_plot:/opt/ros/galactic /usr/bin/cmake --install /home/kevin/Documents/Thrust_Control/plot_ws/build/thrust_msgs
[0.707s] Level 1:colcon.colcon_core.environment:create_environment_scripts_only(thrust_msgs)
[0.709s] DEBUG:colcon.colcon_core.event_handler.log_command:Invoked command in '/home/kevin/Documents/Thrust_Control/plot_ws/build/thrust_msgs' returned '0': CMAKE_PREFIX_PATH=${CMAKE_PREFIX_PATH}:/home/kevin/Documents/Thrust_Control/plot_ws/install/thrust_plot:/opt/ros/galactic /usr/bin/cmake --install /home/kevin/Documents/Thrust_Control/plot_ws/build/thrust_msgs
[0.715s] Level 1:colcon.colcon_core.environment:checking '/home/kevin/Documents/Thrust_Control/plot_ws/install/thrust_msgs' for CMake module files
[0.715s] Level 1:colcon.colcon_core.environment:checking '/home/kevin/Documents/Thrust_Control/plot_ws/install/thrust_msgs' for CMake config files
[0.716s] Level 1:colcon.colcon_core.shell:create_environment_hook('thrust_msgs', 'cmake_prefix_path')
[0.718s] INFO:colcon.colcon_core.shell:Creating environment hook '/home/kevin/Documents/Thrust_Control/plot_ws/install/thrust_msgs/share/thrust_msgs/hook/cmake_prefix_path.ps1'
[0.719s] INFO:colcon.colcon_core.shell:Creating environment descriptor '/home/kevin/Documents/Thrust_Control/plot_ws/install/thrust_msgs/share/thrust_msgs/hook/cmake_prefix_path.dsv'
[0.719s] INFO:colcon.colcon_core.shell:Creating environment hook '/home/kevin/Documents/Thrust_Control/plot_ws/install/thrust_msgs/share/thrust_msgs/hook/cmake_prefix_path.sh'
[0.720s] Level 1:colcon.colcon_core.environment:checking '/home/kevin/Documents/Thrust_Control/plot_ws/install/thrust_msgs/lib'
[0.720s] Level 1:colcon.colcon_core.shell:create_environment_hook('thrust_msgs', 'ld_library_path_lib')
[0.723s] INFO:colcon.colcon_core.shell:Creating environment hook '/home/kevin/Documents/Thrust_Control/plot_ws/install/thrust_msgs/share/thrust_msgs/hook/ld_library_path_lib.ps1'
[0.723s] INFO:colcon.colcon_core.shell:Creating environment descriptor '/home/kevin/Documents/Thrust_Control/plot_ws/install/thrust_msgs/share/thrust_msgs/hook/ld_library_path_lib.dsv'
[0.723s] INFO:colcon.colcon_core.shell:Creating environment hook '/home/kevin/Documents/Thrust_Control/plot_ws/install/thrust_msgs/share/thrust_msgs/hook/ld_library_path_lib.sh'
[0.724s] Level 1:colcon.colcon_core.environment:checking '/home/kevin/Documents/Thrust_Control/plot_ws/install/thrust_msgs/bin'
[0.724s] Level 1:colcon.colcon_core.environment:checking '/home/kevin/Documents/Thrust_Control/plot_ws/install/thrust_msgs/lib/pkgconfig/thrust_msgs.pc'
[0.724s] Level 1:colcon.colcon_core.environment:checking '/home/kevin/Documents/Thrust_Control/plot_ws/install/thrust_msgs/lib/python3.8/site-packages'
[0.724s] Level 1:colcon.colcon_core.shell:create_environment_hook('thrust_msgs', 'pythonpath')
[0.726s] INFO:colcon.colcon_core.shell:Creating environment hook '/home/kevin/Documents/Thrust_Control/plot_ws/install/thrust_msgs/share/thrust_msgs/hook/pythonpath.ps1'
[0.727s] INFO:colcon.colcon_core.shell:Creating environment descriptor '/home/kevin/Documents/Thrust_Control/plot_ws/install/thrust_msgs/share/thrust_msgs/hook/pythonpath.dsv'
[0.727s] INFO:colcon.colcon_core.shell:Creating environment hook '/home/kevin/Documents/Thrust_Control/plot_ws/install/thrust_msgs/share/thrust_msgs/hook/pythonpath.sh'
[0.727s] Level 1:colcon.colcon_core.environment:checking '/home/kevin/Documents/Thrust_Control/plot_ws/install/thrust_msgs/bin'
[0.730s] INFO:colcon.colcon_core.shell:Creating package script '/home/kevin/Documents/Thrust_Control/plot_ws/install/thrust_msgs/share/thrust_msgs/package.ps1'
[0.731s] INFO:colcon.colcon_core.shell:Creating package descriptor '/home/kevin/Documents/Thrust_Control/plot_ws/install/thrust_msgs/share/thrust_msgs/package.dsv'
[0.731s] INFO:colcon.colcon_core.shell:Creating package script '/home/kevin/Documents/Thrust_Control/plot_ws/install/thrust_msgs/share/thrust_msgs/package.sh'
[0.732s] INFO:colcon.colcon_core.shell:Creating package script '/home/kevin/Documents/Thrust_Control/plot_ws/install/thrust_msgs/share/thrust_msgs/package.bash'
[0.733s] INFO:colcon.colcon_core.shell:Creating package script '/home/kevin/Documents/Thrust_Control/plot_ws/install/thrust_msgs/share/thrust_msgs/package.zsh'
[0.733s] Level 1:colcon.colcon_core.environment:create_file_with_runtime_dependencies(/home/kevin/Documents/Thrust_Control/plot_ws/install/thrust_msgs/share/colcon-core/packages/thrust_msgs)
[0.779s] Level 1:colcon.colcon_core.environment:create_environment_scripts_only(thrust_msgs)
[0.783s] Level 1:colcon.colcon_core.environment:checking '/home/kevin/Documents/Thrust_Control/plot_ws/install/thrust_msgs' for CMake module files
[0.783s] Level 1:colcon.colcon_core.environment:checking '/home/kevin/Documents/Thrust_Control/plot_ws/install/thrust_msgs' for CMake config files
[0.784s] Level 1:colcon.colcon_core.shell:create_environment_hook('thrust_msgs', 'cmake_prefix_path')
[0.786s] INFO:colcon.colcon_core.shell:Creating environment hook '/home/kevin/Documents/Thrust_Control/plot_ws/install/thrust_msgs/share/thrust_msgs/hook/cmake_prefix_path.ps1'
[0.787s] INFO:colcon.colcon_core.shell:Creating environment descriptor '/home/kevin/Documents/Thrust_Control/plot_ws/install/thrust_msgs/share/thrust_msgs/hook/cmake_prefix_path.dsv'
[0.787s] INFO:colcon.colcon_core.shell:Creating environment hook '/home/kevin/Documents/Thrust_Control/plot_ws/install/thrust_msgs/share/thrust_msgs/hook/cmake_prefix_path.sh'
[0.788s] Level 1:colcon.colcon_core.environment:checking '/home/kevin/Documents/Thrust_Control/plot_ws/install/thrust_msgs/lib'
[0.788s] Level 1:colcon.colcon_core.shell:create_environment_hook('thrust_msgs', 'ld_library_path_lib')
[0.790s] INFO:colcon.colcon_core.shell:Creating environment hook '/home/kevin/Documents/Thrust_Control/plot_ws/install/thrust_msgs/share/thrust_msgs/hook/ld_library_path_lib.ps1'
[0.790s] INFO:colcon.colcon_core.shell:Creating environment descriptor '/home/kevin/Documents/Thrust_Control/plot_ws/install/thrust_msgs/share/thrust_msgs/hook/ld_library_path_lib.dsv'
[0.791s] INFO:colcon.colcon_core.shell:Creating environment hook '/home/kevin/Documents/Thrust_Control/plot_ws/install/thrust_msgs/share/thrust_msgs/hook/ld_library_path_lib.sh'
[0.791s] Level 1:colcon.colcon_core.environment:checking '/home/kevin/Documents/Thrust_Control/plot_ws/install/thrust_msgs/bin'
[0.791s] Level 1:colcon.colcon_core.environment:checking '/home/kevin/Documents/Thrust_Control/plot_ws/install/thrust_msgs/lib/pkgconfig/thrust_msgs.pc'
[0.791s] Level 1:colcon.colcon_core.environment:checking '/home/kevin/Documents/Thrust_Control/plot_ws/install/thrust_msgs/lib/python3.8/site-packages'
[0.791s] Level 1:colcon.colcon_core.shell:create_environment_hook('thrust_msgs', 'pythonpath')
[0.794s] INFO:colcon.colcon_core.shell:Creating environment hook '/home/kevin/Documents/Thrust_Control/plot_ws/install/thrust_msgs/share/thrust_msgs/hook/pythonpath.ps1'
[0.794s] INFO:colcon.colcon_core.shell:Creating environment descriptor '/home/kevin/Documents/Thrust_Control/plot_ws/install/thrust_msgs/share/thrust_msgs/hook/pythonpath.dsv'
[0.794s] INFO:colcon.colcon_core.shell:Creating environment hook '/home/kevin/Documents/Thrust_Control/plot_ws/install/thrust_msgs/share/thrust_msgs/hook/pythonpath.sh'
[0.795s] Level 1:colcon.colcon_core.environment:checking '/home/kevin/Documents/Thrust_Control/plot_ws/install/thrust_msgs/bin'
[0.797s] INFO:colcon.colcon_core.shell:Creating package script '/home/kevin/Documents/Thrust_Control/plot_ws/install/thrust_msgs/share/thrust_msgs/package.ps1'
[0.798s] INFO:colcon.colcon_core.shell:Creating package descriptor '/home/kevin/Documents/Thrust_Control/plot_ws/install/thrust_msgs/share/thrust_msgs/package.dsv'
[0.798s] INFO:colcon.colcon_core.shell:Creating package script '/home/kevin/Documents/Thrust_Control/plot_ws/install/thrust_msgs/share/thrust_msgs/package.sh'
[0.799s] INFO:colcon.colcon_core.shell:Creating package script '/home/kevin/Documents/Thrust_Control/plot_ws/install/thrust_msgs/share/thrust_msgs/package.bash'
[0.799s] INFO:colcon.colcon_core.shell:Creating package script '/home/kevin/Documents/Thrust_Control/plot_ws/install/thrust_msgs/share/thrust_msgs/package.zsh'
[0.800s] Level 1:colcon.colcon_core.environment:create_file_with_runtime_dependencies(/home/kevin/Documents/Thrust_Control/plot_ws/install/thrust_msgs/share/colcon-core/packages/thrust_msgs)
[0.800s] INFO:colcon.colcon_ros.task.ament_python.build:Building ROS package in '/home/kevin/Documents/Thrust_Control/plot_ws/src/thrust_plot' with build type 'ament_python'
[0.800s] Level 1:colcon.colcon_core.shell:create_environment_hook('thrust_plot', 'ament_prefix_path')
[0.802s] INFO:colcon.colcon_core.shell:Creating environment hook '/home/kevin/Documents/Thrust_Control/plot_ws/install/thrust_plot/share/thrust_plot/hook/ament_prefix_path.ps1'
[0.803s] INFO:colcon.colcon_core.shell:Creating environment descriptor '/home/kevin/Documents/Thrust_Control/plot_ws/install/thrust_plot/share/thrust_plot/hook/ament_prefix_path.dsv'
[0.804s] INFO:colcon.colcon_core.shell:Creating environment hook '/home/kevin/Documents/Thrust_Control/plot_ws/install/thrust_plot/share/thrust_plot/hook/ament_prefix_path.sh'
[0.806s] INFO:colcon.colcon_core.shell:Skip shell extension 'powershell' for command environment: Not usable outside of PowerShell
[0.806s] DEBUG:colcon.colcon_core.shell:Skip shell extension 'dsv' for command environment
[1.051s] INFO:colcon.colcon_core.task.python.build:Building Python package in '/home/kevin/Documents/Thrust_Control/plot_ws/src/thrust_plot'
[1.054s] INFO:colcon.colcon_core.shell:Skip shell extension 'powershell' for command environment: Not usable outside of PowerShell
[1.054s] DEBUG:colcon.colcon_core.shell:Skip shell extension 'dsv' for command environment
[1.447s] DEBUG:colcon.colcon_core.event_handler.log_command:Invoking command in '/home/kevin/Documents/Thrust_Control/plot_ws/build/thrust_plot': PYTHONPATH=/home/kevin/Documents/Thrust_Control/plot_ws/install/thrust_plot/lib/python3.8/site-packages:/home/kevin/Documents/Thrust_Control/plot_ws/install/thrust_msgs/lib/python3.8/site-packages:/home/kevin/Documents/Thrust_Control/plot_ws/build/thrust_plot:/home/kevin/Documents/Thrust_Control/plot_ws/install/thrust_plot/lib/python3.8/site-packages:/opt/ros/galactic/lib/python3.8/site-packages /usr/bin/python3 setup.py develop --prefix /home/kevin/Documents/Thrust_Control/plot_ws/install/thrust_plot --editable --build-directory /home/kevin/Documents/Thrust_Control/plot_ws/build/thrust_plot/build --no-deps install_data --install-dir /home/kevin/Documents/Thrust_Control/plot_ws/install/thrust_plot
[1.923s] Level 1:colcon.colcon_core.shell:create_environment_hook('thrust_plot', 'pythonpath_develop')
[1.927s] INFO:colcon.colcon_core.shell:Creating environment hook '/home/kevin/Documents/Thrust_Control/plot_ws/build/thrust_plot/share/thrust_plot/hook/pythonpath_develop.ps1'
[1.928s] DEBUG:colcon.colcon_core.event_handler.log_command:Invoked command in '/home/kevin/Documents/Thrust_Control/plot_ws/build/thrust_plot' returned '0': PYTHONPATH=/home/kevin/Documents/Thrust_Control/plot_ws/install/thrust_plot/lib/python3.8/site-packages:/home/kevin/Documents/Thrust_Control/plot_ws/install/thrust_msgs/lib/python3.8/site-packages:/home/kevin/Documents/Thrust_Control/plot_ws/build/thrust_plot:/home/kevin/Documents/Thrust_Control/plot_ws/install/thrust_plot/lib/python3.8/site-packages:/opt/ros/galactic/lib/python3.8/site-packages /usr/bin/python3 setup.py develop --prefix /home/kevin/Documents/Thrust_Control/plot_ws/install/thrust_plot --editable --build-directory /home/kevin/Documents/Thrust_Control/plot_ws/build/thrust_plot/build --no-deps install_data --install-dir /home/kevin/Documents/Thrust_Control/plot_ws/install/thrust_plot
[1.928s] INFO:colcon.colcon_core.shell:Creating environment descriptor '/home/kevin/Documents/Thrust_Control/plot_ws/build/thrust_plot/share/thrust_plot/hook/pythonpath_develop.dsv'
[1.928s] INFO:colcon.colcon_core.shell:Creating environment hook '/home/kevin/Documents/Thrust_Control/plot_ws/build/thrust_plot/share/thrust_plot/hook/pythonpath_develop.sh'
[1.933s] Level 1:colcon.colcon_core.environment:checking '/home/kevin/Documents/Thrust_Control/plot_ws/install/thrust_plot' for CMake module files
[1.934s] Level 1:colcon.colcon_core.environment:checking '/home/kevin/Documents/Thrust_Control/plot_ws/install/thrust_plot' for CMake config files
[1.934s] Level 1:colcon.colcon_core.environment:checking '/home/kevin/Documents/Thrust_Control/plot_ws/install/thrust_plot/lib'
[1.934s] Level 1:colcon.colcon_core.environment:checking '/home/kevin/Documents/Thrust_Control/plot_ws/install/thrust_plot/bin'
[1.935s] Level 1:colcon.colcon_core.environment:checking '/home/kevin/Documents/Thrust_Control/plot_ws/install/thrust_plot/lib/pkgconfig/thrust_plot.pc'
[1.935s] Level 1:colcon.colcon_core.environment:checking '/home/kevin/Documents/Thrust_Control/plot_ws/install/thrust_plot/lib/python3.8/site-packages'
[1.935s] Level 1:colcon.colcon_core.shell:create_environment_hook('thrust_plot', 'pythonpath')
[1.938s] INFO:colcon.colcon_core.shell:Creating environment hook '/home/kevin/Documents/Thrust_Control/plot_ws/install/thrust_plot/share/thrust_plot/hook/pythonpath.ps1'
[1.938s] INFO:colcon.colcon_core.shell:Creating environment descriptor '/home/kevin/Documents/Thrust_Control/plot_ws/install/thrust_plot/share/thrust_plot/hook/pythonpath.dsv'
[1.938s] INFO:colcon.colcon_core.shell:Creating environment hook '/home/kevin/Documents/Thrust_Control/plot_ws/install/thrust_plot/share/thrust_plot/hook/pythonpath.sh'
[1.939s] Level 1:colcon.colcon_core.environment:checking '/home/kevin/Documents/Thrust_Control/plot_ws/install/thrust_plot/bin'
[1.939s] Level 1:colcon.colcon_core.environment:create_environment_scripts_only(thrust_plot)
[1.942s] INFO:colcon.colcon_core.shell:Creating package script '/home/kevin/Documents/Thrust_Control/plot_ws/install/thrust_plot/share/thrust_plot/package.ps1'
[1.943s] INFO:colcon.colcon_core.shell:Creating package descriptor '/home/kevin/Documents/Thrust_Control/plot_ws/install/thrust_plot/share/thrust_plot/package.dsv'
[1.943s] INFO:colcon.colcon_core.shell:Creating package script '/home/kevin/Documents/Thrust_Control/plot_ws/install/thrust_plot/share/thrust_plot/package.sh'
[1.944s] INFO:colcon.colcon_core.shell:Creating package script '/home/kevin/Documents/Thrust_Control/plot_ws/install/thrust_plot/share/thrust_plot/package.bash'
[1.944s] INFO:colcon.colcon_core.shell:Creating package script '/home/kevin/Documents/Thrust_Control/plot_ws/install/thrust_plot/share/thrust_plot/package.zsh'
[1.944s] Level 1:colcon.colcon_core.environment:create_file_with_runtime_dependencies(/home/kevin/Documents/Thrust_Control/plot_ws/install/thrust_plot/share/colcon-core/packages/thrust_plot)
[1.945s] DEBUG:colcon.colcon_parallel_executor.executor.parallel:closing loop
[1.945s] DEBUG:colcon.colcon_parallel_executor.executor.parallel:loop closed
[1.945s] DEBUG:colcon.colcon_parallel_executor.executor.parallel:run_until_complete finished with '0'
[1.945s] DEBUG:colcon.colcon_core.event_reactor:joining thread
[1.953s] INFO:colcon.colcon_core.plugin_system:Skipping extension 'colcon_notification.desktop_notification.terminal_notifier': Not used on non-Darwin systems
[1.953s] INFO:colcon.colcon_core.plugin_system:Skipping extension 'colcon_notification.desktop_notification.win32': Not used on non-Windows systems
[1.953s] INFO:colcon.colcon_notification.desktop_notification:Sending desktop notification using 'notify2'
[1.970s] DEBUG:colcon.colcon_core.event_reactor:joined thread
[1.973s] INFO:colcon.colcon_core.shell:Creating prefix script '/home/kevin/Documents/Thrust_Control/plot_ws/install/local_setup.ps1'
[1.974s] INFO:colcon.colcon_core.shell:Creating prefix util module '/home/kevin/Documents/Thrust_Control/plot_ws/install/_local_setup_util_ps1.py'
[1.976s] INFO:colcon.colcon_core.shell:Creating prefix chain script '/home/kevin/Documents/Thrust_Control/plot_ws/install/setup.ps1'
[1.978s] INFO:colcon.colcon_core.shell:Creating prefix script '/home/kevin/Documents/Thrust_Control/plot_ws/install/local_setup.sh'
[1.979s] INFO:colcon.colcon_core.shell:Creating prefix util module '/home/kevin/Documents/Thrust_Control/plot_ws/install/_local_setup_util_sh.py'
[1.979s] INFO:colcon.colcon_core.shell:Creating prefix chain script '/home/kevin/Documents/Thrust_Control/plot_ws/install/setup.sh'
[1.981s] INFO:colcon.colcon_core.shell:Creating prefix script '/home/kevin/Documents/Thrust_Control/plot_ws/install/local_setup.bash'
[1.982s] INFO:colcon.colcon_core.shell:Creating prefix chain script '/home/kevin/Documents/Thrust_Control/plot_ws/install/setup.bash'
[1.984s] INFO:colcon.colcon_core.shell:Creating prefix script '/home/kevin/Documents/Thrust_Control/plot_ws/install/local_setup.zsh'
[1.985s] INFO:colcon.colcon_core.shell:Creating prefix chain script '/home/kevin/Documents/Thrust_Control/plot_ws/install/setup.zsh'
