[0.015s] Invoking command in '/home/kevin/Documents/Thrust_Control/plot_ws/build/thrust_msgs': CMAKE_PREFIX_PATH=${CMAKE_PREFIX_PATH}:/home/kevin/Documents/Thrust_Control/plot_ws/install/thrust_plot:/opt/ros/galactic /usr/bin/cmake --build /home/kevin/Documents/Thrust_Control/plot_ws/build/thrust_msgs -- -j8 -l8
[0.043s] -- Found ament_cmake: 1.1.5 (/opt/ros/galactic/share/ament_cmake/cmake)
[0.071s] -- Found PythonInterp: /usr/bin/python3 (found suitable version "3.8.10", minimum required is "3") 
[0.071s] -- Using PYTHON_EXECUTABLE: /usr/bin/python3
[0.128s] -- Override CMake install command with custom implementation using symlinks instead of copying resources
[0.136s] -- Found ament_lint_auto: 0.10.7 (/opt/ros/galactic/share/ament_lint_auto/cmake)
[0.197s] -- Found rosidl_default_generators: 1.1.1 (/opt/ros/galactic/share/rosidl_default_generators/cmake)
[0.200s] -- Using all available rosidl_typesupport_c: rosidl_typesupport_fastrtps_c;rosidl_typesupport_introspection_c
[0.203s] -- Found rosidl_adapter: 2.2.2 (/opt/ros/galactic/share/rosidl_adapter/cmake)
[0.332s] -- Using all available rosidl_typesupport_cpp: rosidl_typesupport_fastrtps_cpp;rosidl_typesupport_introspection_cpp
[0.355s] -- Found std_msgs: 2.2.4 (/opt/ros/galactic/share/std_msgs/cmake)
[0.412s] -- Found PythonInterp: /usr/bin/python3 (found version "3.8.10") 
[0.510s] -- Found ament_cmake_ros: 0.9.2 (/opt/ros/galactic/share/ament_cmake_ros/cmake)
[0.680s] -- Using all available rosidl_typesupport_c: rosidl_typesupport_fastrtps_c;rosidl_typesupport_introspection_c
[0.743s] -- Using all available rosidl_typesupport_cpp: rosidl_typesupport_fastrtps_cpp;rosidl_typesupport_introspection_cpp
[0.772s] -- Found PythonInterp: /usr/bin/python3 (found suitable version "3.8.10", minimum required is "3.5") 
[0.772s] -- Found python_cmake_module: 0.8.1 (/opt/ros/galactic/share/python_cmake_module/cmake)
[0.800s] -- Using PYTHON_EXECUTABLE: /usr/bin/python3
[0.800s] -- Using PYTHON_INCLUDE_DIRS: /usr/include/python3.8
[0.800s] -- Using PYTHON_LIBRARIES: /usr/lib/x86_64-linux-gnu/libpython3.8.so
[0.842s] -- Added test 'copyright' to check source files copyright and LICENSE
[0.843s] -- Added test 'lint_cmake' to check CMake code style
[0.844s] -- Added test 'xmllint' to check XML markup files
[0.850s] -- Configuring done
[0.894s] -- Generating done
[0.897s] -- Build files have been written to: /home/kevin/Documents/Thrust_Control/plot_ws/build/thrust_msgs
[0.931s] [  3%] Built target thrust_msgs__cpp
[0.931s] [ 12%] Built target thrust_msgs__rosidl_generator_c
[0.955s] [ 32%] Built target thrust_msgs__rosidl_typesupport_c
[0.955s] [ 32%] Built target thrust_msgs__rosidl_typesupport_introspection_c
[0.957s] [ 41%] Built target thrust_msgs__rosidl_typesupport_cpp
[0.959s] [ 51%] Built target thrust_msgs__rosidl_typesupport_introspection_cpp
[0.967s] [ 61%] Built target thrust_msgs__rosidl_typesupport_fastrtps_cpp
[0.993s] [ 70%] Built target thrust_msgs__rosidl_typesupport_fastrtps_c
[1.013s] [ 70%] Built target thrust_msgs
[1.034s] [ 74%] Built target thrust_msgs__py
[1.060s] [ 80%] Built target thrust_msgs__python
[1.086s] [100%] Built target thrust_msgs__rosidl_typesupport_c__pyext
[1.086s] [100%] Built target thrust_msgs__rosidl_typesupport_introspection_c__pyext
[1.086s] [100%] Built target thrust_msgs__rosidl_typesupport_fastrtps_c__pyext
[1.099s] Invoked command in '/home/kevin/Documents/Thrust_Control/plot_ws/build/thrust_msgs' returned '0': CMAKE_PREFIX_PATH=${CMAKE_PREFIX_PATH}:/home/kevin/Documents/Thrust_Control/plot_ws/install/thrust_plot:/opt/ros/galactic /usr/bin/cmake --build /home/kevin/Documents/Thrust_Control/plot_ws/build/thrust_msgs -- -j8 -l8
[1.155s] Invoking command in '/home/kevin/Documents/Thrust_Control/plot_ws/build/thrust_msgs': CMAKE_PREFIX_PATH=${CMAKE_PREFIX_PATH}:/home/kevin/Documents/Thrust_Control/plot_ws/install/thrust_plot:/opt/ros/galactic /usr/bin/cmake --install /home/kevin/Documents/Thrust_Control/plot_ws/build/thrust_msgs
[1.163s] -- Install configuration: ""
[1.164s] -- Execute custom install script
[1.164s] -- Up-to-date symlink: /home/kevin/Documents/Thrust_Control/plot_ws/install/thrust_msgs/share/ament_index/resource_index/rosidl_interfaces/thrust_msgs
[1.165s] -- Up-to-date symlink: /home/kevin/Documents/Thrust_Control/plot_ws/install/thrust_msgs/include/thrust_msgs/msg/detail/thrust__functions.h
[1.165s] -- Up-to-date symlink: /home/kevin/Documents/Thrust_Control/plot_ws/install/thrust_msgs/include/thrust_msgs/msg/detail/thrust__struct.h
[1.165s] -- Up-to-date symlink: /home/kevin/Documents/Thrust_Control/plot_ws/install/thrust_msgs/include/thrust_msgs/msg/detail/thrust__type_support.h
[1.166s] -- Up-to-date symlink: /home/kevin/Documents/Thrust_Control/plot_ws/install/thrust_msgs/include/thrust_msgs/msg/rosidl_generator_c__visibility_control.h
[1.166s] -- Up-to-date symlink: /home/kevin/Documents/Thrust_Control/plot_ws/install/thrust_msgs/include/thrust_msgs/msg/thrust.h
[1.166s] -- Up-to-date symlink: /home/kevin/Documents/Thrust_Control/plot_ws/install/thrust_msgs/share/thrust_msgs/environment/library_path.sh
[1.166s] -- Up-to-date symlink: /home/kevin/Documents/Thrust_Control/plot_ws/install/thrust_msgs/share/thrust_msgs/environment/library_path.dsv
[1.167s] -- Up-to-date symlink: /home/kevin/Documents/Thrust_Control/plot_ws/install/thrust_msgs/include/thrust_msgs/msg/detail/thrust__rosidl_typesupport_fastrtps_c.h
[1.167s] -- Up-to-date symlink: /home/kevin/Documents/Thrust_Control/plot_ws/install/thrust_msgs/include/thrust_msgs/msg/rosidl_typesupport_fastrtps_c__visibility_control.h
[1.168s] -- Up-to-date symlink: /home/kevin/Documents/Thrust_Control/plot_ws/install/thrust_msgs/lib/libthrust_msgs__rosidl_typesupport_fastrtps_c.so
[1.169s] -- Up-to-date symlink: /home/kevin/Documents/Thrust_Control/plot_ws/install/thrust_msgs/include/thrust_msgs/msg/detail/thrust__rosidl_typesupport_fastrtps_cpp.hpp
[1.169s] -- Up-to-date symlink: /home/kevin/Documents/Thrust_Control/plot_ws/install/thrust_msgs/include/thrust_msgs/msg/rosidl_typesupport_fastrtps_cpp__visibility_control.h
[1.169s] -- Up-to-date symlink: /home/kevin/Documents/Thrust_Control/plot_ws/install/thrust_msgs/lib/libthrust_msgs__rosidl_typesupport_fastrtps_cpp.so
[1.170s] -- Up-to-date symlink: /home/kevin/Documents/Thrust_Control/plot_ws/install/thrust_msgs/include/thrust_msgs/msg/detail/thrust__rosidl_typesupport_introspection_c.h
[1.170s] -- Up-to-date symlink: /home/kevin/Documents/Thrust_Control/plot_ws/install/thrust_msgs/include/thrust_msgs/msg/rosidl_typesupport_introspection_c__visibility_control.h
[1.171s] -- Up-to-date symlink: /home/kevin/Documents/Thrust_Control/plot_ws/install/thrust_msgs/include/thrust_msgs/msg/detail/thrust__builder.hpp
[1.171s] -- Up-to-date symlink: /home/kevin/Documents/Thrust_Control/plot_ws/install/thrust_msgs/include/thrust_msgs/msg/detail/thrust__struct.hpp
[1.171s] -- Up-to-date symlink: /home/kevin/Documents/Thrust_Control/plot_ws/install/thrust_msgs/include/thrust_msgs/msg/detail/thrust__traits.hpp
[1.171s] -- Up-to-date symlink: /home/kevin/Documents/Thrust_Control/plot_ws/install/thrust_msgs/include/thrust_msgs/msg/thrust.hpp
[1.172s] -- Up-to-date symlink: /home/kevin/Documents/Thrust_Control/plot_ws/install/thrust_msgs/include/thrust_msgs/msg/detail/thrust__rosidl_typesupport_introspection_cpp.hpp
[1.172s] -- Up-to-date symlink: /home/kevin/Documents/Thrust_Control/plot_ws/install/thrust_msgs/share/thrust_msgs/environment/pythonpath.sh
[1.173s] -- Up-to-date symlink: /home/kevin/Documents/Thrust_Control/plot_ws/install/thrust_msgs/share/thrust_msgs/environment/pythonpath.dsv
[1.173s] -- Up-to-date symlink: /home/kevin/Documents/Thrust_Control/plot_ws/install/thrust_msgs/lib/python3.8/site-packages/thrust_msgs/__init__.py
[1.173s] -- Up-to-date symlink: /home/kevin/Documents/Thrust_Control/plot_ws/install/thrust_msgs/lib/python3.8/site-packages/thrust_msgs/msg/__init__.py
[1.174s] -- Up-to-date symlink: /home/kevin/Documents/Thrust_Control/plot_ws/install/thrust_msgs/lib/python3.8/site-packages/thrust_msgs/msg/_thrust.py
[1.174s] -- Up-to-date symlink: /home/kevin/Documents/Thrust_Control/plot_ws/install/thrust_msgs/lib/python3.8/site-packages/thrust_msgs/thrust_msgs_s__rosidl_typesupport_fastrtps_c.cpython-38-x86_64-linux-gnu.so
[1.174s] -- Up-to-date symlink: /home/kevin/Documents/Thrust_Control/plot_ws/install/thrust_msgs/lib/python3.8/site-packages/thrust_msgs/thrust_msgs_s__rosidl_typesupport_introspection_c.cpython-38-x86_64-linux-gnu.so
[1.175s] -- Up-to-date symlink: /home/kevin/Documents/Thrust_Control/plot_ws/install/thrust_msgs/lib/python3.8/site-packages/thrust_msgs/thrust_msgs_s__rosidl_typesupport_c.cpython-38-x86_64-linux-gnu.so
[1.175s] -- Up-to-date symlink: /home/kevin/Documents/Thrust_Control/plot_ws/install/thrust_msgs/lib/libthrust_msgs__python.so
[1.176s] -- Up-to-date symlink: /home/kevin/Documents/Thrust_Control/plot_ws/install/thrust_msgs/share/thrust_msgs/msg/Thrust.idl
[1.176s] -- Up-to-date symlink: /home/kevin/Documents/Thrust_Control/plot_ws/install/thrust_msgs/share/thrust_msgs/msg/Thrust.msg
[1.176s] -- Up-to-date symlink: /home/kevin/Documents/Thrust_Control/plot_ws/install/thrust_msgs/share/ament_index/resource_index/package_run_dependencies/thrust_msgs
[1.177s] -- Up-to-date symlink: /home/kevin/Documents/Thrust_Control/plot_ws/install/thrust_msgs/share/ament_index/resource_index/parent_prefix_path/thrust_msgs
[1.177s] -- Up-to-date symlink: /home/kevin/Documents/Thrust_Control/plot_ws/install/thrust_msgs/share/thrust_msgs/environment/ament_prefix_path.sh
[1.177s] -- Up-to-date symlink: /home/kevin/Documents/Thrust_Control/plot_ws/install/thrust_msgs/share/thrust_msgs/environment/ament_prefix_path.dsv
[1.178s] -- Up-to-date symlink: /home/kevin/Documents/Thrust_Control/plot_ws/install/thrust_msgs/share/thrust_msgs/environment/path.sh
[1.178s] -- Up-to-date symlink: /home/kevin/Documents/Thrust_Control/plot_ws/install/thrust_msgs/share/thrust_msgs/environment/path.dsv
[1.178s] -- Up-to-date symlink: /home/kevin/Documents/Thrust_Control/plot_ws/install/thrust_msgs/share/thrust_msgs/local_setup.bash
[1.179s] -- Up-to-date symlink: /home/kevin/Documents/Thrust_Control/plot_ws/install/thrust_msgs/share/thrust_msgs/local_setup.sh
[1.179s] -- Up-to-date symlink: /home/kevin/Documents/Thrust_Control/plot_ws/install/thrust_msgs/share/thrust_msgs/local_setup.zsh
[1.179s] -- Up-to-date symlink: /home/kevin/Documents/Thrust_Control/plot_ws/install/thrust_msgs/share/thrust_msgs/local_setup.dsv
[1.180s] -- Symlinking: /home/kevin/Documents/Thrust_Control/plot_ws/install/thrust_msgs/share/thrust_msgs/package.dsv
[1.189s] -- Up-to-date symlink: /home/kevin/Documents/Thrust_Control/plot_ws/install/thrust_msgs/share/ament_index/resource_index/packages/thrust_msgs
[1.189s] -- Up-to-date symlink: /home/kevin/Documents/Thrust_Control/plot_ws/install/thrust_msgs/share/thrust_msgs/cmake/rosidl_cmake-extras.cmake
[1.189s] -- Up-to-date symlink: /home/kevin/Documents/Thrust_Control/plot_ws/install/thrust_msgs/share/thrust_msgs/cmake/ament_cmake_export_dependencies-extras.cmake
[1.189s] -- Up-to-date symlink: /home/kevin/Documents/Thrust_Control/plot_ws/install/thrust_msgs/share/thrust_msgs/cmake/ament_cmake_export_libraries-extras.cmake
[1.190s] -- Up-to-date symlink: /home/kevin/Documents/Thrust_Control/plot_ws/install/thrust_msgs/share/thrust_msgs/cmake/ament_cmake_export_targets-extras.cmake
[1.190s] -- Up-to-date symlink: /home/kevin/Documents/Thrust_Control/plot_ws/install/thrust_msgs/share/thrust_msgs/cmake/ament_cmake_export_include_directories-extras.cmake
[1.191s] -- Up-to-date symlink: /home/kevin/Documents/Thrust_Control/plot_ws/install/thrust_msgs/share/thrust_msgs/cmake/rosidl_cmake_export_typesupport_libraries-extras.cmake
[1.191s] -- Up-to-date symlink: /home/kevin/Documents/Thrust_Control/plot_ws/install/thrust_msgs/share/thrust_msgs/cmake/rosidl_cmake_export_typesupport_targets-extras.cmake
[1.191s] -- Up-to-date symlink: /home/kevin/Documents/Thrust_Control/plot_ws/install/thrust_msgs/share/thrust_msgs/cmake/thrust_msgsConfig.cmake
[1.191s] -- Up-to-date symlink: /home/kevin/Documents/Thrust_Control/plot_ws/install/thrust_msgs/share/thrust_msgs/cmake/thrust_msgsConfig-version.cmake
[1.192s] -- Up-to-date symlink: /home/kevin/Documents/Thrust_Control/plot_ws/install/thrust_msgs/share/thrust_msgs/package.xml
[1.192s] -- Up-to-date: /home/kevin/Documents/Thrust_Control/plot_ws/install/thrust_msgs/lib/libthrust_msgs__rosidl_generator_c.so
[1.192s] -- Up-to-date: /home/kevin/Documents/Thrust_Control/plot_ws/install/thrust_msgs/lib/libthrust_msgs__rosidl_typesupport_introspection_c.so
[1.193s] -- Up-to-date: /home/kevin/Documents/Thrust_Control/plot_ws/install/thrust_msgs/lib/libthrust_msgs__rosidl_typesupport_c.so
[1.193s] -- Up-to-date: /home/kevin/Documents/Thrust_Control/plot_ws/install/thrust_msgs/lib/libthrust_msgs__rosidl_typesupport_introspection_cpp.so
[1.194s] -- Up-to-date: /home/kevin/Documents/Thrust_Control/plot_ws/install/thrust_msgs/lib/libthrust_msgs__rosidl_typesupport_cpp.so
[1.224s] Compiling '/home/kevin/Documents/Thrust_Control/plot_ws/install/thrust_msgs/lib/python3.8/site-packages/thrust_msgs/__init__.py'...
[1.229s] -- Up-to-date: /home/kevin/Documents/Thrust_Control/plot_ws/install/thrust_msgs/share/thrust_msgs/cmake/thrust_msgs__rosidl_generator_cExport.cmake
[1.229s] -- Installing: /home/kevin/Documents/Thrust_Control/plot_ws/install/thrust_msgs/share/thrust_msgs/cmake/thrust_msgs__rosidl_generator_cExport-noconfig.cmake
[1.230s] -- Up-to-date: /home/kevin/Documents/Thrust_Control/plot_ws/install/thrust_msgs/share/thrust_msgs/cmake/thrust_msgs__rosidl_typesupport_introspection_cExport.cmake
[1.230s] -- Installing: /home/kevin/Documents/Thrust_Control/plot_ws/install/thrust_msgs/share/thrust_msgs/cmake/thrust_msgs__rosidl_typesupport_introspection_cExport-noconfig.cmake
[1.230s] -- Up-to-date: /home/kevin/Documents/Thrust_Control/plot_ws/install/thrust_msgs/share/thrust_msgs/cmake/thrust_msgs__rosidl_typesupport_cExport.cmake
[1.230s] -- Installing: /home/kevin/Documents/Thrust_Control/plot_ws/install/thrust_msgs/share/thrust_msgs/cmake/thrust_msgs__rosidl_typesupport_cExport-noconfig.cmake
[1.230s] -- Up-to-date: /home/kevin/Documents/Thrust_Control/plot_ws/install/thrust_msgs/share/thrust_msgs/cmake/thrust_msgs__rosidl_generator_cppExport.cmake
[1.230s] -- Up-to-date: /home/kevin/Documents/Thrust_Control/plot_ws/install/thrust_msgs/share/thrust_msgs/cmake/thrust_msgs__rosidl_typesupport_introspection_cppExport.cmake
[1.231s] -- Installing: /home/kevin/Documents/Thrust_Control/plot_ws/install/thrust_msgs/share/thrust_msgs/cmake/thrust_msgs__rosidl_typesupport_introspection_cppExport-noconfig.cmake
[1.231s] -- Up-to-date: /home/kevin/Documents/Thrust_Control/plot_ws/install/thrust_msgs/share/thrust_msgs/cmake/thrust_msgs__rosidl_typesupport_cppExport.cmake
[1.231s] -- Installing: /home/kevin/Documents/Thrust_Control/plot_ws/install/thrust_msgs/share/thrust_msgs/cmake/thrust_msgs__rosidl_typesupport_cppExport-noconfig.cmake
[1.234s] Invoked command in '/home/kevin/Documents/Thrust_Control/plot_ws/build/thrust_msgs' returned '0': CMAKE_PREFIX_PATH=${CMAKE_PREFIX_PATH}:/home/kevin/Documents/Thrust_Control/plot_ws/install/thrust_plot:/opt/ros/galactic /usr/bin/cmake --install /home/kevin/Documents/Thrust_Control/plot_ws/build/thrust_msgs
